read done
open file:16439
414
18655
1895
51449
561
2260
22648
51546
17269
429
7241
414
51624
49798
30176
100841
396
34589
1973
457
11479
537
77635
46147
432
7225
430
22754
21860
99313
51698
412
21170
22715
7436
34549
49737
101672
98115
19941
5901
96895
360
110
49993
21928
504
423
34098
46067
2966
34821
4866
11605
436
770
21437
21997
30657
7985
22092
33836
6794
476
101409
73873
453
22719
209
38115
394
6721
37191
38429
933
22141
431
15595
20307
4508
39656
6843
21876
4385
541
38568
21868
6834
4579
2957
99636
424
103162
102743
8345
50252
90
51861
22314
46844
8266
23712
104370
39375
51220
98509
39081
23339
8096
447
23325
17146
2078
1819
50391
22058
6752
22904
6443
9510
22974
46318
967
15432
23474
100067
57810
347
106580
380
24307
6550
21914
23539
4413
24070
416
24151
8125
6467
108002
25412
23502
1882
17720
110441
41319
22276
273
1962
83156
805
32034
1210
23804
40471
8499
52518
99130
40465
40619
36448
103844
22682
82999
8072
12008
35281
22084
40164
99907
40437
40350
104183
99460
76376
15558
6824
35668
8887
149
40262
40482
16428
34848
534
7606
40595
30674
40198
3094
4707
4608
23815
37376
23122
103426
870
7522
40737
182
21632
7005
102286
100450
21573
35210
40312
40352
47627
2617
40454
51170
40381
40491
40298
23195
1751
7015
47188
6361
650
40425
51250
102548
51060
7024
555
8794
87280
6509
6271
31118
21082
20576
4372
34843
22601
6856
11435
20650
626
101663
811
22409
11698
40844
40368
40981
41366
6740
40821
41062
107974
100675
47226
51285
7453
50997
40287
100887
1042
5332
509
41126
15120
40816
7749
100957
41037
7281
21513
7097
8416
8797
6921
6860
8458
8257
9992
1970
21759
8870
21067
6027
519
52669
40137
4272
245
527
6554
9928
6877
7522
20772
4614
6576
4441
871
48582
23740
41319
4641
423
23581
48262
608
8315
54379
101188
47367
35822
4445
1092
21740
105397
472
40957
23500
21828
51419
6513
922
6841
102271
109222
102543
102535
22213
41102
8681
23644
22493
81437
46798
683
105307
31243
4864
4545
52779
1688
4292
8116
21977
2168
11865
52792
8148
108245
35985
2420
35913
8129
8054
109963
8062
503
18594
170
8435
16043
86458
8648
12563
589
4235
53596
31469
109533
755
16065
6565
32444
47351
3350
860
102493
36489
846
24149
2365
853
423
2944
1337
135
53017
31470
23566
18391
7108
6773
7229
47797
36647
1388
23802
23895
23804
104785
61
107592
891
104300
35988
40217
6602
2263
36968
728
107157
110646
35742
446
9171
31251
456
37958
462
302
1725
104853
47961
430
104372
85039
21850
8676
7987
1298
7986
8182
4929
4903
1380
21639
472
461
550
4737
202
109456
103095
5909
186
2331
22732
7524
47535
1709
22558
949
37185
691
12190
48952
7432
12306
104678
104099
892
6516
4520
54029
807
12003
357
6622
54014
103338
18012
12064
12201
104981
12139
22509
1047
11986
31406
12193
12039
2775
1045
12061
12161
12010
12023
6875
377
11945
20831
540
426
18020
11932
17713
52852
12116
12117
11953
4387
12104
11964
12019
12029
925
12064
11960
22642
11987
85991
52931
12102
12085
12138
11980
12603
12027
570
2259
79039
12110
108795
11975
52540
12001
109759
86585
18088
483
11977
11919
1630
106034
4970
12265
5028
12348
86325
31739
12158
12033
11803
11853
11834
11779
11836
1238
15990
11949
11905
11832
6495
11968
11931
20566
11885
36526
104213
48202
12114
6909
460
12266
11980
213
4467
12001
11956
437
12064
11978
11968
88073
6794
12091
12187
6531
12020
11939
5740
12056
11926
11897
839
11925
11858
2548
11930
452
1784
112007
6913
12376
12157
36275
16683
12342
86620
8160
11882
11848
11888
11878
104808
100
22139
11870
11825
11837
11865
816
36548
15808
8180
492
1586
11990
8196
22736
12005
11889
91375
12383
12101
12192
12101
12099
12005
24160
12145
12294
876
12060
12027
12429
12115
18342
12218
7648
12183
37236
12287
1702
2269
12553
2768
32585
21216
12069
12060
18295
12121
12081
38470
32513
12210
12125
16931
8790
12376
12289
13658
23437
40840
12435
12318
12254
12316
12294
12211
12419
4844
12364
12265
12195
87031
24296
87465
12212
12155
4760
12165
12091
107506
12063
12018
20856
6829
12044
11930
11929
11914
11864
105396
24975
49393
12189
12177
16459
18104
11990
21522
12029
12003
22034
519
12023
11995
11907
12033
11939
17927
12054
11950
11928
15898
24590
4494
23028
11958
11924
11873
2355
11921
11882
11891
12377
11864
11881
16024
516
11991
6606
12213
81166
12269
12079
32740
4971
12452
12205
12151
8985
23334
12242
6028
8760
7451
23363
110012
12226
12215
637
22284
12166
1597
12206
12148
12136
4903
38037
4718
12415
12200
2393
108094
12146
108765
12012
37613
12169
11987
12010
11968
55071
21831
12374
23320
6426
12319
89191
12383
12337
12286
12204
23429
12278
7678
12555
4765
12381
428
37861
12398
43324
4719
49913
12555
111192
12068
10059
12161
12008
12012
93174
16473
12383
1740
3021
12589
926
12368
12354
12267
21949
12312
38337
55318
12291
12175
12127
518
12194
12127
21269
12381
107514
1603
971
1096
12624
12339
12321
12285
12400
6549
12624
42826
42843
12654
453
12463
456
12341
109752
12079
2087
12031
12020
42758
12294
12149
49290
12452
12367
12166
12267
12146
50278
12203
6892
12253
12094
12104
12054
12056
12216
12054
11972
12103
12049
12003
12024
12029
54698
12484
7053
8387
12521
12431
107735
12123
12045
12039
12053
8463
12013
167
11988
12162
4468
7590
42414
42446
76721
54646
19416
12172
2060
37686
1386
16691
32297
12114
12043
49859
12267
12155
12067
549
32200
12059
12044
12033
12109
12062
12064
110359
42237
50618
12402
12206
50813
55171
12544
12480
21769
50947
12410
50870
958
12504
12375
12300
36695
43989
12153
12146
12062
238
108313
12380
12325
12300
6906
8610
12450
43997
43983
12413
43667
44017
12531
12459
6597
12473
44005
997
12476
12393
12270
12366
12512
12449
12467
7782
12471
12384
44350
117508
12661
22858
43577
110639
51074
12271
12235
12155
12125
12095
43838
16984
12355
12417
12497
12305
12268
241
12246
7095
12284
2018
12523
12313
12206
12228
12182
43710
12228
981
23510
8748
43149
12322
40308
12384
12305
50451
22452
12371
12197
57288
50739
12365
12292
12286
12455
25207
12445
56269
109619
1064
12542
25530
648
12435
12275
12247
12217
44183
34219
33994
12536
12416
44545
12467
12360
90745
7351
43280
1119
12574
1424
12458
113991
43343
12163
12028
12043
7282
56179
12882
8405
12359
21881
12438
12374
43681
12446
1303
8521
358
12435
12223
12244
12204
12358
111045
12361
12324
8356
174
12340
111017
12385
10146
943
12297
12230
24448
1375
12397
12305
12264
12263
757
1376
43462
12435
44149
12465
90822
7183
12633
12351
12360
85526
23751
801
12451
12498
57451
12908
12784
43181
12619
4757
39472
12724
12709
12671
46709
12906
12947
44747
12322
12347
12213
10078
12148
57138
7605
57437
12427
12457
12359
12332
12305
12239
12212
12231
12463
12264
12293
57250
12805
6398
24446
12783
12627
12605
9052
112137
12383
12325
12370
7472
289
12503
38743
12619
12326
23429
970
12629
114019
21719
770
51836
12330
1105
12523
257
12305
12386
263
111333
12566
12619
24879
284
12659
12579
12483
12444
111758
12724
12831
25059
12586
23758
43497
12779
111784
12587
39567
4554
728
12742
824
12544
436
33678
12303
12324
118326
12354
742
12372
12502
12300
21967
12301
12295
23751
12617
12483
12403
12379
12352
2013
1035
7681
12503
12367
22246
6348
501
12532
12333
1240
12326
12229
25191
12397
12355
12259
12400
306
12239
12331
12270
12707
12287
12338
12291
91677
233
12578
8595
12452
12299
12354
12479
12262
12317
12278
721
3265
12493
9016
12493
52868
12697
12521
12447
12459
12577
52234
12550
12371
12406
993
12380
12383
12343
12326
12298
12266
39759
12589
12597
12553
12397
12480
12340
92908
12763
12949
12650
12702
114566
12475
2958
12628
12458
12655
12644
12324
44380
8529
12497
12414
121973
12444
44945
1930
39644
12629
12539
465
114073
12397
12428
725
348
12461
113028
12688
12513
12573
12534
12489
12455
12419
12549
629
6776
12581
2972
749
12773
12538
12686
12546
12528
12507
5734
12647
149
12562
2014
460
12707
707
12581
12577
12532
12596
2821
12616
12572
12570
8555
74
12853
92888
12650
12635
39857
12835
12657
19383
24346
17300
12728
12704
12697
12727
12607
6684
12821
12628
58155
12634
12646
12608
51873
12680
12651
12642
12576
40020
12735
12456
12365
23716
926
12507
23712
85659
12547
12692
12446
12412
12418
156
12358
40109
12564
8566
122737
12717
12608
12675
12660
12579
413
19162
12521
12512
12397
12496
12385
24293
12783
12678
12660
12929
12669
12540
16996
44903
4529
12871
17356
12715
12658
12442
12475
12405
12442
12324
167
12351
12461
21964
25058
12651
482
8656
12578
12736
12472
12581
521
12552
25816
12613
25494
12776
12467
12572
657
12556
8877
12658
12472
45081
6708
44457
49200
45813
13034
12880
12702
449
1594
12883
465
544
12630
12555
12492
684
12516
61076
12695
6673
529
12775
94956
12655
45590
12738
12638
12385
114962
12563
52297
12732
12816
12483
12567
12558
115992
12738
12611
12731
24263
119362
12776
12675
46018
12694
5803
12751
12542
12500
9296
12583
45565
9050
117650
12709
12752
12688
12704
12691
2956
92
12864
116410
45209
12903
431
12837
12793
21552
13061
1298
46440
12961
26079
7004
6449
96021
45500
119639
45065
12732
12840
12603
12670
12589
7509
12777
11010
7252
9062
52775
45034
12616
12721
12658
6864
96601
17368
12876
12805
46157
120765
12652
12834
114880
12846
12860
12775
12980
46233
17645
12764
46335
19833
4772
1016
17671
46357
12679
22702
465
12489
12541
41377
24422
46709
13130
1400
809
46817
374
12998
12832
10832
41026
12892
12929
48973
163
8888
122348
96056
45636
12869
4517
24955
12919
12730
9201
9128
59512
97070
736
12537
12530
12455
12603
12473
12428
12372
25912
46046
397
46534
12967
46872
625
13007
12992
120196
12897
6323
13302
17564
12722
12770
12805
12686
23013
12699
9260
26233
13030
47254
13153
102
1053
13318
2277
6101
13432
13135
757
13321
13168
721
13312
26781
117078
12891
12928
12898
117000
25781
12713
89132
473
19677
12949
12735
8009
12707
46426
12893
13065
12772
12968
12860
19960
13073
13147
13382
743
744
647
25299
13048
13030
12875
6809
13145
63940
13105
13078
121691
6883
13157
13229
341
60544
46408
122441
116832
12832
12814
45990
12935
13091
119455
42095
13089
13158
69562
127286
119877
12554
40930
12918
554
9306
388
118918
12956
12847
4532
26514
60196
1592
126822
89008
12777
121025
4548
357
637
13171
478
12762
12639
12820
45081
12957
54670
13104
7014
47100
8650
12871
631
12712
12680
256
46647
12781
2391
13032
12883
121694
25607
101532
91706
34924
54732
13059
12913
12667
17208
12795
648
12913
12735
1995
314
13011
12745
12750
624
41878
2217
619
564
26324
22870
12480
12256
97326
9005
24321
117984
491
19945
60876
41374
121388
126895
400
41602
119704
24863
24523
410
1695
61536
1091
13306
641
2748
328
963
46028
41254
2218
26532
194
17148
7904
1046
333
23613
466
47302
2017
25604
587
23929
19868
16704
342
770
55062
54751
24787
6876
705
304
8761
8779
432
8740
23059
23149
433
7807
2791
6025
36756
1629
56627
46121
18041
27129
42607
109
27175
26728
9693
472
61683
99500
1072
1434
16849
7174
13176
2931
36088
25446
1083
9079
447
12987
62269
42912
13372
10648
4563
25284
26868
8586
23884
26865
461
186
25851
102160
16902
502
333
125472
103456
9413
4857
23649
2023
26468
17569
25397
1297
7232
13227
1364
480
13172
502
13111
6901
42023
13113
492
13163
43340
6856
56179
121041
26737
61234
13126
36612
107645
25823
42586
401
56430
62225
18662
420
44199
415
9924
12346
13553
8325
43744
122310
13044
23718
42732
13429
13286
13176
13461
61259
8050
26680
43502
25706
495
8395
5008
2246
5004
37381
13296
7234
9310
92960
5038
36756
13505
43406
56857
13361
56159
1005
122624
9251
13383
8715
36156
580
13560
46591
96578
125593
10751
133187
449
62102
130
9556
36706
62408
13449
9621
4668
4441
686
8429
25938
13473
13326
13240
6747
13418
13206
18050
13362
9872
43407
13520
13346
61623
13046
25366
13465
212
13524
43081
55992
23504
25239
49032
42853
9716
3540
8128
27546
25942
417
20448
25060
65504
23018
2236
13189
57135
48576
13575
859
44361
13679
36943
4631
9134
48786
46791
13375
27965
7052
8895
62798
4693
1334
18495
49148
25055
48953
123187
96206
19755
62118
20402
4522
6884
48234
6101
42525
123422
529
47589
26986
62474
47953
130969
61611
61943
36642
2309
47906
48282
25956
49046
48551
25841
23398
49309
132956
27216
48658
47276
508
23356
1601
17745
9314
48456
8850
43665
63152
490
811
63124
13381
823
136230
13103
5157
410
9507
28046
6042
127278
6871
27773
36944
13409
14174
48997
13278
63217
61545
48172
445
4821
125022
4585
452
9640
49240
418
9644
210
63381
66435
37479
13583
128962
63357
7380
782
50424
63946
62744
4664
960
25551
613
11820
328
26382
63895
1408
128164
2756
127322
124825
18485
49833
641
21417
2399
111903
27222
287
44008
4570
63562
49415
9649
2388
1678
64296
62862
7345
916
9354
8734
134446
44262
68
451
65519
4366
28468
861
7542
1174
64369
49266
6118
1396
352
63656
8978
1586
369
67528
42584
480
520
49179
7104
126782
1083
26289
7128
418
9664
64423
50199
58177
26193
26380
6161
2516
9778
50615
7315
128368
24810
45281
21057
111353
811
44365
137087
58290
49744
58461
2026
50237
19692
28334
26533
8104
37871
129480
12793
27647
127988
10885
63516
36903
49533
28348
9484
710
112657
63542
6058
8394
132024
496
27544
482
26649
64341
28040
476
459
9902
475
6086
28256
27776
66163
692
66450
27789
64413
63719
1607
28338
28591
24414
45258
26645
129020
4462
5923
28623
64459
58817
28503
28875
18539
6738
28408
28104
28357
2341
29543
46501
129109
58131
48370
11760
23857
38119
45726
129056
9431
5021
299
132141
65409
102804
732
65768
438
19046
18713
131255
447
99664
64649
2017
728
131525
383
8881
24611
64540
978
449
58735
788
66059
24645
28080
65846
60367
2060
7488
547
27459
7969
59601
59914
2215
136597
1127
53088
27681
6386
39980
26816
26784
38899
107967
947
2032
19385
468
3208
27952
28974
130547
476
130692
25964
138075
128642
14068
9150
75203
10384
140763
64961
65982
21410
8662
5994
46652
694
22080
59928
8424
1863
130713
609
54085
344
19185
7393
364
970
28772
663
19603
93
6169
5894
2692
66284
27093
13913
7979
26486
28745
10254
424
39149
28645
9569
8002
59354
29833
29971
14226
145047
59351
65417
24623
28418
8112
13744
60666
26942
133654
26582
28468
6222
28628
13688
13588
65020
113709
6946
112074
387
13366
286
13580
19166
6159
9593
441
61116
67320
13820
66398
13781
2177
621
6469
134394
63795
9672
5126
2247
434
65151
69475
65586
27780
2222
7262
110504
128915
9471
113892
130560
427
13615
130431
8959
24274
64268
48807
131537
28558
135042
29177
60269
61433
23773
57002
133856
131332
109341
133458
1399
460
375
717
26385
7505
55523
5356
22385
9437
19753
13791
25685
21166
8630
46908
142709
69745
65
9737
28328
65928
1492
46469
117190
6398
416
51514
146527
8349
8060
147465
465
51417
74
19496
4738
19890
61010
108663
19013
68276
220
6317
51352
144138
110334
8189
29594
4521
2722
53313
101
52506
52982
9995
52671
118700
51113
67778
28051
110406
68550
10069
694
133587
119
29648
459
9859
52864
67125
8265
52881
14152
10837
2348
90
53493
52877
826
47504
10071
440
61989
462
422
135787
137649
8956
28730
67026
29165
52217
29226
1721
26569
51533
18708
17595
66661
38357
133413
265
24542
12246
51796
1980
53356
21950
781
7176
132840
485
8101
51307
4842
68300
484
9690
29301
687
47628
19311
29651
542
30154
3338
29658
136439
140295
28858
1273
29547
27462
27307
9896
29828
10010
29349
51906
9782
60378
28574
1996
67803
133726
29101
7314
52644
956
67193
52206
4795
52659
66167
51544
52062
7807
942
638
47545
66296
133010
67813
197
7681
7435
27313
474
2547
62671
1005
29525
61307
599
66973
133448
65457
411
50592
1352
29396
25914
47362
29256
45614
10783
552
27469
984
690
61316
39294
136075
499
558
127
39231
29181
144201
52079
46950
68141
52078
29086
67060
48603
68713
9479
497
446
2729
68294
549
41653
39576
27911
8527
7476
53138
62276
69196
47853
110906
680
61655
232
137306
482
27975
462
9672
416
530
327
436
41
69594
27061
405
26663
68178
27206
26022
10136
69063
67991
9310
69178
2024
27829
29747
49368
277
612
14785
2577
8664
138889
1088
141059
101654
467
28364
48526
10602
11520
2766
7348
47643
19585
28344
144141
61987
138832
24817
71802
26337
440
68610
2369
419
141472
441
135841
25621
18537
138135
7816
30023
19691
210
540
770
138557
61229
485
2065
7543
27369
10506
4231
433
688
7472
9988
62528
141691
139851
69087
69562
48225
14577
26918
27315
4004
147498
408
977
11610
68403
66844
71212
2006
118878
529
48604
396
807
8711
21958
6935
875
49449
69493
14498
151273
29641
73
49540
23011
6684
64088
6031
148945
433
21809
68795
29699
26000
5205
26161
137048
355
4344
6691
150832
438
9472
27759
29572
68976
67744
51051
51047
47329
6600
27376
40220
10006
48526
30421
28476
2167
2473
14818
30149
69879
143957
69501
42334
17837
47878
137410
69725
29253
8553
2151
28351
1047
41206
63473
63054
473
8828
29330
9076
69781
877
526
5398
5166
14588
137944
10784
8453
51864
464
90
15020
9902
105299
1356
41500
428
40603
424
14601
2029
30476
440
17091
2254
114578
69528
2855
388
8689
288
114289
10078
368
47442
146935
5459
45
5287
14692
48820
27492
15270
54363
8661
671
145729
1605
4586
54792
73410
53738
48901
53830
9585
5163
959
53226
7525
14271
360
28485
54539
8687
1035
27961
141494
69640
54
10025
30272
9410
54936
150466
62150
63594
137296
139410
28316
70583
70581
72823
54570
14532
414
983
1688
113590
441
63240
53694
55369
9282
1842
54950
10424
30334
142925
7810
71018
28234
55333
1584
71557
54038
71486
49131
397
484
54885
1095
9716
9658
70738
399
10242
8532
667
396
604
55285
55044
70831
54613
41541
8536
1375
19412
9923
28845
56222
29558
65679
1057
5166
31396
14725
64320
54903
54449
69859
70249
63821
41168
457
70936
4610
31265
143723
55256
400
2558
146
10222
7902
55233
27933
8416
48698
41669
2140
26636
7516
7144
30456
86
142511
2150
7901
28269
19564
50365
116708
193
21969
71560
86
71520
30264
27275
28157
27419
2082
7600
108544
428
143693
9953
69005
71095
115812
47768
54734
10025
7199
1336
429
12680
25322
433
70372
55583
49714
494
30887
492
101659
1067
402
150548
28558
26477
71451
64511
55079
14667
26759
188
111
7238
19866
26584
27714
54664
2995
116930
9845
41474
64667
125185
551
5205
468
42421
514
41984
12429
4814
2849
380
12350
12160
7692
9846
9328
7579
9270
7414
28784
154765
12060
660
54171
69791
10138
9601
7940
16082
70637
7358
70769
324
1354
50462
72582
8032
7076
49519
65242
61
70966
277
754
10217
108697
69751
144082
7448
28638
28417
9673
448
74793
352
1103
462
8663
156005
28809
72310
154837
64748
29307
50428
10195
145198
49086
34
20127
50537
22508
64750
870
28296
42397
73314
49870
7772
72348
28961
65708
103383
116212
708
144344
76489
23522
73613
117837
5252
71923
141788
72075
1307
71466
71778
951
71818
50584
744
23516
408
501
14934
42177
71040
55571
11385
30738
117572
71737
72031
27189
781
42144
19444
54618
53792
74643
30193
385
64458
9521
7060
9981
1332
887
31262
983
10377
71831
489
14671
392
72909
31082
457
72966
49857
467
73835
2398
2461
31519
10143
629
65595
145848
14527
9798
76001
14717
4629
71682
74550
8039
8031
51930
8734
5026
467
29271
70929
71611
40751
11141
22970
6423
10871
356
10067
147920
636
28509
10284
468
1614
10625
516
31486
852
4766
8058
12183
31147
7709
839
2838
12984
155531
63170
49835
31286
4625
72905
50443
29551
51202
149381
157937
144181
156
7919
6128
971
28465
50059
117796
8914
148926
4552
1619
73966
72619
683
1348
30003
42410
657
72256
7380
8670
43773
28240
41886
8802
455
57450
74224
123633
50019
5451
9113
27256
3912
9745
151014
9769
14553
9481
29063
451
303
57895
452
410
158002
1104
56652
463
57093
8993
73623
56751
13469
1182
154886
2439
73096
2530
30204
1308
11551
6425
43036
72871
121199
4776
42217
23425
57118
146276
30054
63066
121170
29516
56724
56810
303
78239
159219
56613
67737
7739
67654
10194
43156
1355
2522
6915
24011
51600
4885
10978
42555
56075
948
121427
149002
30626
23344
151914
10571
545
75279
30195
56420
55675
55822
56143
464
23481
74656
30860
56726
56981
1059
77699
2507
56736
146839
5148
477
10053
54534
110795
54384
22747
555
56825
7433
49782
72183
30577
65829
67473
51936
57423
27378
73956
1369
30223
984
67916
5293
431
74455
67036
65253
23884
10619
9081
57772
1707
56743
58124
58451
43900
2743
154175
169
5354
155125
145316
2000
32523
599
74814
29536
31758
647
1093
43619
74598
857
56472
67466
430
760
75210
17351
405
58308
105257
74130
6502
150326
1361
5395
74128
8129
72880
2011
30492
75020
10179
430
15144
117
153
52777
32208
1657
68071
67338
31714
486
2729
8442
1694
43328
393
11506
7399
8772
1657
73874
10341
4670
66091
73316
66385
6686
52351
28353
8883
446
52639
32488
30734
15148
73915
815
52382
52420
32090
78834
1809
688
57854
28031
1431
149289
74285
74870
195
605
30531
7534
57723
879
550
6936
20349
74760
8725
8442
1785
67043
30151
52450
24133
7788
6354
32022
7457
68077
428
455
2052
31017
28400
7780
43508
369
153397
4780
448
6629
74393
51757
28292
66942
74670
636
68
10499
68095
208
2864
152334
991
15516
29312
8233
8179
604
4765
8527
28145
7626
14834
30225
29296
2627
5038
74622
7636
10405
4264
650
76908
4033
74392
73508
74456
14663
1959
355
12263
29031
31285
26875
42655
7422
66889
181
7122
32211
75487
16302
7544
10374
422
75101
1319
154600
147059
72363
1289
61824
106
1599
30513
52335
8921
5243
6761
78121
29115
849
10376
8186
28482
4015
17337
9410
9885
419
76171
52810
29557
1966
29974
51377
19549
1610
30129
4848
73633
9671
667
427
367
67857
1405
56054
51124
206
1085
151859
74426
1302
5994
647
617
75961
208
970
75418
51667
8101
4747
75266
122002
15143
199
23128
32014
149538
8289
61875
77303
3994
6976
692
11056
29997
1315
76405
74953
4424
30906
30870
149831
5335
1337
5323
662
111603
20660
283
823
58415
32498
28334
75583
10067
866
5109
10318
76242
1055
1723
6023
15756
32856
9207
79115
53186
74661
278
32349
31752
32477
56045
52032
43664
53861
32996
32763
58617
398
32781
439
7169
32517
2467
29901
15394
2870
473
6914
10672
5003
659
32913
32501
58471
607
58584
112763
367
32989
44231
68336
620
857
9521
15434
57993
9184
5314
24690
396
54151
31748
31286
58589
480
971
79649
2281
238
75687
27974
59092
9509
24169
75965
32296
398
852
418
59694
33285
763
5028
422
57939
8975
74479
8759
59096
7715
393
32538
23117
30059
418
53408
57748
4881
44454
2506
57284
1605
424
59511
477
59096
29455
69
10966
10322
77107
162594
57021
57047
120556
10034
164417
28813
10436
3002
2063
58957
567
68809
74830
29077
58701
32441
58261
7964
380
31969
51619
1707
3843
44023
10937
57997
5554
58097
579
44953
51621
43934
7636
58316
2834
9688
82
476
55270
20681
23224
1851
164207
74789
5508
74834
690
4710
157021
31483
2438
1658
439
57352
42973
2466
151204
163365
9704
58306
1662
58855
1668
1949
4878
124578
6118
13292
9281
58731
58446
76074
155171
4288
21350
31040
59642
54557
202
7950
59970
11156
8531
29847
154645
30527
3064
15820
160876
68353
7633
15318
7412
28708
68292
53756
1636
800
47
15832
30868
53228
1715
68781
632
8344
32425
151645
29214
28313
14643
29345
75980
451
9027
2315
407
69
25005
33284
451
155468
426
154311
48
75565
7495
442
1899
54979
139012
2334
400
338
1934
140351
76445
57278
7270
44796
52585
1656
8340
74891
490
10580
10026
7189
449
7756
727
29386
69615
798
7129
31394
10965
537
33220
151535
2746
323
69868
53882
31738
30757
10650
155340
167964
75407
500
125021
6653
57823
76144
7516
54490
31111
9141
28998
554
7891
7138
2557
7486
57554
11926
68064
720
730
7622
44450
6639
1853
69211
600
136
31017
32774
4586
54707
51566
4867
31353
4684
832
29608
53601
154134
14352
4896
77244
75680
4888
10725
7917
31808
4925
418
6996
68780
121859
11575
322
73990
4815
167368
9754
14688
29662
486
5659
4760
136308
74892
3736
53897
10963
3841
11018
11139
1261
12254
7571
32523
74063
28780
24695
452
31
24485
125334
241
152761
15520
4934
652
54734
29425
155986
54525
463
441
31994
24559
468
45096
571
159460
158911
29413
152630
24855
33456
2365
25556
11229
44703
1612
1579
2038
55
77774
1593
389
827
31847
1743
42
33764
68939
75228
54395
58789
8142
813
69997
10434
8483
54369
57588
421
44734
30049
70900
165125
32870
7285
59244
59022
2583
8727
36785
33088
69324
8294
76926
598
166214
67750
69240
58882
278
58350
21473
60166
29047
60024
10913
60362
398
59934
9736
58874
4916
7890
29113
6965
8672
12166
8846
449
153119
23198
1860
997
60046
15935
31621
53934
70250
9188
435
15727
8972
1614
45795
70202
545
29194
58986
2036
60284
57403
58498
54398
385
9037
125830
5167
60071
54552
392
627
79265
2555
29492
7770
52495
44871
116172
2584
7536
33801
2091
60609
73
10300
717
29898
2034
5186
163319
59079
32513
782
59085
115879
425
5072
71251
54875
20853
78491
7174
2053
639
31497
60411
57754
199
58647
24277
166123
33047
12867
60171
7680
2560
77990
526
25100
64548
158371
28945
30575
11114
9736
154080
2394
158978
851
1609
5146
61126
31120
1408
29636
57625
516
798
388
2959
7196
55358
59029
15265
69850
32652
11331
866
57443
69241
3006
132871
33694
33328
155682
160613
70018
12838
77454
363
170147
69792
7233
24860
33550
851
158323
55295
137924
1861
33825
2761
12218
32072
2506
32406
34160
10924
70848
2332
8199
33706
157036
71403
33944
29728
60456
25387
55674
1701
7402
60463
33319
31543
28879
33345
595
467
386
155192
33793
33831
170417
11091
24211
10653
21219
413
20704
31477
126720
2121
697
378
60340
29217
965
7485
7956
962
7165
1361
15212
30344
32909
3013
33465
6913
15582
30219
67
1923
211
45535
80807
9560
32316
15521
470
399
5613
10743
19739
128519
2466
1919
7953
977
58558
424
44859
53671
7898
10046
10099
27815
70486
5008
15631
5114
783
4631
9432
29963
56232
406
5404
31693
70721
78683
81234
5435
33217
82759
81730
9013
30374
29786
4875
31262
15499
77519
77593
17817
77853
9106
453
721
803
10681
15440
6492
77822
7483
408
10322
1678
29409
31122
24420
7817
157777
33562
162797
78192
5810
572
347
6569
6678
2760
10150
31171
4963
412
78076
3022
8889
172799
75119
71324
993
7741
748
7370
89
2350
23991
10071
78705
431
54822
168691
12094
32546
1715
920
2931
34381
11710
78723
916
638
24338
156437
77925
69411
448
432
161874
7848
28655
426
78037
156772
205
8197
8775
761
29528
58430
33377
15493
52834
76766
53535
427
119
420
31851
77469
5171
84393
77979
52978
2384
9329
11326
55446
10478
159641
70310
123476
164492
29718
33822
5165
79802
30569
170260
4914
78592
159652
515
13181
478
1014
132409
55307
1967
5077
45600
2870
10955
500
10024
167524
31394
1031
78909
8513
78511
33366
33679
33245
156314
418
33981
33632
155951
463
33399
32973
79354
33222
33341
162200
32150
32716
77791
10789
403
169535
9193
7631
60822
1331
79120
162148
161060
4822
56763
9298
21483
938
71541
3036
71283
1933
448
10975
6746
45820
33522
78390
11183
4932
61852
129723
78939
78603
593
33891
34472
34595
138
34312
4383
10914
83355
78466
60905
55402
2388
34278
501
34258
2218
34335
4347
7601
71101
11006
593
12910
61964
45904
61123
170360
71977
15477
76937
60462
650
32049
61137
71470
45891
60955
60943
79761
60484
33500
10878
33430
252
33754
157977
60520
222
9675
8117
57096
8097
1703
61672
34043
33762
164268
7708
60737
15415
60336
60448
166526
61203
412
34528
167098
438
54355
4315
10199
60752
10447
15654
69904
78534
3022
30824
10613
64901
61344
34048
78899
61254
463
80544
132097
25
5105
9135
552
55630
31759
80120
1981
567
213
62
32657
55697
1554
162450
7506
79299
5797
440
61851
137731
7670
156936
70012
163400
78331
79040
79630
31233
32088
61712
427
10603
33654
1974
463
1033
449
161442
1040
79404
12607
166815
169133
46513
175468
216
32234
71697
79342
11614
60797
61120
33735
71690
31003
2601
5703
7189
173055
976
29783
79516
78750
61028
80641
10409
6703
346
21653
10196
6803
157546
167977
791
72248
71948
509
78745
254
856
32248
689
2492
130839
24334
7690
4913
139681
8009
726
6633
46266
55619
157951
84
438
52
47951
157567
6655
2435
60410
78822
649
45667
10406
55759
79930
31376
31433
143082
9847
78559
21165
7096
33415
60721
8548
334
31480
4900
84599
170076
223
54303
56056
9676
683
170145
44290
544
10763
24774
55111
11941
157592
15185
4802
45896
15118
437
58785
157438
225
129624
3387
433
79803
108
157658
24978
1605
5106
7835
7151
55935
169144
25617
9243
511
2075
174746
15718
7843
8172
1678
11345
3012
4452
57413
11265
6243
71926
71334
15627
170315
2751
5521
72653
31054
655
34230
72344
80855
3039
8292
159008
2244
66
9628
14830
9004
31662
34425
32401
6075
1190
80847
158638
130235
666
478
59584
33939
30259
32169
46481
13967
10921
144859
2274
80408
118874
71707
5084
5283
165988
167590
11368
5096
2075
162893
12882
157879
8168
157754
11178
85530
8633
1115
12766
87
160008
80664
4964
158816
2890
8741
161378
55354
89
80223
8724
1978
80743
175931
445
71493
79596
11913
161725
33513
990
9281
33670
78867
130095
54849
71730
54413
30430
159072
32512
78231
160339
1686
13160
418
961
2502
335
31342
982
29410
33137
1631
1597
59623
44253
8979
9845
8265
55620
3069
404
71265
10982
59587
78161
166217
55111
31841
465
1600
1595
118453
4878
733
59835
45481
392
4983
139791
1604
13242
8999
158616
28878
547
1342
10572
68
583
9838
10253
56605
56069
11527
31971
405
8417
29968
458
62317
778
11775
81004
32189
62151
61202
169729
31682
30801
170481
46491
9362
163066
138
11588
588
178484
80898
516
55112
268
159293
9197
62824
45378
11577
427
33894
11368
161994
61770
62179
32366
29876
56491
62388
6860
32337
61834
81304
34092
59514
61890
32595
60876
58843
11243
472
430
46891
169450
62210
62210
2909
72785
62253
62024
46356
61634
972
159070
84189
33869
8030
46284
4857
823
30675
80282
732
34255
61792
61710
59297
70135
62229
55718
56659
5234
31157
61501
10979
32165
11724
1365
461
31346
161288
24650
9445
535
165716
11130
169066
59420
10871
444
8555
161469
1696
59736
60470
31173
351
1861
135971
15231
663
56351
407
59080
566
31221
169599
7854
57029
77068
29267
1382
60632
15634
5830
9195
161151
2658
173434
60068
15424
158944
55863
5425
56300
160359
163552
61370
30440
2000
8562
7931
9981
8685
10249
7807
58195
7481
159799
9074
772
7677
131627
11198
341
29556
119331
5882
34460
11281
411
4625
74098
173356
15808
61943
11376
1382
651
4792
10965
535
59882
456
80731
8598
660
8626
1239
380
21442
131238
80172
421
71566
16156
164720
32203
10946
135078
1617
5159
1043
47214
32009
15162
1678
25847
7916
1948
150
34120
55920
32540
140
60266
80959
16064
481
9490
170184
16130
414
73480
1552
641
498
81504
175613
59715
5018
447
32667
7346
32133
30173
8665
435
81663
81425
72749
158143
158782
120765
412
418
25103
426
450
476
414
415
413
11304
162373
72655
78530
411
56203
474
32408
56015
7865
32127
81506
7634
174911
4909
71698
159940
31466
10548
24043
382
348
56112
509
31303
171818
29553
45416
9301
55312
11840
33797
138
4779
10778
134881
158442
1336
50
7922
4899
8528
24267
1874
27661
1670
78767
79183
3026
6977
7703
9998
7605
7129
170015
15871
1605
2638
15890
30440
10836
80577
82549
439
81924
9801
29351
2847
30725
46095
10730
167
411
122
82033
486
162380
365
45807
72201
163626
15906
10416
162940
72594
82
70585
1051
46911
442
55148
199
29672
72568
867
131
60073
16055
32176
16181
2632
72885
56484
994
72942
2955
85176
31733
135777
3616
2039
403
58550
141833
161510
8826
73613
125779
422
238
13374
165210
30302
676
169276
80902
507
83786
425
160598
8180
7962
33893
168447
34229
1100
10738
163946
161950
4879
56896
32715
56648
11672
397
6951
378
5293
30990
21488
159423
5060
4905
163154
1757
31894
5453
168732
33662
5423
18448
61311
980
82264
450
46383
8586
31028
72769
56
7978
12660
223
3554
62148
31546
62287
65
5259
131916
81517
62753
2958
47710
62056
71570
5153
6722
5555
1001
62350
32137
56048
60733
61641
979
682
146399
4073
57749
430
11594
7152
10731
6826
1838
34274
235
61963
168838
57615
24089
8999
401
691
73179
7744
46616
34239
463
48705
61126
401
9110
62216
10919
81656
2062
12495
32209
148537
10430
34058
62091
7882
9982
162690
464
2846
34457
625
2859
169236
5320
338
62371
5288
11376
81640
70839
120917
70672
469
62648
595
161420
1615
62445
166373
145844
33894
11325
71794
24974
7467
62572
11371
30928
2502
16441
2061
63518
11459
31911
32398
161229
62994
73407
32693
32763
34536
3034
2718
5924
450
63140
79451
2251
10977
80984
15871
58019
8188
374
80472
5514
9169
21590
62831
1618
16685
32653
25388
164173
550
5125
388
80358
5573
58922
8806
7477
60183
238
5524
62655
60766
8181
73453
62846
47036
461
8759
5277
57886
30651
371
161416
8893
161929
11121
20848
10452
178690
3609
165978
161090
5239
1123
8537
160593
162908
61826
13775
442
936
508
72294
61813
14140
351
465
73653
632
79467
25256
16196
10528
435
21915
79883
1608
657
47333
46794
31891
55981
72125
16158
161279
175821
26055
63495
5448
1695
5885
47507
131824
1701
30679
30972
7736
56355
1685
22484
257
57206
72533
18180
21910
2396
557
31320
2591
172064
8069
82736
61240
163074
161513
162684
45941
28303
10636
20570
163075
120915
419
2835
974
8816
169965
7708
868
109
2397
4776
5768
2756
400
74282
20934
24953
824
431
137341
80905
1083
33044
629
3666
81269
58503
22922
57118
21475
437
7857
160691
15593
81417
458
8718
9106
1751
81375
8145
8888
1080
31739
1077
1059
132292
871
34304
81310
32458
1275
21578
68
57479
8141
8053
83186
56917
1821
11815
7827
5401
448
5239
1133
60762
80653
446
56700
9555
1700
22834
24729
31290
4398
6984
80183
120
33717
57080
8151
34685
419
21352
86087
6250
2286
34756
555
5038
82012
78754
11131
31046
9699
8681
160980
771
11671
5648
5570
180003
31929
30304
6380
1367
707
164922
79749
2899
56218
450
165687
178450
8293
73405
9320
4761
82232
72207
81207
142798
58561
576
9753
2246
23142
10602
138688
10679
10022
30143
80928
160727
11116
15859
119870
396
48075
21961
482
359
544
381
32354
32006
181224
491
2216
104
934
85286
31365
1036
16360
384
66234
160547
76
47658
15139
376
342
369
62012
1615
49895
25634
32367
31259
83
119
15816
174
3045
8466
81524
382
9696
82
62502
1117
25730
73202
72460
33428
29104
79901
136
90
80
21546
270
49
62282
434
34913
944
436
30591
365
133329
10985
929
31061
46958
176885
24163
81414
24995
70
22348
31292
429
39
62083
959
161325
61419
460
157
72079
132198
132409
167
9589
22059
7667
56816
62483
371
63079
74
61
72
11605
164731
47095
61579
11991
81186
1050
46
40
8717
34472
379
89
5064
63230
62892
25629
73828
7631
72
64
1059
1034
82692
62116
9114
7175
32405
9231
177507
5270
68
32769
62881
22197
61609
72700
1065
47339
4163
61506
245
34560
1061
9502
89
44
80925
232
33983
1988
431
34778
7317
2456
63458
56925
72289
141
88
47027
71763
82962
1083
61787
60902
64
81100
162742
72648
514
35180
63722
63223
11559
33954
61853
145
71
164
56882
88
155
78
5351
999
8448
34521
34835
11474
34858
5281
1050
57562
1061
272
61622
63199
8607
23733
34575
1068
1049
5558
49
2713
77
779
64002
473
183358
34786
11749
34902
80030
83
59
60367
333
45
11821
438
56
14323
166338
34667
114277
22893
82
146050
314
427
147423
374
7072
31532
72426
11377
34991
33
425
80021
73232
32589
427
325
398
382
26067
62755
11078
5374
434
378
864
80709
82268
567
74251
4930
2071
2326
14228
1380
9572
15658
57602
1928
958
162360
1355
8686
421
7958
8337
406
56400
9041
33969
39
79768
32511
80793
165
2343
73907
12741
82
81333
970
34391
8692
8768
2415
8548
80968
9130
7920
278
4936
166329
33694
79675
72449
4173
1081
25784
371
530
452
832
81412
1615
11287
80985
56315
57298
8203
1058
80117
62756
81142
1750
179684
7628
24271
1783
1972
48386
206
2792
426
1742
1721
1463
168628
56108
30060
1720
968
10264
56846
31098
63058
11259
163791
72533
9337
82065
32758
1087
8837
73105
48
1442
80660
81591
78713
68117
386
79941
5885
10490
422
25158
166139
5546
31474
1729
10938
21746
163456
31703
637
9021
1595
8083
374
4721
32776
31996
30745
72127
394
578
11760
10807
162322
59837
600
56121
82063
74256
1060
82470
9872
32564
893
170473
1163
82624
32598
11364
160632
72261
11866
430
6461
8132
81663
11807
22679
395
12314
46913
9132
34833
668
57
30852
55406
81005
178504
34371
46925
56977
31528
80277
6808
7283
5400
179637
73633
22592
5398
85930
9364
5277
32813
7595
7061
81251
25368
164864
333
146280
462
74495
60942
467
314
16538
622
8230
1355
456
73
6850
7654
32566
32823
81428
2914
171722
24839
79452
67925
57755
163574
526
13297
5000
1177
31886
22244
30876
31950
79447
24884
86759
80992
511
398
32614
7038
54997
1171
166718
4328
82459
98
9577
7267
5493
2042
84598
605
31425
22330
10572
24678
34176
437
815
390
1042
81696
34172
9675
773
31401
8390
48148
1971
643
16374
145
176750
575
838
37
22009
436
164702
546
7086
1947
21942
61569
61289
63562
85388
9991
10707
33945
5467
585
165656
168425
80253
939
56270
32578
22278
175957
80018
8036
81741
83583
162361
694
140449
11838
8802
446
62779
6757
7603
10767
8541
56999
63023
31484
24742
80929
63031
57
490
33383
81623
396
481
83167
61999
32611
56426
22509
15445
32135
22785
164589
59794
169069
82597
11403
34922
62060
81242
32675
10582
34738
80670
30224
159753
81783
73057
47705
30904
32357
63977
63530
1079
35163
57364
1520
445
176385
60
5033
80191
61240
62959
478
63490
31703
63043
8939
367
35514
162229
11897
950
2792
538
84912
62511
63464
10423
62568
816
81420
34751
132815
61579
162502
8322
62384
163384
59921
873
81141
79355
133
121391
9492
30813
163388
56769
220
435
162969
53775
80912
10456
5326
62547
31784
10216
4875
71271
61720
81910
78496
5119
81013
465
491
9524
2430
47454
571
29475
4941
31536
21246
56943
62919
430
82752
34478
73814
162991
60482
73166
62839
11510
11883
21659
435
62727
393
32909
2333
10915
63190
83343
33350
9078
2584
5681
33321
179063
138988
1635
57517
32560
6948
680
32511
35120
164590
22940
63957
11913
74270
11685
2444
383
82717
8100
82242
22356
2805
32837
81491
676
14438
72686
678
2619
82098
57952
166646
26106
9022
32726
74846
690
164046
82139
507
848
32357
590
74057
142
609
33407
395
7580
5048
23133
455
11975
8982
7195
5480
11304
21062
2796
1750
164795
82616
46333
20991
163199
165044
1324
80422
5811
133430
444
80337
8399
22487
8567
58089
8862
8111
81004
81753
11513
8144
8195
163307
9906
162261
433
693
790
7183
5311
82312
22319
162631
71408
29855
81029
447
48818
4971
355
531
83053
165099
162025
82149
79747
470
12966
10569
33810
263
32084
82828
15218
601
17684
69
56468
5490
22672
406
162042
170406
15572
80488
1249
73352
2030
34352
5373
158
54803
3036
7990
9110
8703
46153
10968
16330
25243
4969
16186
73014
3103
627
164290
15994
15751
15451
15387
15500
15586
4915
15962
15539
10082
162875
16217
15979
2472
18607
4996
16360
466
57771
16773
25795
16243
22079
15731
20971
81369
16381
7470
15947
15675
15735
32159
16655
11221
165081
16682
16150
46829
9529
32737
5857
16324
29712
21484
422
16444
16327
74200
16663
16044
419
4345
73047
8439
176433
16540
16100
82953
11915
15942
163750
16590
171044
16975
16383
16289
16270
30649
15899
16268
11192
16040
16175
460
1885
16677
32647
16433
32852
2406
10501
58062
32233
16389
16321
16148
16055
57404
16801
10758
272
86646
162211
16377
16165
164724
16517
167843
74279
74077
12340
16772
16378
33034
170964
81054
32792
9471
13223
15884
15742
79803
16450
22081
163332
16582
1979
12567
15941
22556
31146
178280
16470
32452
10986
4976
16296
34776
16063
20750
16130
15304
79832
15807
24810
162457
15955
2882
15956
10546
1691
15609
15108
15400
15168
15116
15135
15361
4845
15954
15761
15875
2073
58305
16871
16240
6556
4700
16266
16795
15458
15747
15721
15813
15755
15437
1692
72473
32532
32355
15735
81321
5407
16740
15946
15646
15668
15491
24791
47391
16204
16295
16169
15912
15552
15253
15071
15156
9719
15307
21743
15812
62217
16216
18023
16015
15958
15662
15542
34448
62345
15689
15076
14820
14884
15182
81180
32571
16073
2545
15785
56464
16061
15604
15777
174216
16079
11448
15751
16099
16004
62979
32685
161442
179729
46731
16100
47369
57175
16615
16023
31211
16031
22432
16011
73373
164775
401
13066
15996
6902
15402
15319
33813
16510
34733
61698
16134
7646
172461
7194
397
16105
5397
7301
57771
448
5620
16608
81711
58739
81
16903
6603
165550
86056
22770
16536
168254
16592
16448
16051
16044
15973
175455
58091
2495
17170
16715
16467
7880
16244
8776
11263
16406
16571
35370
23672
16375
81021
62800
16324
170176
900
35879
16610
519
16758
16284
16173
16050
16194
16196
73743
64019
16799
16550
16506
16487
63204
35326
161521
699
16680
34954
16404
47693
35047
16609
16411
82026
63085
16708
16474
16616
10400
161091
62687
34908
16415
746
16801
16327
73960
16644
10451
10457
15314
62722
16174
47184
15819
15781
15732
12369
15102
33663
81701
16158
80850
16003
15713
15666
63250
35029
63358
82798
16515
5116
64128
591
731
16880
11979
34575
16281
34430
16380
15525
15190
61536
15760
839
2487
16115
63304
34478
80303
16156
1378
16161
15653
15471
62994
16763
7027
16174
16276
819
16786
16739
16333
551
26115
16884
16450
16319
32968
64144
16781
33289
564
63224
16033
15758
15558
15427
62030
62578
16370
16112
4767
16530
60
8033
15826
82295
16297
462
16275
178065
16707
16262
4360
16633
461
16629
16367
22088
16565
16276
32771
16854
16338
211
26144
13141
34442
16047
15812
57608
572
16700
681
16066
15775
82089
16197
82103
16092
15643
12702
15362
15568
15863
15673
5182
26173
16572
16215
15992
15930
987
7448
16149
15954
2801
16577
16051
50
220
16271
16030
32645
85916
9073
15768
64
25569
79473
26094
16261
6448
15907
15368
15274
1747
494
62827
8127
15684
15297
15259
15093
129703
15912
1804
15968
15331
15205
24093
82429
16571
16120
15781
6976
15856
62976
57082
16850
16391
63629
16443
62047
74104
30108
15649
16014
63168
177291
57931
16775
16418
16347
16530
35437
3159
435
17210
32075
33331
17034
137
59176
33551
16822
16398
82119
16696
16436
16170
16099
16112
49036
16462
62795
61282
35096
16807
140482
2604
16833
16312
16187
6595
16121
81700
16602
16515
35134
35394
7652
16495
34976
161196
400
5767
47583
492
16447
73974
16575
16260
57521
16734
16008
15763
83023
16286
15798
15697
7025
15814
15695
15832
15549
34240
517
16735
22313
16075
16076
34298
34097
1310
7837
57515
34896
22411
16797
82870
26312
16834
16119
15931
35050
4048
16895
16231
16013
15993
25315
6707
16325
16096
416
7887
16009
34752
1871
134607
16030
15372
80160
16004
82112
900
16501
35007
7595
36
16286
15909
15743
15650
868
15990
15759
35076
16755
16353
16185
16250
16069
15998
1888
16578
81661
16300
47003
16257
16229
16363
16315
16120
15881
72475
72523
16668
549
176849
16676
33208
16814
16452
2243
16784
58093
175945
16568
515
16413
16287
16607
16387
16185
16127
31342
16799
16571
10659
85913
16552
8520
16112
8376
82204
84404
34550
16191
15918
80315
25420
15846
15773
145730
16718
16362
32676
16529
16252
16112
16096
16132
993
16587
412
16391
179849
16782
34965
16475
16157
2922
16616
16101
16086
1356
63765
54749
3199
16729
15861
15538
173707
1351
32013
16250
1140
16235
15756
437
34472
16086
15884
15809
15745
15782
15849
16049
16791
16280
16178
15952
16198
10544
15640
24808
16329
16179
16024
16009
7171
48140
181861
16026
44
22137
15393
4877
15915
557
15363
187
15155
30897
16163
15589
15423
1634
15877
80609
15602
55731
1350
16529
16038
15864
15868
6917
15989
16194
16427
22849
3509
17044
16563
16289
16545
16520
16581
82943
16892
16560
16482
9124
16125
16506
31292
7637
16616
16514
11130
10758
9568
7044
74448
553
35151
16342
1349
16407
15951
16048
16071
15952
15886
15959
686
548
16376
15930
81327
16305
4359
58561
1647
17259
1227
16926
32098
16705
16415
16247
16002
16142
16213
16129
15965
82405
16715
16361
16391
16359
16350
523
16149
16212
16194
16196
5590
9189
16254
16012
16036
46882
10391
34393
16162
16193
16083
16312
16451
464
16415
16363
16270
10970
31187
32788
16725
16344
81743
16488
74670
2345
58351
16665
16130
356
401
176629
16498
16373
21266
398
418
16814
16266
82406
16627
16083
73433
16497
16238
168207
16411
15912
4902
16335
15745
34201
34469
16115
410
15927
15470
166150
3105
16920
24951
15786
24673
59796
16773
16065
15797
15789
15835
5456
32506
17220
16460
441
16527
16431
4891
16660
16235
5505
16635
162662
16535
16440
16367
16223
1729
16657
16683
367
16586
16338
12164
16646
16576
16545
2514
16858
16514
10119
16200
16412
57000
16793
35452
16815
16407
58942
17140
16722
16419
16258
16209
16156
16057
16196
16233
72931
16624
81756
16534
7061
16279
16380
16498
35158
22267
179180
16522
16426
16715
16529
11088
16325
33045
16847
16588
16419
82461
57296
16713
16012
16020
15754
15825
558
1118
16215
15932
16025
16306
1749
16787
25203
81632
33575
16180
15936
15833
15807
15906
370
5396
80294
649
16929
16210
16474
4905
16521
164605
164456
16137
16096
15582
25022
58861
16839
86676
15896
15600
15375
15315
73589
4962
16354
15607
20553
6568
63988
16620
15831
7458
15569
74055
9877
22526
16265
16053
15931
15560
15502
15449
30478
429
15841
5365
82145
16665
74337
9526
15838
2407
81902
8047
15977
81518
2050
16909
16192
26389
60577
16302
16131
5569
2822
47561
141802
16385
15886
15722
1560
16094
15724
15754
16082
15800
63420
16506
294
35038
16584
16296
2330
173481
16709
16352
31704
435
16829
32862
16747
16269
16255
30459
15931
21501
16812
16375
16222
16132
16073
122823
16445
32624
16643
913
16152
1630
16124
15762
33
15651
15779
15664
15987
82198
16320
429
16077
8797
32370
16855
64429
16801
16503
163812
2478
399
32544
1138
173745
366
16521
1808
16497
16058
61971
163070
16322
16295
16238
2281
16124
56069
16287
2587
16207
15656
15380
15231
15442
82836
16321
15947
15647
181735
16698
11200
16299
16374
224
74338
16874
16393
16252
73630
16762
16525
35580
58214
251
174879
11021
16526
16350
16287
466
16305
161598
16922
35435
16682
33137
63837
16664
74088
74644
17059
7825
59572
16961
10758
396
16444
62583
73084
16605
5374
63228
16489
80811
16668
63255
11892
1744
58381
16976
16498
166473
16554
47463
16472
16461
47231
16381
443
16482
634
74092
16813
33121
16760
63396
16805
57690
10188
16524
165514
61598
16926
16551
63808
2899
17544
16460
63654
63897
16735
16092
15781
80319
119
34331
162902
16101
15650
161963
47497
16677
9446
16224
195
64328
64779
64783
16648
73520
16858
11008
15558
63727
16099
15639
428
61612
58466
62850
30456
161623
23027
184355
6097
10439
717
15652
164556
16038
133160
25038
62514
16112
16085
16520
7013
16137
16003
513
16070
445
2083
16623
47655
63576
16754
16674
16256
1093
64037
63200
82672
16105
161483
16203
796
7444
81745
8625
16266
16253
16238
82528
1071
17012
16426
57922
163446
63162
12161
384
16216
81360
16434
81386
9429
1263
22675
16129
6488
32771
74488
16676
47242
821
16603
2796
16579
15883
6853
7531
15736
15722
23068
505
62451
16649
204
16220
843
16322
2408
63147
623
81845
2589
167519
16609
10624
15859
2664
26235
82530
16758
16446
50046
179538
16603
8113
4883
25910
57436
10916
23568
21937
62486
166173
16749
16359
47747
13418
164609
16855
23161
16720
16703
8613
9245
51
10065
21827
16674
32879
73779
16654
16525
16542
516
16539
34937
16574
60626
60466
23193
60539
16802
50
34847
982
30723
63359
33150
47366
11502
16500
7147
32898
440
33320
997
10297
16456
57955
177626
49523
57743
33156
56929
57226
5547
1709
82753
34861
74572
181842
16643
1720
166913
810
22696
55947
894
30817
21876
16092
3201
12703
838
15922
15399
608
21917
73906
2410
33208
16475
82089
470
16715
169230
421
2240
16668
183857
4459
16021
15705
2433
80794
48732
16362
171401
56922
30896
15940
4894
8384
31686
32307
73239
44
1355
432
170998
420
403
55195
46543
552
16217
9466
9663
81546
954
8467
47162
15847
56789
688
1493
606
2092
438
48339
124874
4942
16633
34891
4600
35039
13319
28414
2062
81354
16389
165815
16526
442
34835
47159
11476
873
21957
25422
1811
33655
23353
82048
30598
57026
82282
16899
2623
9683
16355
421
16457
168647
424
432
418
35580
16472
8911
47354
32096
75509
426
82475
9369
123784
474
47760
16167
16367
16003
61
9952
487
10102
21502
6761
22628
175984
171676
2802
31471
443
58224
35571
35055
988
73239
814
16927
1777
57970
431
2073
5947
1052
33347
5198
61286
16749
85414
9158
81552
16775
28856
85834
16588
48240
2520
49632
21651
1700
907
17206
8577
1120
7298
35073
16592
73417
782
58275
22375
8913
371
4917
134288
3068
17124
16608
344
306
477
60997
60490
56617
83227
59295
33744
243
17053
183227
60029
814
16839
55957
62483
1843
7921
132181
61689
162036
71455
22589
35785
167594
58067
73657
82574
2439
8318
31095
7198
1723
25798
56097
8064
392
10216
1353
34
10733
67381
16317
81695
1237
2056
1967
26922
16376
626
15449
7069
6763
34657
33685
8494
15376
61294
73264
10327
193
62569
62383
61483
72715
9907
262
25223
166919
141609
10591
645
7045
72415
1114
11383
170
63448
10184
34160
31997
10501
60556
24627
137725
9227
62845
1062
48487
7628
32358
63438
11164
7145
200
21820
32012
80948
16377
63239
63030
26247
546
75701
64236
5973
428
13491
2404
1712
83429
14347
31420
25043
64065
62826
640
379
64055
31570
62179
14105
63706
62864
5381
188
2313
7525
16235
1084
48357
57830
9631
74172
64014
419
119
82368
32728
429
74677
22899
57389
5404
47780
417
62577
179162
10823
546
63923
5416
310
35628
82874
36
663
10868
6697
58791
33797
2520
31645
845
55650
62429
80550
548
63277
2005
452
442
122968
80635
164264
7558
63980
165571
16623
172835
62948
556
21719
48661
884
121479
50774
47433
9009
58551
9945
428
3790
1727
9964
11997
35149
181880
175270
84808
423
573
32549
492
484
47579
10910
134543
64912
33517
26938
184742
22371
32881
310
63631
880
23594
11635
81101
8345
32404
1333
82298
73337
23054
22559
23082
166292
452
7245
621
82216
1034
57843
805
33333
72592
16072
22281
499
805
171172
12355
82134
9409
299
11976
73995
10429
3082
5249
137686
127
71826
2154
8793
7894
583
6352
410
81515
1133
1661
588
137408
32095
9467
10787
166840
70
58128
344
47171
2409
48336
269
451
690
82002
11429
557
1337
1712
46
485
801
58325
2648
12094
23046
9728
8904
16031
57691
26557
47956
134737
6242
83029
508
31799
123723
30832
191
1717
34950
1875
31132
15454
46227
421
82105
83342
9387
175190
172958
166381
47471
31269
16482
2066
8112
30411
24812
1717
17020
80947
15619
1734
434
83598
173970
724
83304
11488
7586
2499
1095
74331
441
79
5321
381
5796
2489
162226
161805
1633
9206
16178
818
169621
543
167274
17012
412
134916
16717
35030
73904
22348
797
42
26687
8950
411
30606
620
32883
12334
11750
304
1690
35016
30561
46581
1603
25241
26311
373
82682
503
73948
33428
7482
2048
6670
81339
162761
22214
180527
10977
2482
9821
8322
33780
10251
73123
56
58492
5215
30827
135664
32777
173152
25249
2348
11771
58696
1090
821
162661
57919
9546
87515
4572
432
8303
8819
3984
48250
8788
83200
201045
82713
640
166427
80942
30466
1078
1088
87738
15790
406
61012
165715
50024
5430
6144
25
2590
57193
58044
399
4116
82259
34413
9266
8988
451
29911
7605
34939
9374
22309
35533
34967
2475
797
17400
560
64295
48326
74127
16382
10474
56888
457
2522
81139
33947
34287
80381
47858
34944
1328
17221
471
16358
35169
35381
9452
564
64446
64156
1291
33323
5208
35490
83357
455
369
80417
63099
9226
8687
31014
12317
81028
82339
34728
9099
1029
64520
9984
85051
4942
172769
1279
63114
9416
177746
64155
428
47836
63464
58791
11783
552
63790
291
428
5972
26518
83015
83176
161627
1750
407
16816
31540
2792
23188
5831
32995
63601
411
16592
443
81504
62868
170003
57903
47723
163029
8302
63900
406
2837
164731
426
164795
6957
62668
8295
33051
82663
34650
31386
494
33217
11030
2936
47694
25693
412
63596
121913
13718
62765
32703
816
150152
62957
81711
83092
82180
47508
62729
30857
32114
441
81714
57234
63512
61
74056
32915
1561
73
63696
16431
637
9566
2493
4027
165002
2528
35729
81387
31587
2282
168219
476
6953
5304
654
80894
46898
73812
86875
873
349
47763
851
167134
33320
63865
23112
63411
177848
57473
23231
8053
56883
16684
62804
163257
32335
179498
907
326
81692
244
34322
58475
5684
63185
63508
544
167765
25869
5817
975
73403
81807
22656
359
4997
424
8092
140229
82207
426
26375
4996
83944
1352
82853
368
1325
5646
35867
10859
721
2068
406
36096
165459
16374
31666
174
5563
4865
35251
47007
8331
63386
388
669
57761
430
13784
22974
32992
167194
10957
63275
58921
4578
26586
23159
764
146
7733
57672
160637
35542
31837
62673
164020
35393
303
7852
35472
35560
15203
123967
12922
58919
33834
11863
35188
72749
11177
531
72987
9114
171975
439
31391
1995
82001
10813
2360
35689
33394
62797
35077
166964
303
413
47292
145186
35142
22420
784
33291
161
35361
34925
32575
178606
7831
8529
4813
135507
50213
3973
58514
49812
10356
128
2592
81540
3229
35446
81279
47144
32928
171111
405
82381
4115
165571
464
444
11769
81705
7762
32643
9090
165676
10616
35266
9358
6910
2360
33440
81398
83504
81759
82301
661
80547
32668
9543
476
401
80730
57904
11676
58999
23374
9086
46861
81110
22571
80273
85
2323
33459
9781
81836
80763
10629
9340
72371
31504
10896
24909
137747
1651
83020
34954
10570
82757
31112
23804
168361
162134
10961
15933
82168
16279
60989
1930
84544
34412
149
22729
82029
58532
81184
60355
81936
446
76
8376
16334
6065
57915
5041
7166
35126
32333
4209
33788
29283
2049
83083
462
9528
181200
57302
82700
32564
10892
213
322
170343
32848
75211
26183
4939
81264
11200
8307
1740
10905
516
432
131
5012
4605
465
82398
7892
21990
136
81911
416
73114
81480
1611
82092
125
552
172047
174454
80188
515
4989
8697
459
25302
74072
11941
12618
46787
72626
34727
7973
1706
35079
925
10953
4186
5063
26173
4721
63752
56833
16463
57938
10721
63501
25223
57019
63722
62104
62700
1583
83574
2030
182708
413
137
64138
82552
829
384
515
64048
8252
35127
58048
63315
480
972
1104
48284
1715
415
128011
25857
84717
14099
25460
82250
4879
63673
63866
56533
63158
63064
14232
63177
544
5207
1099
8824
5659
63707
62777
780
96
63878
47626
380
35069
63021
63344
63064
12510
63820
82609
48026
57872
23648
30323
544
31248
47092
32537
431
7580
1695
82027
63369
161815
8479
9702
9686
80630
30291
63706
164641
174005
164011
170933
84088
31887
8771
1106
10728
21013
17397
2596
30685
9899
4889
8518
8498
1196
512
47507
371
56788
8691
31848
22148
5163
162871
121949
64157
31420
167032
691
82389
81868
22695
56970
79874
16153
30356
25171
10319
57638
58260
74435
8551
64056
1734
33794
64170
467
4898
8789
446
590
4915
12643
32035
63
22789
141269
13039
8894
1804
35447
6829
4888
236
47689
13350
57970
163397
332
47260
83441
11167
32523
82037
6766
740
419
31688
10437
63080
767
33310
23378
32417
73308
57575
8490
609
22775
23243
9746
25935
35442
870
24100
7944
6633
25461
403
165244
11475
122612
82429
72476
185243
485
4590
123
21869
33628
168837
2899
23459
13086
32954
1628
7324
74422
25764
8107
25997
8050
73648
5514
35295
6841
7767
796
30087
55069
6951
497
372
59263
11437
123647
81906
3490
33664
721
1339
3587
60340
1871
176729
74483
23145
35037
57979
376
51
74690
32937
11452
453
47504
35126
454
7193
167759
2374
165011
11718
9157
2601
74892
596
169471
511
56867
84073
161132
2058
72085
694
16918
5516
93
2291
16533
9133
10843
34627
35179
6064
33314
437
31483
2196
178274
56334
2582
35768
4930
48034
601
6112
55
61460
342
13316
164892
33741
34859
34684
32650
31398
776
2066
33043
32549
35256
164961
48126
33834
34500
34232
10958
164540
74550
57706
33235
551
33268
16632
35104
427
35499
35392
1124
35115
57334
60987
174281
826
165385
30
366
2413
4637
6739
74553
34602
8713
654
173858
57968
73201
31736
47927
817
978
168
118
61588
59668
33372
4764
8955
31613
7305
9296
35436
35594
35609
35487
81796
13162
380
25432
134001
35136
35753
10101
836
8036
547
7593
25120
35512
35761
584
553
7498
426
557
557
551
31715
178749
992
8796
701
422
1775
11585
32814
16483
62325
32954
25814
175422
47928
5011
35467
47350
26010
26633
35820
59037
164811
30608
56619
31784
538
35498
11133
63317
178055
1732
58562
26664
64626
73868
33284
947
21961
8173
5261
11428
352
64205
11097
47600
485
1025
62361
162399
73195
22991
63306
425
498
19312
5409
309
57963
63988
63685
419
11400
9245
7817
1361
10651
379
3039
163426
11349
48309
47489
8242
18712
33047
127384
63285
63364
75
31946
63415
433
164607
459
8169
9349
64009
1743
170489
62040
73792
46071
419
31920
22488
1686
64389
305
1385
163561
34943
2063
48168
62771
63253
8071
1729
441
5430
48378
58288
32122
441
114
63087
352
419
22316
8390
406
177698
33752
9047
509
416
31037
655
5602
630
57819
527
63793
11364
15983
162320
91
166336
62638
6893
58468
415
1719
7270
75039
1318
8313
2057
412
58994
31934
32453
418
35053
11482
1014
4951
73430
63099
180851
21945
86825
62793
452
74510
64729
64071
58990
376
64297
80
5047
494
628
21842
63600
34
11333
34849
11041
8911
32503
165737
29031
1416
81676
423
168894
57951
64154
31240
5511
73388
816
11006
63006
33458
47441
689
10887
10496
9935
73061
9030
10105
15505
11827
506
410
167170
33521
412
2515
173072
31376
5093
10840
2042
161884
432
80526
21353
274
29770
6902
35209
163568
10822
177933
9957
165596
55711
11343
162128
163055
11297
168608
8682
283
6115
136654
11586
57231
83027
92
23055
8654
82009
63441
13243
2917
134844
11608
177580
15344
69
74444
446
138398
56956
172596
5450
1097
120864
72692
11738
181173
24838
15443
28450
532
8696
24575
257
29978
46957
8934
430
25617
418
22758
115
32412
72788
7951
72369
82335
173045
181099
16588
32655
11498
1710
32351
58006
74755
22713
25718
57746
10906
10714
10032
9690
21916
57412
450
10882
47689
397
5721
82321
47984
31507
764
23140
80775
163314
81634
16420
23011
1508
22272
12640
61689
698
1031
124680
5086
26734
165704
511
29
169188
11297
164892
33739
8302
10718
166311
8642
169490
16195
174826
163010
379
32510
877
298
33001
184304
16711
60400
5205
81542
8251
82288
11343
22163
34956
2618
11182
62
787
444
11107
10289
56626
601
81729
139173
1996
35658
12313
8530
2337
12351
35469
167816
8795
1374
174590
1627
1054
26441
22163
1141
72614
1125
993
31253
8836
8282
22097
59738
17000
9036
1378
166463
165489
8429
10940
82734
5162
170506
11122
1944
165271
10687
22542
1047
10607
176990
475
515
178111
63100
75124
75176
595
64468
408
422
173114
8695
63665
73933
421
8928
388
8821
31842
7670
56493
2064
163270
31329
60697
2270
31896
63125
169629
514
55352
73035
162470
32440
8548
57883
time:342987939
