read done
open file:8573
15570
2189
1486
1424
2270
1314
1322
1506
1282
1236
1501
1933
1381
1264
1107
1802
975
1659
1602
1489
1590
1350
1329
1316
498
1769
1807
1596
1919
1561
1160
1913
1146
1398
1240
1202
1149
1169
1136
1516
1037
1311
1689
1430
1629
1515
791
1619
1605
1492
782
684
1499
700
645
1267
1622
984
1036
1104
1237
815
775
1211
1980
864
803
1198
857
828
1266
1419
1483
1450
809
952
749
1130
1117
1333
1719
1525
750
1566
1330
1322
899
1717
1027
755
1007
747
1096
832
1113
727
979
1152
743
785
888
2005
1201
401
1070
628
380
979
751
789
793
891
1309
1626
1244
883
1176
1309
1205
768
842
631
1113
1142
724
831
1104
748
1056
1234
845
1159
1073
696
1121
889
937
696
1277
1128
1066
750
844
1482
978
1009
477
818
651
899
1307
919
1083
1004
781
376
1031
1255
1171
377
427
748
1748
1220
746
318
921
1580
799
395
1389
329
341
1114
842
1035
1113
1015
1079
1259
1001
320
285
671
1754
1211
1198
294
958
1144
362
564
1058
1489
1271
1089
572
1286
748
315
763
1126
819
874
766
1031
701
332
297
1017
741
324
1167
317
299
315
696
814
367
1265
940
884
297
946
1128
1235
684
895
788
603
658
838
803
996
1089
613
992
566
942
811
881
1605
1590
770
716
946
291
316
301
310
1299
285
309
932
725
845
501
938
948
298
752
674
1062
904
287
1012
312
1332
832
327
987
671
750
1011
1477
863
897
830
1238
409
754
1398
1431
859
969
1751
848
801
730
989
790
630
1054
1340
698
1329
1046
1066
1104
603
902
689
351
1355
784
993
867
690
874
1234
717
1239
1344
681
910
854
830
741
327
1171
796
942
428
1053
1029
730
783
909
732
921
322
899
871
752
867
1248
847
1204
654
1171
871
696
1046
673
947
820
672
782
786
743
1384
926
996
800
724
513
970
431
766
727
1215
1163
1123
772
1048
868
728
1229
1031
589
918
891
1051
1042
1160
1055
941
798
1319
876
322
726
799
1006
1506
1045
753
1273
981
940
620
1448
867
792
428
1145
1224
989
738
745
1292
1203
767
605
1187
725
1047
944
859
853
1105
1100
1011
874
810
672
1235
844
1226
862
810
989
970
1211
1144
956
837
535
725
860
755
1010
438
452
919
1088
859
865
1127
579
965
510
729
627
1025
1216
701
1083
846
780
764
764
802
1029
894
1341
988
1097
701
356
696
685
706
915
1133
903
903
708
989
927
1339
779
789
344
321
645
306
442
816
284
803
317
269
806
945
302
269
294
292
918
1145
257
790
601
873
1202
379
639
1269
293
282
280
883
301
319
299
279
617
575
296
704
409
652
891
284
266
267
322
330
292
604
636
1025
319
926
389
648
256
718
763
1218
787
278
279
458
974
1115
242
1000
286
710
1097
276
232
290
258
279
286
300
351
968
471
303
268
896
305
245
966
302
1037
822
1133
306
929
750
296
251
1108
1459
311
293
865
541
294
276
1183
401
305
280
665
287
287
1114
256
301
725
631
273
284
710
396
984
1007
711
781
287
360
1218
652
270
1368
883
265
291
282
364
1000
853
687
315
300
263
290
1329
704
958
796
1108
1093
300
415
1018
308
267
956
320
288
274
259
288
305
1025
299
284
751
257
270
260
288
1206
255
957
284
1062
308
662
706
294
922
1209
924
389
318
1090
292
297
685
938
286
314
1360
1080
315
274
299
1070
644
254
270
315
472
284
267
289
636
271
305
250
783
967
763
290
275
860
274
301
1081
252
294
717
1173
291
276
286
291
293
1137
1097
1127
287
284
846
874
487
695
284
275
771
1184
315
286
299
293
276
921
321
251
280
804
797
680
524
500
369
326
530
346
307
296
735
320
267
804
571
313
619
289
906
286
303
859
510
281
281
291
835
1125
270
724
625
820
913
695
321
338
911
626
320
795
282
261
279
947
790
764
278
289
527
973
285
625
236
706
309
297
289
294
1277
771
285
651
982
299
1035
241
270
316
307
575
284
1096
283
1154
293
641
959
310
742
1054
902
284
881
308
757
304
276
389
972
1127
312
670
981
293
910
243
279
281
858
292
1215
1026
308
308
303
756
297
264
807
383
1077
869
698
990
284
342
329
696
287
928
285
424
400
352
759
270
888
274
583
302
930
311
741
358
311
302
1181
304
292
257
354
451
1505
286
979
367
272
321
350
281
325
268
277
294
274
348
262
293
896
368
635
971
321
308
685
251
278
309
370
1069
283
857
286
255
740
697
365
414
899
859
1186
287
1277
485
978
933
987
294
279
918
289
364
307
676
786
299
305
272
292
306
416
1130
330
1124
288
279
1045
748
292
412
646
1097
372
977
691
306
302
283
862
463
287
480
286
1351
710
355
307
414
1418
551
294
375
302
313
389
310
380
593
730
307
344
838
284
284
316
290
274
301
275
746
314
315
419
811
312
1082
326
821
876
283
326
267
251
322
324
1184
282
330
291
305
275
1003
288
959
285
900
262
265
291
360
289
323
279
776
751
1085
335
274
985
322
261
690
761
306
285
1311
993
287
298
288
273
874
264
836
974
1105
292
1334
1253
302
273
308
273
352
760
349
273
276
371
294
962
888
822
1042
624
363
1010
610
887
363
291
288
320
1188
750
310
811
287
867
270
293
426
285
769
684
794
313
280
288
321
289
991
267
310
609
711
543
667
346
966
647
314
279
513
1105
303
261
292
277
722
606
341
284
328
322
1052
1040
296
288
393
1372
895
345
326
279
992
940
277
997
393
927
1033
292
294
363
872
282
338
345
395
308
312
815
822
1086
628
869
339
287
310
272
274
288
364
278
286
277
289
722
323
1223
870
294
296
253
791
785
315
478
328
655
685
294
1046
294
285
484
841
588
954
857
746
798
290
989
270
869
326
301
998
760
320
303
705
990
276
272
279
294
993
240
279
893
928
1100
899
309
835
260
817
689
1013
312
442
295
622
913
305
292
643
282
933
303
280
263
1021
307
281
698
294
270
269
438
271
1072
1038
1220
305
281
833
1313
958
287
304
604
264
268
889
305
294
302
279
731
281
299
300
254
313
280
301
651
694
467
653
283
273
288
265
282
442
302
782
1013
300
824
399
754
275
250
286
285
287
802
297
269
272
766
284
274
276
259
331
304
680
309
268
289
296
301
311
1095
260
300
301
281
661
293
876
275
280
278
246
296
357
1014
315
241
785
286
343
417
1118
280
321
689
1070
321
276
814
783
293
1103
307
305
300
289
260
295
278
274
786
747
266
1152
928
369
316
273
278
292
286
1057
279
991
287
745
809
268
861
295
263
353
268
1131
896
301
258
659
624
285
777
275
320
628
305
284
1058
1167
1000
265
414
354
295
253
775
252
271
811
295
259
291
1361
267
283
309
251
944
272
302
316
780
730
338
905
907
270
289
287
277
270
753
281
1045
272
383
945
287
283
323
303
307
862
639
261
320
304
304
254
625
367
259
273
296
277
289
862
432
944
304
702
271
277
258
280
261
273
276
868
288
269
949
871
313
481
646
272
312
294
256
726
271
1006
283
615
311
315
289
1113
393
1161
425
313
471
807
893
705
300
319
280
273
662
627
306
888
1742
298
274
272
658
290
816
276
808
1224
262
846
295
330
273
276
285
1087
597
725
300
478
257
353
310
550
303
276
269
822
678
294
285
330
293
1315
301
301
261
692
289
464
938
889
308
289
296
280
290
913
1056
262
585
307
291
842
319
308
848
342
1015
311
298
828
764
696
738
343
674
298
322
279
277
276
265
942
319
1055
789
818
959
330
825
282
325
800
1621
750
316
308
328
1022
264
256
748
273
265
270
293
303
702
307
292
886
744
583
395
317
309
848
804
264
297
773
818
319
543
677
767
319
773
290
271
957
1004
303
273
1143
680
764
716
908
312
328
1448
827
385
389
897
442
1154
1033
663
291
301
280
260
307
278
351
549
316
820
302
275
338
744
300
265
1125
262
739
287
955
293
280
264
276
730
291
702
989
324
324
284
807
830
299
715
750
289
289
629
311
324
1077
314
1275
1154
299
297
268
770
684
318
688
703
478
276
253
1004
251
344
302
295
367
306
270
1146
287
326
264
670
843
693
978
304
307
286
755
270
842
279
262
858
1019
264
271
739
776
325
727
741
316
288
324
722
332
1057
972
277
298
1048
650
955
291
658
331
619
1111
813
381
279
284
781
1018
697
725
774
895
335
901
802
1009
1032
307
852
288
296
331
545
276
675
290
977
387
798
324
443
252
254
525
373
295
699
318
293
734
845
779
792
664
1324
337
298
282
779
646
316
335
275
799
772
319
264
270
501
749
728
663
672
671
608
267
1027
922
776
851
720
846
887
847
988
634
1208
643
961
689
760
793
714
653
1032
664
370
766
696
811
741
669
953
900
648
606
761
692
826
719
677
668
412
1277
724
850
848
652
1351
659
617
889
945
887
815
1028
368
842
1024
871
483
864
919
615
861
829
991
1224
636
705
821
770
603
916
912
812
970
1212
1308
684
862
913
392
624
1072
410
793
833
660
774
451
657
344
669
701
305
717
892
476
878
903
975
730
967
1026
903
649
456
961
647
1114
774
912
1267
693
914
1414
913
664
664
529
680
1032
711
283
717
286
645
561
774
857
302
856
768
873
828
777
863
266
704
918
810
677
927
1053
716
718
1114
707
1117
865
1244
362
875
623
628
271
539
640
295
262
248
375
677
712
933
691
690
804
761
836
785
849
889
272
956
826
756
428
811
288
1009
627
288
732
779
955
1317
304
520
379
686
279
738
789
817
622
699
547
778
811
632
492
842
323
761
500
808
561
386
724
302
300
296
570
309
290
934
263
691
440
271
355
778
279
1017
250
679
327
497
671
473
870
549
596
410
649
716
858
657
1226
910
1007
1067
1283
556
304
1012
508
407
671
896
293
527
1081
633
389
964
244
871
544
433
756
810
894
690
353
870
339
748
709
393
773
750
668
656
357
668
1013
902
783
308
568
712
460
851
969
733
683
1086
667
335
864
346
300
716
834
245
778
755
299
871
870
624
560
744
799
304
426
790
865
890
940
931
364
1118
837
332
720
516
813
980
415
885
621
932
1022
944
714
315
288
548
786
298
813
825
814
472
801
657
315
980
367
931
837
1037
575
309
964
969
477
618
295
690
902
516
1288
964
928
1124
589
692
886
776
734
1255
599
862
657
562
881
806
1544
699
1012
810
670
854
927
348
756
789
740
784
550
606
731
924
513
1007
849
1229
810
1015
817
927
553
476
697
900
374
909
764
893
609
893
793
763
613
833
945
921
365
751
1023
940
785
653
544
1315
754
313
835
717
847
770
660
1297
311
471
793
718
739
1048
673
1047
540
768
1034
336
806
786
289
726
837
805
770
809
933
961
871
750
987
741
552
315
1037
639
592
1077
534
790
738
699
865
1019
372
583
979
1403
299
293
725
279
895
607
842
1082
660
556
598
1100
765
656
782
715
691
745
758
458
756
517
709
377
925
793
725
581
591
583
670
671
683
422
1184
1414
1094
560
954
1188
853
767
806
532
840
651
884
959
913
736
806
862
620
622
732
1057
957
622
806
652
626
739
1251
570
725
780
654
466
658
785
950
1056
444
643
573
957
691
579
526
978
1216
1123
709
903
766
740
952
638
566
679
729
656
867
813
553
589
593
497
783
827
884
854
796
800
856
385
801
678
997
730
931
1441
894
827
758
621
718
832
1289
902
690
501
622
947
615
645
876
857
851
649
912
538
541
663
982
951
472
808
377
898
1148
720
741
876
744
551
675
865
1140
887
981
330
658
804
862
612
884
765
660
929
708
555
657
625
724
703
425
324
828
850
571
465
641
313
827
285
662
510
828
597
561
824
289
825
292
1015
723
775
949
751
1255
678
752
1444
683
651
1160
867
696
670
779
729
957
694
762
918
321
824
799
592
676
762
956
1090
807
681
643
700
766
800
692
1322
723
1512
813
675
759
668
723
1218
778
1342
762
886
557
319
805
956
869
572
901
612
968
1089
1033
779
735
686
801
683
763
388
548
815
1087
847
708
389
874
868
766
580
735
761
1073
846
857
708
448
918
679
759
647
558
983
308
591
555
266
622
301
490
285
547
901
518
853
835
903
819
765
973
687
496
408
781
840
332
697
765
1355
838
305
302
766
975
864
1010
779
948
970
618
553
1135
780
722
1199
319
830
955
619
279
909
1156
648
1074
879
839
756
969
318
1167
354
772
701
662
820
666
686
283
953
618
1103
1051
743
1035
555
604
1123
1189
669
875
597
787
944
724
826
958
498
957
957
716
693
313
358
872
791
762
610
749
710
699
645
311
952
718
309
837
273
533
283
286
724
495
728
1174
957
712
980
905
1014
787
465
689
657
658
853
705
852
893
905
703
1070
701
519
849
804
502
1125
677
741
914
949
932
831
525
836
763
1284
1065
1055
527
937
636
1030
444
788
792
359
564
911
839
952
872
940
1061
425
899
900
770
518
777
822
485
362
1073
635
1012
836
713
661
828
810
710
862
663
599
765
668
1433
709
812
753
687
632
643
772
810
427
870
716
1582
877
872
1180
633
641
710
790
744
435
717
1175
879
770
829
916
726
477
824
686
762
906
1113
795
965
481
640
885
691
700
731
588
665
718
682
761
874
757
628
649
952
602
741
784
824
743
737
1067
677
906
703
917
1199
1022
716
761
750
549
903
497
904
1020
732
650
911
585
705
759
605
658
635
869
1201
882
742
615
809
684
654
837
830
923
662
825
795
899
1491
658
991
904
938
875
626
680
703
902
621
675
808
786
777
464
641
656
993
698
902
988
654
791
922
656
924
835
708
809
556
969
760
782
547
492
882
1219
1028
861
1262
736
892
886
555
745
919
586
592
695
823
685
782
880
638
505
627
571
902
809
748
961
625
560
724
702
970
1240
751
985
1020
718
721
854
1195
702
820
870
734
808
693
736
829
725
644
747
1092
623
591
1333
680
897
752
829
548
1158
563
402
824
966
925
522
699
673
740
750
703
784
721
690
644
696
915
681
796
340
544
349
863
351
1035
1033
703
540
884
1040
816
658
302
713
631
842
787
835
683
945
662
522
359
735
955
749
670
634
624
858
1007
807
323
426
898
908
697
430
500
959
333
532
1054
687
276
880
571
737
933
929
539
290
779
776
340
906
625
765
761
292
650
854
565
605
836
804
583
731
678
836
302
290
693
278
852
736
910
516
913
580
307
402
977
645
834
1222
707
977
306
245
1035
784
901
789
580
795
709
855
674
326
601
762
723
869
757
282
536
835
741
951
536
705
720
708
629
550
1222
763
711
387
633
778
852
685
600
676
1189
628
565
1312
663
821
358
959
759
520
802
915
775
1159
667
915
338
779
773
883
694
560
928
771
825
338
857
783
764
846
705
571
935
849
804
575
736
877
367
757
533
882
1054
740
764
600
558
348
1078
1175
841
1107
624
523
837
844
708
989
946
820
954
1548
938
682
1101
1032
805
886
758
652
1153
454
696
629
816
674
376
1061
610
452
984
740
461
549
783
683
618
728
561
1390
562
1272
836
766
746
727
819
703
680
619
905
706
846
770
626
471
690
843
726
701
623
764
766
1303
756
1542
643
982
766
801
1042
783
654
692
976
823
823
610
801
1193
708
882
1066
680
848
780
769
600
1011
982
733
765
863
834
585
634
649
1251
684
684
989
603
1007
828
946
798
658
909
584
662
936
788
1153
782
638
663
732
1420
613
652
733
541
784
696
775
988
558
965
912
932
538
855
687
854
1049
1052
668
647
681
736
971
477
703
1082
695
952
1004
847
775
719
913
547
965
574
770
364
632
389
621
438
1099
968
1179
924
750
880
822
717
869
712
872
764
357
718
550
797
673
969
566
790
708
529
604
748
697
1096
724
937
997
722
722
1002
611
816
726
865
816
695
666
574
714
598
788
802
668
726
749
669
553
816
1353
958
920
898
865
755
840
897
693
520
773
614
529
669
781
710
490
628
688
898
1351
528
447
638
673
854
918
709
893
769
756
631
789
665
1115
1030
852
356
688
836
739
786
354
850
346
621
921
328
646
618
631
646
630
1056
634
711
330
842
703
861
767
838
439
1095
388
853
855
459
583
542
346
308
715
819
645
306
701
818
760
579
570
1066
827
849
1097
744
903
785
961
303
614
940
756
705
678
748
351
900
568
1118
309
383
291
267
801
616
764
714
291
387
913
985
399
298
745
1183
738
855
534
824
812
904
1072
318
695
782
885
745
493
728
781
317
694
529
856
750
757
813
733
426
826
840
1507
707
707
612
344
1262
322
286
298
1001
594
746
740
816
705
969
572
451
628
833
783
700
663
885
1065
464
898
317
1519
995
561
431
917
739
307
762
423
721
827
696
774
480
832
511
844
882
871
732
644
680
598
754
1006
530
838
786
1098
829
695
671
639
478
496
641
984
772
800
549
399
777
806
773
682
860
844
856
620
654
818
698
1144
542
846
605
1000
592
1193
942
759
837
931
344
801
785
864
600
653
816
732
753
653
345
644
821
397
930
439
739
1011
884
734
590
778
1021
880
623
803
687
583
970
728
924
732
818
480
935
756
720
890
451
879
579
966
778
728
1124
657
734
658
828
667
920
812
818
436
604
523
1089
1002
708
1011
720
431
800
672
592
967
730
778
1006
470
612
610
721
942
1025
766
768
530
732
891
722
696
583
653
789
600
633
777
750
376
772
832
879
927
780
820
761
928
882
705
981
1175
677
788
677
886
525
769
685
450
1013
497
516
394
745
380
817
784
993
733
805
778
639
782
490
848
798
588
692
648
534
768
763
635
1167
739
722
851
981
467
654
646
665
1206
940
995
553
1128
437
805
886
632
851
819
652
504
648
680
1056
984
907
448
872
900
787
821
979
1095
656
727
756
482
951
577
671
825
831
628
960
652
885
585
645
638
440
1058
1077
814
676
615
720
919
814
1243
706
517
441
903
723
474
1047
741
669
722
712
870
430
589
726
854
457
634
355
652
620
829
1239
867
615
785
850
855
722
846
545
707
691
1044
721
482
910
330
843
863
564
697
569
542
716
1133
441
379
666
672
1020
625
1357
568
650
371
788
819
806
780
965
616
829
550
756
853
601
786
598
1025
754
450
415
722
704
797
319
978
683
987
267
624
931
844
693
634
771
792
319
612
908
1084
717
859
745
307
701
288
765
732
1080
583
939
841
304
303
832
375
768
660
844
679
1081
316
1002
670
817
564
291
738
320
1022
455
658
797
397
1048
930
710
308
708
305
794
642
601
560
1067
315
689
813
1181
833
921
469
733
712
944
780
904
557
806
642
664
687
606
741
1326
584
580
431
954
657
846
404
542
299
934
655
867
952
770
613
798
304
303
692
527
976
1010
852
333
573
423
807
334
381
485
689
818
636
806
664
623
846
748
780
1026
807
973
1008
498
531
949
598
714
1068
803
800
763
859
667
511
858
664
616
557
884
520
917
530
757
910
970
855
631
855
573
642
1221
1356
893
730
788
1047
766
1150
656
786
1037
902
989
908
777
775
629
776
688
792
1006
573
603
1152
801
837
830
711
903
976
862
647
707
614
746
565
621
1067
696
985
906
912
805
610
845
433
640
785
671
793
806
806
1044
763
666
1005
591
787
668
761
858
1328
1184
884
905
731
702
705
724
634
622
511
616
680
769
783
910
881
839
497
774
614
594
691
897
627
489
1140
834
554
708
698
601
336
864
1169
705
667
743
693
756
714
1125
705
966
823
704
857
704
1118
591
1004
1346
1030
775
703
832
1200
748
532
427
853
904
777
559
766
768
721
761
997
661
569
727
999
1271
1339
651
810
674
854
1399
563
971
982
737
865
564
792
791
930
860
1421
666
589
896
1244
976
719
1001
594
647
830
594
793
598
549
656
661
759
734
774
756
787
1002
1003
853
784
917
741
937
687
833
781
910
384
381
459
721
915
665
783
558
778
1282
762
528
669
353
934
298
744
309
886
329
640
310
725
286
1037
317
960
843
908
900
638
949
767
798
941
744
786
1192
325
686
629
1112
1035
701
667
678
829
776
756
722
1011
769
320
1044
307
304
272
1007
836
911
1015
893
314
910
735
633
832
826
661
962
1040
788
822
525
733
567
1118
311
682
987
426
826
778
1042
989
283
550
757
349
769
778
493
536
861
743
977
520
777
704
590
504
750
754
320
833
1031
670
577
281
951
1130
571
676
779
933
686
672
721
689
850
885
1171
531
837
623
778
340
520
910
646
785
700
641
474
712
724
801
333
577
770
847
774
815
977
983
688
1381
1271
736
736
776
611
1105
826
838
735
1325
790
933
635
859
726
822
870
1017
681
789
581
495
875
616
795
902
967
679
806
553
504
651
433
475
382
1139
710
751
802
364
713
576
846
779
796
586
770
716
495
707
756
893
1002
609
809
650
476
917
969
755
686
695
407
784
761
592
846
525
534
850
903
595
986
626
943
1074
522
714
587
712
761
796
659
886
783
463
643
724
644
579
1099
894
916
513
766
670
1077
832
930
604
684
822
1205
848
707
872
780
878
605
805
760
942
989
1005
803
645
529
815
781
584
782
884
881
735
605
854
1178
592
558
701
494
903
971
823
637
732
883
734
310
577
749
743
708
893
770
770
673
689
669
785
681
676
1094
750
760
648
889
724
1146
375
711
750
556
383
882
569
719
736
1128
786
500
651
674
738
895
724
958
1101
917
781
665
409
966
744
661
652
403
621
951
767
947
1293
791
760
1081
704
959
890
683
589
975
710
938
626
486
754
676
798
964
608
724
806
768
831
888
819
809
703
718
925
755
563
615
691
880
823
1091
933
742
1211
580
758
764
948
590
801
798
1005
1069
742
1376
876
815
834
1031
823
854
1035
696
722
1100
854
666
758
603
508
712
869
809
790
785
659
771
748
1058
549
757
1190
869
759
428
1054
1036
623
798
686
685
846
601
890
887
777
683
546
795
593
494
628
624
1202
618
623
756
478
1063
692
720
606
823
705
911
637
696
858
1008
432
853
1078
834
971
747
577
696
1359
764
1149
544
700
863
376
646
689
656
773
743
713
597
728
909
642
542
877
831
882
807
287
678
663
742
631
331
907
541
289
911
579
329
302
912
298
560
844
739
701
543
779
313
821
858
635
664
645
648
361
403
491
753
660
321
698
334
315
843
282
1006
753
666
563
695
723
759
326
591
553
1079
1030
739
765
815
705
324
916
680
286
545
587
758
975
867
938
659
1059
797
761
911
717
636
667
816
779
773
810
829
821
860
965
344
795
503
1034
954
1104
692
680
683
559
581
367
1139
816
566
584
848
1342
506
738
777
833
406
608
964
785
829
964
768
813
725
793
346
325
736
804
655
827
798
1067
688
1027
963
980
724
319
853
927
795
706
923
655
1193
872
899
504
587
918
642
767
906
1421
684
952
867
860
956
799
743
771
652
785
931
891
824
682
749
842
511
613
644
658
707
332
682
474
1048
665
647
531
690
653
522
1044
1044
510
688
403
384
666
690
606
609
869
741
633
772
689
718
1000
700
793
1227
619
935
745
531
664
827
937
975
1011
948
322
921
709
899
651
1168
1028
808
991
706
680
785
831
609
843
499
965
951
1097
737
784
790
644
559
722
443
755
838
696
461
544
1124
708
734
840
769
984
766
726
537
735
961
698
662
1161
762
874
738
599
719
733
607
1031
826
587
1209
998
660
750
904
839
754
558
1075
576
914
668
934
627
428
769
803
930
728
413
704
799
985
985
826
637
635
740
785
712
968
619
1024
781
1132
756
777
830
685
675
817
680
1063
643
663
938
443
581
857
812
370
699
951
675
708
672
558
966
730
713
790
790
671
648
1176
863
746
984
573
900
420
814
811
863
817
646
522
759
906
890
566
724
756
724
658
575
741
705
824
728
1028
412
954
612
709
780
1081
441
610
756
645
864
971
723
577
1187
693
457
842
728
1380
735
574
917
1047
660
750
784
935
954
971
307
665
919
579
619
655
470
539
846
650
663
311
328
753
636
687
667
689
719
793
596
903
694
674
734
635
840
1096
1045
831
532
625
783
1044
495
654
506
334
311
1038
949
953
323
782
856
322
914
795
796
358
448
273
1323
1051
581
743
1006
865
324
327
555
1801
282
310
773
294
560
783
831
738
694
1098
1097
689
627
572
857
742
346
310
1173
767
284
1078
695
632
873
300
603
714
988
786
681
600
917
986
1060
1125
1015
1051
975
318
373
604
1031
791
881
292
283
807
673
818
1075
715
820
700
670
722
747
476
857
749
769
955
1089
733
342
789
903
913
899
1263
1056
332
620
725
809
1127
701
1052
1014
293
619
590
889
720
853
1103
831
705
539
543
886
1221
788
534
999
550
636
717
727
903
685
815
660
834
741
642
740
347
596
988
710
582
849
734
1008
661
791
602
888
959
913
1074
642
843
544
1047
701
732
610
611
400
956
820
626
632
994
793
806
731
1003
702
859
786
601
857
602
903
659
1081
931
685
759
668
580
697
819
807
672
679
449
767
642
877
1020
679
696
567
644
1524
631
637
691
806
870
919
810
1266
1007
834
425
828
752
448
283
285
748
710
836
701
816
802
766
801
758
750
632
658
764
713
775
768
1044
899
545
726
592
799
1000
741
1335
603
599
970
565
507
663
1176
740
695
583
905
694
783
682
766
891
751
918
824
441
833
669
551
796
899
1123
727
625
791
897
706
596
716
690
587
597
717
844
744
830
964
698
683
1071
681
661
1145
705
687
566
751
1222
509
847
693
859
734
1033
721
744
720
880
761
936
693
631
447
859
605
818
660
639
852
750
650
886
870
775
646
814
870
764
566
674
1011
901
784
781
1420
685
940
615
803
752
720
824
654
766
696
636
1006
514
819
642
688
765
499
806
789
547
737
630
1184
762
376
663
812
793
909
984
786
682
865
702
634
582
681
536
710
1050
746
897
789
835
751
851
488
910
821
838
739
777
649
1062
860
876
767
581
477
480
706
289
868
1004
954
651
335
604
792
310
986
696
1319
923
636
346
704
659
323
300
767
672
919
1137
703
673
870
707
664
358
711
858
504
426
606
843
537
822
785
821
979
664
803
754
591
678
280
735
533
309
790
909
799
605
663
1090
605
791
325
671
829
766
854
699
644
547
980
753
755
684
381
565
670
604
1144
926
641
563
313
753
622
592
327
557
801
804
1158
803
711
883
331
592
776
627
972
727
330
687
711
1129
926
304
973
524
502
592
620
650
679
798
339
780
718
736
809
678
771
729
694
505
742
913
575
349
758
658
615
656
790
794
625
653
590
624
1055
690
953
883
394
694
381
318
530
700
308
700
616
874
533
705
689
725
900
713
701
770
823
620
739
442
779
691
1063
640
588
734
863
726
872
879
674
672
1069
314
791
770
713
653
621
762
851
499
903
669
944
1067
690
909
697
640
766
1100
895
802
595
599
777
329
1221
756
809
926
717
551
974
819
540
1018
385
1134
742
1070
731
992
551
685
788
866
833
715
645
728
354
625
710
777
573
989
799
846
684
741
921
814
810
784
684
838
793
747
844
503
1034
676
520
812
693
808
988
1341
607
775
461
665
820
640
634
891
971
789
699
754
715
718
743
768
841
531
729
809
1297
573
692
727
1204
1279
519
632
597
792
695
607
1227
600
682
700
607
720
566
1384
987
1415
676
757
849
939
824
640
872
664
811
477
560
786
848
599
620
621
715
1179
793
771
604
757
842
1056
725
612
756
776
716
583
946
718
910
913
465
857
754
1075
1178
755
587
752
566
729
703
832
467
722
759
993
712
661
655
832
906
652
845
775
1052
1135
620
697
843
918
848
799
727
699
1125
582
766
891
816
700
604
715
798
750
577
491
639
1387
699
885
695
1031
659
618
662
1337
573
629
771
950
718
743
894
697
624
718
1043
869
878
731
347
872
940
972
894
803
644
776
747
748
579
1066
938
848
750
829
406
554
489
710
886
547
631
775
781
835
532
1447
662
1130
343
933
1138
746
862
1028
920
700
791
720
837
781
596
1258
756
735
590
696
610
592
342
426
693
791
365
523
626
1004
715
616
370
755
738
810
727
344
788
314
700
730
558
651
643
963
315
809
1100
751
593
282
861
789
764
860
689
309
302
822
572
1097
628
663
401
591
918
279
763
668
1014
1103
845
639
740
926
317
957
276
811
597
1014
572
307
650
783
456
725
573
730
811
654
552
735
689
528
701
745
311
782
895
887
651
1152
873
812
614
335
305
514
869
795
803
1041
1033
279
278
835
532
269
666
579
783
959
1106
861
425
783
777
720
821
694
711
623
560
631
850
770
695
325
306
825
667
647
372
755
329
454
595
715
710
310
755
828
665
720
839
1020
520
485
301
594
590
612
1008
671
643
725
397
871
1186
630
847
754
637
995
798
527
800
1052
905
398
796
1024
1215
603
683
1148
944
649
699
901
299
429
757
1184
438
684
846
1038
786
922
965
620
1037
717
691
649
632
746
643
615
817
766
1031
865
669
759
626
684
865
780
740
889
595
803
637
393
838
982
777
655
861
1132
562
811
636
817
1182
575
817
964
760
918
724
695
686
674
667
685
643
754
1116
617
714
662
598
766
1020
654
713
790
875
532
724
702
706
708
765
707
651
712
866
874
733
440
765
1100
1106
614
1055
358
639
595
654
730
376
966
914
802
663
575
607
515
825
801
816
825
846
972
644
713
729
952
807
693
685
1543
789
895
783
401
622
791
728
478
827
803
619
633
669
1131
985
608
539
802
584
1207
684
540
1024
1101
805
1190
553
609
737
640
612
462
882
1016
798
804
468
694
594
873
516
1016
1188
571
793
589
781
733
865
676
759
862
595
840
803
849
504
720
547
567
807
609
358
796
1077
487
783
945
744
916
568
672
1354
708
788
604
468
831
591
676
565
615
742
809
1101
693
581
559
899
756
814
1087
562
718
581
548
686
819
960
637
1609
853
854
641
790
756
731
806
733
1173
597
523
700
469
820
657
649
754
664
824
900
584
719
792
709
607
838
945
757
780
970
666
678
707
605
722
920
755
467
728
592
656
560
1246
661
625
606
1014
780
633
709
726
927
554
788
1183
744
427
793
682
996
628
474
393
322
283
753
637
967
859
666
769
820
877
750
814
472
560
626
703
684
679
893
1032
659
760
735
774
711
1021
501
735
637
524
637
799
778
1014
850
560
295
829
552
661
483
603
943
898
322
639
574
584
632
631
919
686
841
886
645
642
661
412
672
782
774
589
626
863
769
887
1302
674
1013
530
343
300
412
753
546
596
1056
705
734
736
1048
307
301
850
312
864
280
715
699
774
672
845
704
689
630
924
289
268
728
262
600
556
635
577
272
753
733
284
810
265
667
886
714
778
926
841
800
788
795
615
709
1018
737
955
854
746
354
861
733
677
1008
303
612
710
1208
1027
693
1216
779
648
637
687
752
473
432
676
700
398
1024
731
664
829
793
1237
450
339
714
610
721
731
296
734
463
827
777
324
612
709
1250
712
493
368
672
760
713
776
423
855
1116
779
627
687
841
334
756
648
1058
891
635
601
632
689
845
892
587
966
660
600
727
615
877
584
1036
698
1290
773
513
669
671
804
513
807
624
457
793
962
722
701
628
746
921
775
777
766
601
615
492
813
616
932
1148
834
737
607
649
493
913
604
1071
590
808
672
907
737
639
399
777
679
568
423
623
479
478
669
673
682
793
769
858
625
765
843
905
791
794
907
702
694
630
748
800
685
1021
957
626
828
782
729
818
627
583
705
975
652
893
553
869
634
850
653
804
634
763
762
843
766
827
787
791
744
1042
722
828
639
788
923
606
673
328
756
1078
380
758
762
364
919
994
760
895
724
290
302
298
276
271
750
289
272
538
709
298
271
746
896
744
400
838
936
305
1127
356
652
474
820
573
273
817
287
299
298
587
277
623
806
261
284
900
571
497
824
284
753
753
630
300
280
623
272
241
1039
674
1092
538
842
305
356
611
802
288
688
256
841
273
254
250
269
751
667
277
795
339
280
769
954
259
788
279
631
706
1205
644
786
429
284
247
304
730
272
965
803
718
827
334
266
660
257
777
794
403
530
280
390
688
555
574
672
970
471
340
301
826
277
561
893
298
785
681
274
626
829
696
258
772
1012
578
298
809
265
665
243
351
1137
263
761
576
370
1049
418
781
765
286
344
305
238
281
270
264
596
306
288
289
875
724
496
308
735
542
356
947
291
312
279
268
269
282
614
1026
667
487
291
908
876
292
404
298
304
256
714
824
291
284
272
265
309
386
283
273
927
295
726
263
352
277
825
256
330
263
307
681
301
289
304
259
292
342
654
580
295
852
278
1042
304
761
318
769
269
647
241
317
269
448
1107
980
655
743
298
761
736
303
305
693
300
894
275
600
1157
624
592
289
856
757
286
572
289
775
827
295
675
678
708
597
256
895
668
710
695
476
283
757
713
774
287
1065
685
807
895
289
893
301
280
280
279
568
900
1017
820
279
267
260
704
276
735
540
288
340
670
525
397
747
418
304
630
837
594
292
894
305
387
302
312
261
278
805
375
278
342
289
263
315
528
750
787
295
1023
284
1079
1042
334
294
1188
336
296
308
298
808
1076
305
1110
281
671
343
286
849
317
789
1024
318
1690
280
823
344
326
330
995
294
871
804
303
696
299
295
301
305
405
295
930
495
944
407
688
1075
294
1015
872
379
971
302
360
300
327
325
750
653
321
307
418
921
294
741
475
373
343
319
293
513
290
319
674
296
271
322
614
1079
295
270
287
495
348
251
460
649
328
278
304
278
311
339
301
304
274
957
298
823
684
290
695
279
621
322
1028
302
324
1178
309
547
284
380
1125
273
286
476
281
390
956
892
936
723
290
291
1062
668
289
701
259
280
805
234
814
348
280
1131
255
305
335
294
982
601
291
315
319
319
1006
930
281
267
629
294
287
868
691
343
302
627
749
851
285
964
836
924
492
328
810
287
320
248
872
858
354
1020
291
281
288
271
682
286
609
273
313
283
772
567
282
258
293
716
296
357
1065
270
389
316
278
327
570
583
292
274
388
1091
836
283
261
287
283
725
1170
747
272
805
687
266
629
741
663
349
267
519
285
250
271
257
460
1187
868
339
285
592
332
1008
1352
280
263
264
1224
293
551
297
254
721
576
354
304
956
763
565
629
755
644
272
862
290
327
730
243
380
308
961
256
320
280
448
284
294
285
291
715
1032
475
716
300
276
862
692
679
390
912
600
618
378
629
782
276
287
262
585
809
335
288
293
246
780
788
302
272
751
737
276
558
873
843
295
774
748
320
843
708
302
540
568
1033
275
279
292
254
644
585
298
961
301
258
248
285
294
304
807
384
705
279
1133
299
302
313
289
287
310
848
705
319
527
792
274
1008
287
310
709
312
696
771
261
585
288
294
365
298
275
287
1028
281
560
638
622
274
566
272
864
720
711
832
292
290
724
892
297
289
1238
302
282
622
249
271
270
262
279
889
279
789
287
1101
292
694
270
283
765
296
234
268
745
369
729
808
282
349
347
673
729
674
311
802
301
289
682
765
256
296
285
260
264
277
288
279
305
295
278
286
820
281
840
286
270
271
304
520
636
690
446
991
650
276
740
301
546
289
867
294
731
286
262
269
604
312
948
421
804
743
278
268
340
372
477
300
288
284
953
943
320
297
299
291
302
304
603
320
279
270
996
308
292
775
290
266
312
915
953
726
656
766
769
656
293
700
325
274
297
314
755
265
324
710
945
269
507
1234
277
803
1343
613
311
519
294
751
284
309
353
315
322
294
290
277
472
331
279
273
282
317
809
262
297
304
306
900
636
274
298
301
678
507
752
292
296
321
349
296
576
273
326
269
641
986
668
281
291
1527
275
770
741
774
308
276
821
779
1281
329
324
826
731
662
311
304
798
285
277
1193
291
283
824
318
292
762
271
310
749
587
307
691
292
282
904
761
289
842
264
863
581
284
339
319
322
349
736
519
310
282
958
282
267
1073
302
733
442
532
886
265
291
303
278
715
289
268
866
290
285
690
296
299
265
859
269
291
766
291
467
739
305
660
300
281
608
319
297
294
312
276
313
273
324
274
982
302
607
304
633
310
283
297
844
516
839
270
294
309
320
695
303
836
263
638
289
718
605
275
314
292
283
281
786
948
279
278
382
265
795
302
851
680
747
335
272
294
299
310
828
615
731
835
317
311
297
784
305
727
718
301
260
303
582
1063
295
765
298
299
280
268
601
685
273
281
1008
1233
851
368
272
672
271
768
793
854
326
289
304
381
274
280
822
649
402
624
911
292
792
757
526
1049
752
659
293
834
1088
464
297
791
954
290
286
648
695
947
733
292
262
288
699
291
287
305
254
276
482
292
700
773
297
276
1038
776
274
275
739
599
293
540
291
276
396
940
292
831
292
300
293
403
334
1013
285
388
272
751
257
575
279
278
811
292
279
277
311
515
279
659
274
852
449
302
404
300
267
839
909
994
606
638
970
608
305
873
316
275
405
743
291
268
324
657
287
659
296
417
321
284
303
297
285
809
270
267
284
752
299
983
298
272
821
775
282
262
296
848
273
268
688
781
603
577
775
265
277
297
720
314
587
285
647
305
586
410
280
785
708
300
749
871
326
836
871
291
332
578
266
613
343
293
592
276
307
593
895
667
655
276
641
256
805
277
289
701
270
860
272
689
759
294
1097
288
374
276
673
693
328
707
375
280
286
331
787
305
300
310
294
274
263
299
744
825
845
1008
310
326
835
747
275
861
278
779
506
312
298
293
739
336
740
721
309
332
293
706
289
753
290
876
1027
625
741
703
707
853
289
721
284
991
851
322
283
326
313
737
284
258
753
304
715
1141
283
1195
395
334
320
290
612
296
383
897
271
661
248
1001
818
514
701
282
271
284
1000
784
290
287
788
922
316
971
657
352
614
307
871
727
1024
791
282
717
768
1068
321
800
976
289
589
317
285
862
732
281
284
536
1142
358
298
788
268
687
283
1020
338
768
688
986
743
308
573
276
607
718
856
285
269
575
744
284
968
966
928
780
632
505
973
349
1039
334
264
460
607
961
274
372
318
262
670
1324
557
819
780
334
623
1003
299
300
292
1163
281
687
300
1064
859
798
1132
290
410
807
748
700
356
567
722
675
326
527
906
689
456
843
602
302
983
800
501
901
525
771
864
702
923
762
847
744
649
316
624
659
743
417
580
1364
778
948
288
505
430
597
293
288
816
510
891
886
690
260
879
792
261
897
641
713
270
939
684
520
256
576
639
637
385
1013
624
954
252
643
760
710
441
743
694
657
434
765
443
301
888
431
913
296
924
703
969
622
808
546
821
589
487
679
920
582
770
840
708
839
871
666
1214
903
1288
992
632
736
392
1076
298
608
1030
540
848
1182
647
767
909
673
686
589
833
801
827
291
838
880
278
577
281
837
701
529
669
940
364
971
783
695
943
623
872
675
986
408
738
270
321
274
866
706
620
880
657
977
926
708
620
615
512
581
880
655
827
787
863
710
283
760
649
746
742
803
1060
612
651
686
303
646
594
1118
306
716
593
271
702
887
814
804
789
676
297
984
836
653
745
253
1048
816
497
802
378
819
888
672
819
280
264
767
772
768
1179
789
780
879
651
833
715
293
1056
748
784
297
789
456
918
493
868
392
888
876
692
741
754
948
1045
815
842
986
916
693
713
927
573
572
1111
909
616
741
529
747
308
874
1111
969
885
587
314
737
295
965
455
742
601
811
276
415
762
928
643
355
319
301
837
1053
674
892
766
666
763
599
623
844
834
676
677
363
881
761
523
664
922
717
789
777
332
665
879
628
574
370
844
572
895
730
753
1036
387
305
366
925
600
669
291
653
890
1261
1268
711
722
713
750
938
316
301
1094
947
265
619
446
713
286
285
589
1089
857
972
294
447
851
634
827
832
289
755
710
823
593
607
906
607
885
662
612
612
321
823
657
656
306
789
778
793
1004
738
680
828
614
700
590
430
865
689
586
377
995
582
317
533
574
1314
826
731
828
732
337
738
312
659
319
893
737
893
704
898
983
641
611
1143
923
772
794
758
746
711
662
577
1040
1043
771
714
593
648
831
609
816
1049
335
594
710
790
922
749
1044
343
1039
908
911
689
455
1445
667
1146
641
800
892
339
1074
864
874
630
645
875
767
700
847
1071
700
569
977
516
749
493
588
811
937
629
672
651
673
739
870
603
729
1007
594
783
662
426
796
480
685
670
686
707
740
801
792
850
668
870
734
927
710
799
691
684
823
717
502
945
749
656
660
839
629
808
1147
860
341
1045
457
324
598
847
700
726
769
1250
728
1267
769
541
506
893
744
793
744
512
953
691
727
663
605
1253
526
690
667
755
310
637
682
610
890
690
375
554
905
495
520
790
390
876
650
992
766
601
493
1146
697
686
906
604
1072
816
1179
785
690
489
1068
766
1067
661
717
346
822
959
437
687
767
766
839
702
886
750
606
619
686
827
1330
413
710
678
1068
658
653
664
808
625
772
823
738
727
1260
644
861
877
860
773
557
884
458
742
675
663
875
743
695
730
701
1114
940
948
762
708
766
751
1283
800
824
756
773
732
829
973
521
577
729
340
799
894
831
766
891
851
648
769
799
867
563
904
641
658
877
673
974
554
801
901
817
1032
829
743
804
756
707
584
1325
750
820
613
652
799
700
736
929
700
791
953
382
730
417
615
971
279
1194
640
655
1017
878
527
669
1123
870
797
1071
309
723
280
634
604
932
823
379
439
678
595
746
733
771
782
804
1009
406
692
910
982
1203
799
627
981
521
1043
360
690
645
515
1003
906
349
817
728
354
811
655
320
695
442
716
331
540
689
655
641
642
770
681
1051
783
308
1010
810
740
805
748
367
644
1028
709
777
294
533
787
775
653
745
318
607
779
729
771
762
1252
372
803
595
686
786
741
603
550
679
563
735
867
1005
344
705
678
319
655
688
633
338
733
754
609
420
320
691
516
604
620
744
351
818
1079
918
744
747
339
692
782
867
750
817
608
772
774
879
711
912
958
968
1223
779
663
643
641
1031
970
847
493
834
669
811
698
422
768
340
858
714
405
493
781
386
359
1135
650
817
647
854
973
724
795
1056
643
354
319
691
770
967
645
611
892
816
762
563
572
991
603
580
748
839
435
696
793
679
719
533
466
656
970
989
724
723
669
754
668
624
654
486
890
736
719
851
568
381
792
678
1115
798
712
720
631
567
1005
373
640
564
774
416
620
782
693
792
862
881
974
371
816
808
765
975
566
1005
1064
1039
924
773
689
722
666
1126
935
527
792
621
506
688
751
834
941
1139
620
454
671
364
611
770
720
1115
807
956
647
788
668
448
829
572
585
692
585
678
733
659
691
820
585
995
679
630
895
886
610
1069
1200
659
1086
766
706
617
589
581
1024
623
672
844
753
692
548
846
1240
743
1019
747
879
828
673
739
1316
666
1006
912
637
678
673
827
705
723
701
387
843
514
695
499
814
555
845
751
667
678
775
653
862
844
783
824
598
554
613
888
898
731
1342
348
761
806
749
638
804
543
577
867
751
680
852
683
499
687
844
618
845
541
826
802
929
645
901
363
743
767
862
595
611
677
921
610
678
653
687
778
658
464
713
1058
381
636
724
653
1018
626
822
750
788
846
620
786
593
666
1133
783
758
494
837
882
679
736
477
806
753
931
905
411
994
592
904
840
680
495
463
822
615
787
784
578
695
524
518
653
655
716
998
730
614
780
664
1156
642
966
902
691
644
721
877
356
346
599
792
341
283
386
761
691
760
756
712
599
304
665
906
832
536
313
1003
918
1067
308
637
842
883
769
1064
1351
589
794
785
921
1110
692
863
292
314
552
267
266
722
278
728
699
768
966
1265
292
285
625
453
284
941
826
960
289
262
265
456
287
788
917
885
865
722
899
912
606
695
551
1097
887
652
358
550
623
930
648
534
940
309
888
826
847
682
856
834
1262
621
691
851
852
837
756
697
659
531
695
707
587
776
713
623
959
748
580
768
813
853
340
773
859
794
878
904
530
969
700
865
826
716
590
850
611
755
870
322
670
454
333
653
639
718
990
754
844
872
771
408
910
830
861
1082
721
362
1056
826
587
917
736
844
710
871
630
771
500
534
808
789
935
756
547
808
381
754
463
948
435
925
789
1010
944
855
734
978
794
665
736
633
843
723
821
645
787
504
820
704
913
894
1049
974
653
855
996
622
813
734
449
650
887
1419
804
679
821
910
628
711
762
861
370
622
768
738
690
340
815
909
662
459
883
966
1008
677
538
784
666
704
919
846
627
746
651
1106
898
1061
678
704
872
649
1047
735
387
344
1130
998
803
751
1034
864
647
678
1100
799
679
897
549
920
996
640
1110
794
585
465
704
863
762
757
611
630
977
661
862
654
749
757
727
328
899
789
409
418
569
837
718
1165
749
715
772
587
602
588
565
623
884
999
766
713
559
870
933
596
593
786
1006
619
608
857
709
520
714
972
363
800
606
640
709
669
689
713
905
769
854
760
483
792
707
618
714
432
847
651
829
865
841
829
785
544
702
644
710
556
757
857
731
856
646
678
541
587
662
735
726
832
599
1373
508
629
795
834
951
519
1000
641
475
737
946
471
496
703
331
322
299
805
1229
929
998
498
572
478
1213
530
790
567
841
518
589
706
889
585
590
1299
809
686
924
693
926
1182
634
733
569
586
447
821
699
628
822
360
942
560
623
710
633
899
800
530
305
479
808
764
673
297
669
948
1045
298
901
818
1385
893
748
744
327
355
918
684
901
887
733
924
812
758
487
762
583
756
604
690
754
1117
523
265
668
584
287
945
912
937
956
773
294
540
578
311
775
637
776
717
829
1018
294
517
662
500
875
585
722
313
247
682
827
658
691
413
891
731
808
814
286
984
658
533
764
1023
747
859
747
725
1128
641
699
574
589
755
736
315
1129
437
995
537
753
333
810
748
976
577
346
1006
691
809
757
870
860
621
600
519
869
903
682
878
780
331
630
602
965
355
847
650
355
326
842
678
288
599
1191
942
620
780
291
779
778
853
935
853
627
764
863
784
736
870
717
682
337
711
672
853
460
777
847
781
767
790
362
763
433
874
594
300
1159
657
828
658
712
614
744
685
809
684
657
968
943
704
752
975
788
994
996
758
903
853
1043
921
670
839
757
737
704
694
824
763
711
684
611
1181
628
938
603
876
720
1233
565
347
1217
779
779
811
665
1036
344
605
638
682
744
655
1020
1048
694
1078
646
617
775
946
1384
704
736
637
491
754
473
797
523
1114
665
1295
467
727
814
434
1075
509
624
703
402
611
835
637
532
810
812
880
763
845
356
901
379
331
675
569
673
335
589
617
573
585
390
892
772
771
669
897
756
805
834
1425
846
616
835
873
894
604
674
678
794
670
1122
877
1020
582
618
627
705
867
730
1107
1094
698
747
797
560
763
786
735
749
874
598
542
692
575
842
884
615
732
1133
866
648
785
760
660
755
828
624
806
750
781
507
965
686
682
485
596
722
556
603
998
813
1070
682
629
676
823
640
705
727
825
735
1098
1070
339
642
480
767
778
945
755
985
504
740
960
699
857
350
823
974
654
989
694
1095
919
456
850
712
976
354
819
800
1160
849
374
1044
676
768
550
718
936
876
867
907
746
613
922
995
811
309
822
578
704
782
600
623
904
627
time:6917258
