thread 139672530319104 bind to cpu 16.
thread 139672521926400 bind to cpu 18.
thread 139672496748288 bind to cpu 24.
thread 139672547104512 bind to cpu 12.
thread 139672538711808 bind to cpu 14.
thread 139672555497216 bind to cpu 10.
thread 139672505140992 bind to cpu 22.
thread 139672488355584 bind to cpu 26.
thread 139672479962880 bind to cpu 28.
thread 139672513533696 bind to cpu 20.
write down.
stop.
should stop
Thread 5: thread quit, during 0 us with 0 indexes.
Thread 4: thread quit, during 0 us with 0 indexes.
Thread 7: thread quit, during 0 us with 0 indexes.
Thread 9: thread quit, during 107456 us with 28338 indexes.
Thread 1: thread quit, during 115315 us with 28338 indexes.
Thread 0: thread quit, during 116535 us with 28338 indexes.
Thread 3: thread quit, during 116850 us with 28338 indexes.
Thread 2: thread quit, during 117150 us with 28338 indexes.
Thread 8: thread quit, during 118472 us with 28338 indexes.
Thread 6: thread quit, during 129191 us with 28338 indexes.
ipv4
2847355
10210288
10689161
7988778
11725806
10833040
8246693
10471441
11625724
2508846
10541652
2801673
2460650
2824746
11605828
10592533
11862109
2531973
10564619
11708036
10497444
11913359
10606067
11767283
2887299
10654228
2449081
11673780
10923711
12029050
10593711
11971488
10808789
11926366
2910470
2690210
2642833
10657670
2901673
2711298
2749002
11731876
2815417
2829139
2804610
2768029
2735252
2941788
2660274
2877409
2743079
2886306
2670115
2893614
2656571
2808634
2685696
2978029
2595865
2854489
2805550
2823111
2566701
2658324
2437717
2486421
2442198
2492205
2427932
2587944
2346113
2513472
2459056
2490401
2345697
2653780
2563913
2653750
2670914
2649249
2360382
2637720
2456673
2568793
2462678
2627350
2684121
2452224
10877695
11821135
2726427
10673382
11840599
10820227
11843953
10613875
11861507
10775320
11851621
10768774
11937610
10831967
11983818
11016502
12012649
10869145
12000604
10896872
11980061
10790356
11924798
10751432
12446335
11242704
12061422
10927979
12266219
11114461
12157529
10877301
12171916
10832591
12202798
10790909
12072548
10997791
12039532
10819948
12042255
10892561
12194531
11062807
12059669
10836559
12047259
11282809
12099557
2523497
11119639
12473141
11337123
12453291
11356049
12277464
11038727
12044950
10946373
12240849
10896046
12139022
10736178
11743165
10602518
11905239
10616598
12047100
10607820
11794677
10880452
11847688
10805384
11965497
10785959
11802838
11037546
12122505
11050781
11771394
10646244
11808633
9811080
10627309
8336229
11759397
10717635
8492233
10624933
11737336
10609543
11898717
10623891
11945816
10779415
11950055
10698252
11812163
10680395
11785042
10617581
12014801
11077252
11982539
10822255
11793724
10630791
11748903
10638955
11960088
10856658
13157280
10789762
11746659
10722966
11927792
10717312
11802510
10722547
12019701
10661396
12015624
10709960
11734971
10710673
11779808
10665870
12253298
10795365
11743022
10638150
11794763
10688138
11805649
10620855
11753437
10974058
11844957
11069866
12180011
10951417
12123848
10957697
12153628
11001301
12277760
10930271
12001174
10843433
11838889
10685855
11791460
10657614
12185687
10723929
11813285
10621723
11737835
10626504
12082863
10789541
12016071
10913743
12053551
10830594
12018816
10624363
11755326
10630053
11775295
11180751
11886900
10643573
11741257
2871086
2773670
2484975
2478810
2722164
10634740
11765797
10756127
11934808
2497877
10680532
11840362
10623343
11823319
10647888
11800790
10959127
11981011
2753262
2579274
10749721
11842625
10650577
11853668
9816926
11275448
8397053
12446572
12614177
8730747
11138574
12357040
10959380
11971352
2629465
2370007
10719703
11739584
2737413
2371956
10980728
12609457
11392506
12615001
11452200
12563189
11100149
12003302
2717569
11071388
11759313
2528422
10637808
12098670
10862214
11782613
10685752
11928647
10939669
11772610
2652324
2451514
10771018
11900709
10723769
11802448
10932187
12087102
10657714
12423823
2641607
2450907
10797525
11938740
10735133
11921616
2744358
2370487
2636060
2460453
2747917
2432098
10754776
12249446
10874492
12032597
2891854
2668757
2773836
2382774
2892173
2685019
2477945
2373112
2840620
2668444
2436747
2374223
11452656
12171996
2790035
2632979
2448030
2397040
2730508
2662786
2370059
2515470
2643536
2628539
2377202
2462244
10843693
11847292
2808012
2403580
10956603
11750856
10619819
11821943
10291047
10787358
8078288
11752401
10744551
8351972
2994844
2531312
2939098
2590431
10131618
10801005
8041989
11022991
11783400
8307482
9806694
10715286
10080576
11108050
10094400
10951455
10383305
10833010
9861885
10737956
9855561
10711972
8122793
12047952
11963895
8341410
9837170
10638858
8174478
10719165
11770528
8387950
9914389
10716312
9983500
11045702
9830931
10761419
9836380
10721208
9821268
11088313
10000695
10961415
10002928
10776539
8050734
10719718
11819471
8366941
9838096
10734428
8076639
10873959
12036884
8309354
9813559
10711073
9870361
10790575
9976783
10835698
9875296
2677623
2839294
2644805
2785243
10739280
2729860
2789838
2641271
2884376
2678532
2785341
2644063
2869409
2640388
2789543
2629966
9815689
10760212
9882450
10715135
2384907
2532038
2407799
2571673
2389723
2533891
2433277
2853801
2389688
2530822
2470793
2527523
2382338
2519613
2460491
9878524
10974082
9923590
10939767
9911900
10858302
9850873
10761354
9819232
10705839
9877222
10743913
9807031
10869999
10047168
10751332
10174076
11232257
10232808
11043768
9805519
10984921
10003230
10954509
9901047
10702197
9861694
10763717
9820929
10947799
9950222
10913543
10062321
10828041
9797830
10995586
9810944
10709066
9803174
10816878
10149995
11169016
11555941
11353223
10157591
10981889
9839876
11032436
9985387
10717185
9988227
10752754
9813094
11098610
9763444
10723013
9837735
11038651
9989509
10900888
9800783
10704776
9807074
10712306
9806377
10929583
4166496
9845496
10957037
10073999
10938620
9980893
10946196
10239906
10962110
10060730
11066905
10033774
10970932
10085901
10919445
10010558
10984110
9980956
10927629
10087025
10930400
10074543
10872351
9932141
10921300
10245509
10851189
8194874
11044481
12153642
8589416
10220552
11063888
10065195
10967195
10069860
10896411
2668086
10049634
11022918
10070586
10945343
9986447
10937290
10140899
10863851
10017057
11141236
10066922
10924387
10157097
10999210
9996850
10886894
9912967
11040968
10110858
10944659
10096517
10976441
10068302
10957135
10049161
11212998
9984872
11150086
10480611
11529775
11363113
11159116
10181121
11012206
10218683
10973036
10092788
11128932
10317431
11241799
10462350
10990392
9990560
11236803
10135759
11196181
10208529
10951137
10164361
11060891
10066618
10962438
9969487
10972050
10038154
10912839
10127358
10932654
2502144
9990377
4049113
10916614
10179910
11187933
10108908
11197980
9993197
11079991
10185136
10954174
10005508
10883809
2718655
2525585
10012881
10995210
10025526
10972661
9953115
10934438
10000608
10765498
2738552
2573054
10345264
11064256
9979242
11087005
10089734
11109963
9984418
10820660
2718268
2420086
10033891
10926646
10015924
10924346
10132153
10959193
10080598
10844604
2649955
2514353
9993489
10952866
10168947
10968140
8225063
11047965
12026149
8420290
10113989
10885140
10049229
11065560
2705126
2530663
10058326
10901738
10055084
11002358
10044640
10976231
9986489
10799939
2923471
2393496
10058368
10950470
10107025
10940775
11017183
10995452
10248572
11105138
2682700
2484421
2774096
2696821
2420548
2475879
2695191
2674360
2528359
2456328
2655015
2722046
2464040
2420700
2832953
2460868
10101487
10917299
9946582
10840196
8201895
10953581
12390292
8647376
10180275
11025635
10055947
10972539
10047295
10957045
10050040
11031531
9989298
10131318
10963992
10898814
10068217
10085588
11042625
10978174
2802298
2584190
10420008
11066981
10069561
11011892
10162059
11163028
10031921
10815900
8308635
10952052
12076330
8561816
2814729
2616540
10060109
11007811
9955309
10962125
10087516
11047914
10329739
11055942
10086709
10959661
2848955
2520578
2765671
2889983
2680680
2811569
2789239
2791210
2632595
2863875
2750690
2803113
2686279
2898706
2727260
2812031
2719256
2863491
2648556
2873667
2724513
2889752
2698792
2869379
2683659
2835208
2728805
2406221
2649854
2376371
2569408
2395092
2612029
2375811
2519355
2462870
2589677
2376398
2614097
2429132
2548399
2465296
2579380
2558743
2601556
2459765
2544511
2459654
2605487
2392153
2610681
2493046
10045101
11201407
10068417
11157736
10244939
10880102
10024325
11002309
10491527
10945326
10109702
10902709
10083264
10861803
9918246
10972465
10070662
10951840
10021186
10936537
10326681
11001201
9979614
11777321
9946153
11007751
9999429
10934765
9986217
10888251
10412353
10868395
9917843
10968054
9992524
10884079
10101811
11116196
10363792
11030007
10018767
10861130
10008654
10919676
9948120
10865024
10069037
10897573
10071673
10937243
9911791
10883594
10025766
11022480
10092277
11143154
10248342
10978150
10010967
10973936
9995744
10883304
9914437
10971173
9913388
10920610
10006190
10995975
10047310
10939933
9904577
11143316
10071877
10950985
10024937
11223615
10069307
11017211
9952961
10984740
10031424
10975853
10014976
10891483
10046408
10829200
9933360
10868743
9995885
10846177
9979925
11030609
8195200
10989606
12413120
8390643
10047519
10855495
2670209
4111823
4110486
10191006
11036085
10093260
10974599
2488276
10044423
10769973
9997663
10935510
10012949
10894592
10034016
10973652
2771681
2354205
10378136
10905379
10028991
11557897
9989639
10915785
9984246
10925950
2630647
2448427
10072866
10881438
9994638
11065735
10003390
10906556
10014922
11127307
2745625
2422018
10175027
11055749
10296548
10848696
10041673
10933616
10134882
10858574
2715817
2438740
10118359
10808595
9987249
10853283
9895652
10852935
10036547
10945365
2717298
2372259
10157764
11107070
10115871
11182536
10072983
11080724
10039784
10836867
2657676
2450168
10218308
10925020
9993948
11162739
10006328
10874276
10027220
11113284
2730619
2422495
9988583
11169803
10220273
11119194
2640406
10216899
10934876
2364018
9901973
10986218
2853890
2438843
2705590
2424726
2626919
2491672
2715374
2631145
2470130
2534646
2630655
2731573
2446163
2475882
2702182
2851161
2533846
2462131
2721517
2662093
2480545
2466659
2666119
2689822
2503112
2400136
2688734
2491775
10292985
10928559
10002631
9996770
2850523
11013913
11190157
10131263
9997104
11075994
11274392
2671027
10258983
11268000
10425598
11329948
8553077
11238867
10056201
11067002
12056119
8486373
9999525
11056862
10582554
11289429
8507796
11361819
12689971
9183368
10011142
10909260
10287166
11085142
10366593
11078060
10264185
11116982
10001482
10896209
8164946
11001474
12047534
8585994
10018197
10976022
10190196
10833838
8213709
11976449
10950975
10814491
12038801
8579422
9969190
11153925
8206318
12021562
10937576
8629749
10902672
12206058
11015896
11959403
11039569
11903400
10819585
11924943
10866748
11951617
10987620
11998602
10844886
12243766
11075881
12038555
10141064
11083405
8290521
10977461
11922042
8471596
10294494
10814771
8207665
11984479
10924211
8521560
10921075
11925730
10841573
12017752
11070146
12155287
10950915
12105461
10149868
11026316
8205649
11001099
12270151
8437731
10030339
11033244
10133758
10888048
10079322
11143332
10372484
11185770
10188469
11008337
10063912
10890840
8495896
12659447
11274649
8649234
10121638
12269541
8346905
12150391
11061092
8635362
11081468
12302353
10792216
11955760
10941284
12123705
11096803
12135507
10206942
11132044
8215751
12082891
11271728
10859767
8476347
11983025
10852982
12278260
10950664
12004609
9942369
11041148
8220504
10995416
8520348
12317003
10106365
11089613
10127597
11017774
10119415
11077709
8229884
10987681
12105235
8583966
10052259
10960167
10042848
10971149
10046549
10846869
10175618
11024084
8341451
12133771
10932274
8511483
10755726
12265943
10057276
10865392
8302582
10950798
12104331
9971685
10968485
8472314
10091817
10970245
10100134
10969919
10104393
11072308
8269046
10960607
11921871
9962337
8720732
11177534
10190211
10905839
10089228
10894133
10019450
10850973
8115739
10927154
12002664
8568733
10089848
10907391
10075184
10871696
8321168
11980867
11857221
11139838
11986911
8519255
11106403
12556658
10146189
10867694
8307180
10999576
12179727
10109058
11005641
8591155
9962026
10895388
9942405
10832477
8217795
11169386
11966973
8481116
10007546
10928757
9989283
10937192
8168375
10940661
11973567
8485599
10065836
11227160
10152437
11019883
10062127
10948533
10051329
10892958
8449286
11976774
2951704
10967940
8399012
2802175
2951774
2713356
10915939
12064883
11184815
12192280
10292416
11012106
8291027
12077337
11216684
8505407
9994584
10890789
8177882
12257947
8434380
10896233
10903664
11956254
10750255
11957282
10858172
11984590
10137120
10887067
8247532
12037509
8572846
10998389
10905021
11972281
10997479
12359021
9954406
10948564
8198517
11963959
10819539
8461602
10895962
11952081
10983382
12080903
10053682
10805246
8184076
10981150
11925668
8730940
10907257
10995206
10165194
11101787
10007062
10800447
8234803
10871819
11965362
8460057
10149405
11035940
10084632
11052581
10042127
10854563
8178202
12135484
10975341
10798424
8828647
12178928
10226929
10939396
8220211
11924960
10859170
10845282
8427729
12155312
10974085
11985880
10097310
10927676
8249977
10901747
11996672
10111344
8684957
11115628
10065700
10835315
10120552
10916062
9897603
10797562
8294817
11068990
10312484
11052783
12138278
8547414
10114493
10997593
9997844
10838534
8226840
12226633
10950639
10781146
12039288
8420612
10744867
11988436
9936528
10825506
8276441
10964336
12075775
8483237
9967980
10914330
10004951
11112084
10167671
10935652
10270020
10884942
10025021
10849277
8114485
12032553
10877542
10880253
12083540
8451940
10076504
10868000
8263015
11957868
10864427
8344083
10703436
10834117
8308928
12250596
10867900
10873266
8412514
11954451
10815503
12050444
11048022
12122113
10157229
10814741
8184765
11986795
10943626
10985843
12030535
8442821
10089088
11113704
8230845
2851268
10843864
10762715
12008188
11968525
10902154
12160989
8477895
2613739
10841416
2802706
10983571
11999859
12000958
10895972
10863712
12071823
12006191
2711988
11097359
12018169
10869915
12098279
10917531
12050818
11009449
12081662
10089098
11041148
8248683
10879425
11989311
8431093
10096651
10913802
10085518
11007675
8276288
10874042
12013687
8411599
10029743
11014704
10052658
10990361
10200509
10904062
10002271
10934651
10057411
10910157
8423652
12184867
11090057
8602130
10428640
10958810
8222669
12001551
10839410
11006213
12056837
8489421
10873226
12013411
10920774
12051673
10063915
10828567
9082514
12299399
11239296
10834671
12246102
8399947
10832772
11979053
10974480
12261074
10116183
10975438
8322485
10934309
9980100
10915428
12067618
8436226
10120682
10844878
8264131
12051333
11327756
11033130
11958079
8460812
10950619
12106746
10108500
11063182
8201290
11047829
12131965
8542094
10067189
10995848
10067190
10984887
10008112
11034159
10054574
11148387
8210683
10880708
11930581
8551857
10254967
11174003
10165016
11049735
10146816
11219253
8279915
12149039
11069660
8571637
10860814
12048708
10745546
12198984
10833587
12024718
9991570
10913633
8224023
11001008
12149000
8472392
10040262
10914357
10036496
11010192
10126778
10983697
10022752
11030857
9971484
10835593
8440971
12019240
11005547
8454338
10903703
11990448
10875744
12581829
11300891
12133473
10111798
10983515
8272170
11761738
12237562
8521359
10103730
11255644
10282126
11116771
9974889
11108194
8316657
11146250
12053796
8466066
10008652
10865173
9932671
10910099
10009720
10900628
10165086
10873934
8261442
12053804
11178820
8394289
10899003
11961036
10184193
10897136
8424915
11054617
12089962
8514118
10004063
11004607
10040931
10922393
10177076
10937946
8211520
12078541
10948120
8913998
10851429
11921789
10078576
11090397
8182958
10994452
11951231
10104036
10884602
8474203
10006513
10923050
10009592
11055784
9991576
10818572
8245263
10884533
12494098
10041175
8471784
10931297
10016768
11076711
10084102
10800587
8180658
10863761
10032543
11050318
8535538
12010576
10093008
10926733
9926246
10944109
9954626
11165736
8190288
12002322
10823109
8538686
10826063
12109746
10008066
10794535
8257227
8425023
8217154
11594719
12125370
8461898
2937928
2661523
8239665
8394240
8206338
8472301
8398739
8424282
8279771
8548561
8329617
8440911
8259375
8422853
8265296
8416169
10034188
10821245
8258113
10909065
11971627
8482904
9966887
10859926
9965781
11021664
9943178
11109775
8276095
12143995
11054795
8562426
10041004
10901427
8207213
11997534
10850842
8431391
9954523
10878206
8266236
10849133
11904971
10035821
10906376
8419865
10278613
11147787
10264227
10965375
10246407
11068398
10097511
10862916
8332631
12087954
11004629
8440047
11101542
11958796
10107869
10837945
8194388
10858478
12260380
8457457
10126607
11086471
10017252
10992097
10088457
10822517
9982385
10973374
8367617
10885257
12184963
10104664
8481535
10850990
10159833
10940078
10039101
11178717
10123089
10917360
8248759
11006757
12120540
8467805
9941251
10894124
10084785
10844170
8858970
12075854
10974291
10878429
8416024
12067520
10840894
12348724
10993881
12175318
10256184
11008067
8222504
10983705
11963515
10004446
10865525
8507230
9976196
11010697
10851945
8178909
11894016
8410325
10828319
11919228
10437914
10985668
8292810
10966747
10145938
10947006
12118608
8411636
10051116
10868163
8229129
10927932
12015855
10037606
8439215
11125467
10090392
10900519
10160079
11251393
8251813
10975692
12032340
8456079
10294054
10848684
8264854
11921529
11029946
8399993
10853060
11909071
10869509
12045531
10804918
11927790
10125397
11114146
8259772
12083084
10891509
10901750
8417000
12020250
10218156
10970938
8247080
10960665
11948321
8505680
9963674
10921300
8210125
10886716
10076170
11010049
12314043
8505624
10025633
11005882
10035260
10892930
10064272
10948253
9925546
10914793
8848575
12042254
10782646
8469328
11956350
10936952
10048554
11025047
8394377
12156296
10944847
10856039
12002234
8691168
11024711
11968154
10075432
10900182
8326251
12025709
10943029
8442567
10931615
12087255
10914046
12031519
11243694
12091277
11030563
12086051
10909673
12062085
10946098
12000143
10141380
10968988
8300343
12063926
10949340
11882724
8419176
10969349
12168346
11052183
10334368
10855642
8280164
11946015
10986026
10822470
8435966
12058378
10017476
11039798
8212666
10812338
11968468
8454749
10082216
10875364
8312521
11991936
11069025
11166640
11960753
8469940
10799256
11980768
10944752
12029101
10908730
12100546
2894022
2759109
10100919
10838723
8183282
10985075
10078101
8473728
10963760
12071202
10298260
10927530
10205273
10780782
10048898
10043332
10971999
10954241
2892762
2545373
10101165
10656467
10941697
10954410
10055375
10050216
10938511
11041499
2905285
2684338
10130921
10919508
10378720
10865288
10012027
10733252
10091670
10916578
10074156
10867970
8248516
10952587
11972646
8450688
10038087
11072721
10002272
11011055
10148742
10885014
10301551
10959687
10112235
10894893
10012186
10976888
8209053
12064614
11038014
8474903
9972782
10891038
8398100
11986519
10985021
8500981
11050761
12104441
9945282
11131254
8254766
10882314
11956015
8489155
9998751
10905278
8234005
10970235
12027738
10059528
8402131
10969788
10050557
10952860
9934498
10992744
10229103
10958430
10213438
10927667
8236691
12184246
10997816
8432164
10032147
10921814
8289231
12031548
10821562
10903465
12019346
8511153
10823078
12080740
10976206
12034375
10363357
10685845
8297448
10912087
12022220
10019830
10967117
8390905
10573120
10878049
8285942
10897728
10005879
8419634
11108775
10084681
11032574
12069697
10117378
11229110
10098287
10993027
8208840
10970799
12012550
8458748
10119623
10884435
10033550
10772312
10027019
10840034
8410480
10940415
12086431
8436519
10138898
11023171
8436894
10022971
9946339
10950200
10198994
10901477
10920162
10893011
10050878
9979522
10937115
10911474
2820647
2531434
12278111
8600937
10136946
11018748
10091078
10796506
8511379
11896882
10931075
8489910
10948336
12158374
10071989
10869955
8201054
12012816
10968781
8400115
10889517
12128132
10953356
12049205
10944554
12014599
11166146
12142420
10192525
10966139
8269998
12103478
10895741
8451250
10846562
12036995
10040846
10901681
8349937
10989268
12008552
8474792
10087190
10956536
10015992
11084751
8247045
12027959
10968249
8612155
11997467
11462304
10757824
12025876
10029302
10777786
8424267
11116437
12158886
8514431
10202093
11125165
10133321
11160187
8220872
10967711
12072022
8421963
10057574
10761407
8289037
10873223
12025415
10018273
10995813
8501975
10271118
10910425
8283405
11013153
12002702
8322074
10290705
11101453
2783730
2562856
10054115
10878543
10071152
10933923
2906272
2691109
9934172
11108960
2826412
10151259
10012300
11170398
11073837
10033171
10940996
2471705
10064657
10911504
10190001
11138250
2832463
2605166
10340070
10855841
8211950
12323459
2860422
2630078
10932735
11993005
2911224
10869120
11972544
11016731
11983371
2889558
11046169
8432535
2664647
2688843
2879668
10878610
12020821
2701283
2891065
2785691
11235764
12169207
10934062
12108195
2859103
10947718
2734518
12010051
10929754
11930484
2958053
2608662
10942257
12020737
10988060
12052580
10854214
12062325
10827948
12068554
10993859
12035320
10859334
12019803
10867535
12615284
10893290
11980350
2785713
2907315
2926282
2964518
2537539
2683263
2779179
2661388
11020671
12010345
10789475
12004035
2834556
2674402
11003612
12019141
11133277
12029202
2962946
2754631
10891974
12009414
10914372
11928323
2901975
2720400
10854929
12002281
11453115
12549962
11073726
12342991
11073106
12241544
2951829
2742756
11518289
11252618
12060915
11297882
12302998
2915986
2771307
12337750
10926400
11993313
2942268
11003385
2819004
12182692
11215466
12108845
3011946
2908355
2909456
2754236
2766799
2622347
2998731
3010087
11314713
12443835
11051336
12286486
2753117
2792770
11044029
12136159
10875542
12084907
2877987
2888460
10886820
12035604
11188618
12209022
11059507
12049188
10789765
11935181
2907534
2696944
2660372
2642361
11105823
12142932
11122494
11951064
2872575
2631935
10891742
12010450
10791172
11899062
2948409
10898185
12030933
10847709
12076942
10929146
10916733
2647027
12024703
2904432
12040941
11131794
12055838
3162588
10933596
12002289
10974349
11940007
3385424
2686169
10073136
10868027
8336502
12124472
11078836
10974829
12022109
8519059
10903918
12380191
10901768
12119650
11160672
11979564
10934125
11977183
10964025
11983353
10926399
11961579
11009793
12036081
10926241
12017981
10897158
11924599
10866443
12066127
10928280
12195428
10925124
11988320
10837315
12062599
10962739
11876265
11044684
12145032
10915835
12034194
2950247
10916349
12056156
10933142
11971746
2776879
2937917
2673235
10964941
12218430
10948410
12070562
10828557
11936674
10830926
12019439
10944108
12005517
10979440
12000213
10874767
12000405
10808358
12233148
10891962
12063566
11134546
12049317
10794982
12022824
10849219
12132847
10838360
12100999
10952920
11996798
10952323
12051592
2904354
2726591
10888190
10845031
12070604
10833117
11954276
12287696
10829717
11940139
2944965
11657688
11997275
10994945
12156108
2788276
10952241
12086975
10927715
12132813
10948090
12020493
2883789
2589306
2847133
10966839
12085706
11093526
11926406
2875612
2701362
2647849
10864197
2864922
2901898
12070196
10855931
12093627
2730740
2646969
11059376
11994430
10899478
12068399
2816829
2692627
10817393
12021082
10876948
12021556
2956966
2755206
10063939
11072409
8269252
11924940
10893224
10858862
12249720
8605851
2948277
2721478
10913066
11987640
10897282
12041601
10876155
12004714
10912059
12017712
2921923
2656960
10922544
12104491
10865208
11932023
10869991
12018190
10895059
12076498
2892325
2677485
10976766
11972877
10921333
11941922
10841270
12189033
11012046
12021624
10925740
10922489
12136016
10917468
11943146
11904840
2907106
2676598
10946142
12080620
10901982
11971253
10852011
11950773
10776871
12012201
2902690
2898115
2833160
2680212
10886440
11935961
10909459
12295812
2863527
2649317
2965387
2769394
2840611
2698003
11381370
12019839
11190633
12124823
10956207
12075120
10839328
12017401
10916461
12014978
10930614
11988587
10818730
12031270
10894653
12282878
10806399
12029390
10876956
12246999
11004951
12046794
10873605
12011724
10820144
11942500
10886897
12050866
10872722
12033774
10911925
12240336
10991793
12022376
10864986
12164432
11026940
12011886
10870376
12013138
10907804
11982377
2901006
2632152
10904215
12079015
10855309
12170484
10017139
10942691
8449326
12141915
10803845
8432040
10964338
12051022
10957404
11936404
10795953
12016874
10868983
12179388
10942736
11941533
10865100
12150560
10788884
10864464
12169168
11990791
10888585
12073289
10976023
12012453
10973095
12028442
10865163
11933123
11004538
12150147
11081248
11953416
10938356
12003101
11104762
12083804
11481772
12217377
11104165
12175039
10943743
12011272
10934558
12093453
10882303
12078211
10847172
12075273
10997133
12031772
10880629
12255966
10850914
12045560
11208683
12346543
11148547
12357937
11051374
12073380
11029745
12041844
10922002
11960270
10994374
12134156
10929512
11917045
11116522
12056291
11086260
12255442
10957953
12050856
10964255
12190142
2857608
2701416
10792005
12038293
10976261
11981979
10932221
2882150
12023897
10816222
11935514
2632861
11163934
12005741
2819401
11013410
10959952
12159599
12024271
10951874
10952441
12127095
12129809
2685843
3003297
10939324
10916653
12061046
12064881
10883441
10900705
12160389
11978419
2819548
10997512
11991178
10082204
11030712
8197810
12113776
10932507
10763880
11968241
8561669
10888895
12011389
10866942
11920903
10839197
12143380
11355027
12206368
11128199
12150949
11088161
11039128
12080366
11904195
10901579
11960501
10836983
12074554
10870757
12032637
10872716
11944357
11020698
12055373
2909961
2566020
2868749
10914895
12025126
10951681
12050048
2774121
2593782
2495239
2779299
10915841
11980608
10938449
11877464
2851874
10896572
2483836
11964760
10671328
12107349
2810626
2536257
2573079
10932207
2813237
2647744
12118940
10992108
12017849
2822875
2801101
2599732
2590784
10841693
12019277
10895840
11930336
2910134
2558460
10848127
12052566
10913242
11823197
2740741
2561511
10900213
12054143
10854752
12263234
11003695
12155851
10849717
11991370
10909408
11988315
11119366
12451108
11267506
12068800
10967073
12012912
10854689
11930439
10872116
12026135
11179418
12021661
10987816
11912679
10056978
10895631
8218247
11935556
11020051
10939165
12009383
8444510
10827825
11922081
10803049
11964474
10855156
12625675
11065586
12134858
10901844
11940420
10952698
12062505
10773239
12010106
10874934
11919379
10903670
11914420
10864275
11985714
10777520
12015236
10968117
12178145
10894506
12039436
11058312
12030879
10857477
12042827
2736144
2482641
10951845
12002957
10948861
12008834
10873511
12022238
10900275
12033927
11095033
12311052
10896590
12031248
10895785
11896637
10898965
11939684
10958092
12022001
2837498
2628895
10859645
12021245
10864067
11941261
10882142
12011654
10870431
11005714
12136823
11978828
2767250
2775254
10789054
11917041
11008228
12489917
11276782
12068204
2723645
2599297
2628832
2538000
10928645
12014303
10887171
11997934
10988810
12020039
10891228
12358292
2812898
2630987
10100259
10708819
8284060
11939614
10895112
12043293
10925626
12075732
2748085
11093980
8406876
2487072
10832845
11972310
10879395
12081579
11533746
12217546
11008709
11952659
10934041
12058339
10761771
11903473
10807197
12045344
2740511
2506353
10867635
11970872
10915456
12055517
10912515
11937227
11018941
12079071
11152453
12068749
10859071
11936110
10948031
11973989
10947000
11946002
2868935
2688413
10051611
10913907
8240760
10985110
12004700
10057788
11021591
8549357
10226550
2914161
2550925
11221310
10063660
10904708
9854017
10959704
9953081
10975877
2836661
2584720
10136643
10044423
10906286
10964699
10088605
10023804
10898816
10879383
2828576
2609531
2906954
10128361
11088179
10288972
10934407
2564925
9960481
10958901
10254996
10944648
10218237
10873284
10073817
10879594
10051143
10962572
10005173
10931032
10086847
10197635
10934501
10031412
11261221
10964348
10132782
10956593
10055874
10921658
10142831
10958523
10011103
10923338
8332839
11967134
10847212
10830499
11991866
8526770
11568449
12147147
11210983
12178683
10925357
12065961
10842937
11999607
10954724
10927760
11972445
10917192
12026033
10770525
12052138
11998865
11043589
12153357
11057650
12327750
10924792
12208200
10910393
12058520
11039056
12127202
10970485
12026342
10787294
11982857
10867139
12018589
11032363
12264270
10913833
12065353
11130877
11971279
10824024
11972007
10897030
12028246
11056742
12013752
10976726
12028241
1544058
1517777
1633617
1432146
10888947
11935460
10889294
12096118
9172137
1588863
9191129
9155843
1495647
10083307
10020115
10036792
1455921
1471391
10908405
12042708
10914726
11995397
1551072
9090205
9068371
1424569
10821080
12012855
10767537
9897523
10034822
12023461
10951554
12046711
11145627
11944652
9134394
1455374
9083006
9988834
10101004
1420123
10934745
10989750
12018126
10857049
12024314
9029802
10249791
12128965
11464470
12144304
9145801
10146343
11240049
12099961
10925306
12033476
11011496
12010879
10975137
10902628
10896986
10870699
10994447
11948397
12078461
12241023
12092529
10995061
12041640
11176303
11072272
12013767
11961287
11035754
10962205
12061121
10939457
12027618
12073175
10074468
10964415
8314243
11102031
12112017
10910443
11952275
11148041
12002317
10865502
12017509
10850867
12110554
10868334
12001782
12018820
10781507
12021355
12004941
10948721
12020292
10930431
2707417
2711489
12031730
10868133
12446060
10937072
12085385
10927945
11944404
9163448
9928574
1467921
9188300
9755308
9090950
9857650
10944730
12105599
11004837
12019096
2712079
1394564
8506306
2408572
2442982
10988666
2492729
2668697
1830157
9125623
9069040
9165989
1553399
9159839
9936630
10055293
10005075
9878732
2516362
9114119
1458842
9078175
9889159
9896351
11016404
12709893
10929770
12010437
1433212
1354498
10996685
12022891
11019001
11924631
9084778
9903910
1466350
10962881
12033855
10993570
12001480
10905609
11984086
11010654
11995935
9134058
9916715
1300511
1507337
9130782
9064064
9926477
10250039
9124015
9937615
1379136
1328676
10895959
12047156
10815241
11994266
9094899
9941247
10892422
12201697
11114927
12234072
9095518
9999167
9083839
10014190
9095124
9998515
9309171
9102141
9063004
9993881
1281001
9983250
1278562
9928074
1142301
1136988
1371045
1229972
1291617
9176765
9899392
9139737
9899828
1240291
9131116
9979536
9093113
10061157
9077445
9987908
9094413
9917442
9384157
10234445
9147362
9968165
9086050
9965863
9115133
10001968
1497137
1384233
9128337
9910616
9120955
9928170
9116016
9972268
9115854
10056767
1436117
9220552
9082648
9997477
9826075
1373061
10958319
12114323
10843079
12011341
2908362
2679291
8275551
9115299
6781893
8794208
9903693
6964590
1469054
1357665
11110791
12223381
10953381
12547829
10881221
12185312
10950841
11953337
11094688
12090413
10731466
12042132
10882662
11968793
10902949
11948518
10878644
12189157
10913167
12146406
10861185
12025797
10762265
11957602
10824984
12235702
10872741
12079732
10927702
11983903
10987650
11975883
10941873
12164916
11040779
12051670
10793173
12038687
10955514
11949259
10917155
12020417
11127354
11984349
10960327
11962590
8307760
8799201
8337168
8774354
8291805
8810340
10138136
10945622
8376838
11967841
10920059
8448880
10976355
12064464
10952188
12255824
10936587
12052039
10927116
11988579
10951920
12105023
10874022
12005926
11070786
12243407
10929683
11979904
8292822
8864425
1293126
1137907
8259215
8918452
1509272
1441640
8303841
9042233
8274044
8973750
8282524
8832592
1560909
8228006
8189911
8825514
8933810
1440694
11066438
12151456
11007185
12517893
10946543
10931390
12001100
10978310
11955808
11948438
11181537
12142553
10908718
12027460
11108769
12059775
10932735
12195126
10999949
12159510
10958027
12096751
10977799
12091888
11042298
11996061
11222228
12132487
10998517
11951635
10930699
12010011
8330624
9205135
6906714
9007166
9941290
6971413
8215638
8704743
8264433
8866035
8184998
8816984
8254935
8783497
8221636
8995682
8238239
8227676
8853061
8778147
8153034
8798226
8229143
8826323
8345484
8957861
8306004
8399076
8842541
8848348
8237271
8769781
8417010
8902598
10082709
10913322
8236222
12335978
10932402
10821590
11977089
10831476
8463996
12060048
10955168
12059970
11053697
12020356
10949909
11981636
10910689
11943443
10965107
12055205
11180465
12052117
10955945
11975332
10951310
11881734
11062345
12103478
11109612
12062887
11495396
12048631
8226213
8768077
8269150
8757884
8311040
8232748
8905023
9021497
1497568
1349464
10971537
12017695
10885985
11987780
10866814
12164784
10968897
12040900
10846043
11938705
10870520
12051914
11041471
11968304
10938150
12078833
8545228
8750850
1521278
1425530
10984311
12020070
10902104
12008486
8350569
9283442
6831854
8877829
9921045
6964260
10915674
11981955
10188842
10866704
8291761
10956828
12023589
10260428
10901753
8477465
10017715
10906693
10074800
10992644
10090469
10973471
10110967
10962889
8290143
8764943
10280061
11011504
10189366
10917941
10068295
10987090
10332144
10920547
10049962
10866648
10138536
10975214
10194719
11062924
10104577
10972086
8272769
8791858
8220373
8155575
8923512
8884750
8209189
8793957
8361689
8778078
8479530
8782333
8284664
8179363
8871327
8819875
8330495
8982586
8265017
8786961
8283779
9321684
8275301
8856017
8256813
8753426
8258174
8836423
10214986
11186624
10055932
10930274
10229375
11130619
10182018
10959539
10169724
11050847
10158371
11100139
10154604
10929884
10155062
10990991
10053851
11018856
10044079
10878801
10156267
10980695
10236105
11017954
10089456
11000161
10153516
11021365
8352031
8841445
8260612
8866504
9930652
10913946
10096462
10903926
10012487
10953484
10103634
10970957
10005376
11209613
10171809
10881349
2878226
10070112
10188784
11016738
10938073
10107884
10114054
11009423
11094005
2730648
10071351
11049065
10046386
10861402
10070869
10962100
10105163
11077798
8333090
8960196
6878587
9959162
8917837
7052663
9167568
9935704
10092441
10849291
8304906
10883533
11960540
8440918
10007490
10970401
10081954
10976758
9914087
10305330
10944292
10041612
11014835
10948502
10095531
10955219
10108113
11296804
10028068
10961268
10076252
10881767
10049656
10976497
10170099
10915972
10035423
10857333
9433168
9822070
10058416
11073000
10094977
11045262
9187034
9929920
9128387
9909775
9093231
9893864
9111976
9890891
9095171
9953941
9074173
10054719
9090014
8998756
10028266
9840479
9161392
10069793
9077236
9955774
9168882
9109990
9903703
9910456
9128321
9892560
10043209
10881570
10079509
10976359
10057080
10952073
9917545
11183342
10034353
11014387
10119227
11099098
10122389
10920486
10006486
11090121
10191889
10983752
10085755
10964861
10070226
10972498
10093086
10848931
10145479
11175206
10114945
10921022
10082340
11093383
10124611
10952048
9203055
9915668
8265431
9081578
6764615
10032222
8750528
7112532
10123438
10949416
10027339
10139245
10957103
11200140
10072094
11067749
10257431
11092208
10195838
11110665
10574313
10978137
8288393
12086745
10961196
10883351
12173485
8434985
9154505
10042334
10918186
12183557
11013884
12201765
9196456
10005878
11112929
12094998
11000356
12080586
9043767
9934852
11016583
12171138
10911619
10969364
11959700
12002644
11019862
12228652
11035137
12076556
10916181
11934548
9181130
9842307
11002902
11993154
10918594
12013432
10874813
12012493
10786305
12066567
10812036
11983014
11165840
12039452
9199267
9240765
9921813
9983651
1500000
1485681
9113377
10158645
9080861
9979978
9077386
10028023
9064282
9971946
9152964
9967303
9252841
9975978
9081683
9105459
10138036
9950839
9201422
9980636
9101806
9928688
8243109
9114598
6797341
8748635
7045628
9823896
8342057
8942609
8231885
8835643
8251882
8832048
1458042
8298146
8278611
8842209
8886747
1607798
11030138
12094946
10913649
12022207
10855895
12514550
10879752
12036294
10974880
11970334
10977001
11873848
11196334
11980180
10845580
12025984
10372138
10930107
8353434
12030236
10918290
10999698
11975484
10876937
11955112
10950444
12024968
8466193
10873063
12098604
10981836
12106982
8213432
8904770
11180773
12053234
8276553
8777281
10909003
11868806
10941028
11937148
10953792
12105181
11242740
12025831
10856626
11974439
11015530
11957149
10821579
12121062
11130910
12095546
10922356
11936401
11033555
11945661
10959531
12044656
10908390
12019803
8316445
8282536
8888847
8244758
8861233
8807720
8178827
8914097
8276190
9257833
8270177
8837446
8226084
8863665
8239320
8784259
8145612
8825777
8306754
8791080
8357694
8876773
8266807
8295064
8819283
8759785
1488445
1306764
8220861
8801679
8223557
9337378
6877932
10139734
8853438
6918782
10833008
11964794
11366101
12106433
10839519
11982234
10898274
12043113
10914388
12105704
10986176
12363172
11408943
12417748
11108180
12526417
10388261
11039863
8621086
11145826
12333376
10256552
8824201
11037367
9446311
10117199
10100413
11069673
9997772
11264869
10235303
11077680
10140772
11378813
10099079
11252689
10090796
11021381
9096179
9999996
9258667
9923127
9223636
10036609
9347785
9993136
9112942
9827140
9200484
9855882
9196394
9893340
9254856
10064528
9178663
10083528
9329680
9985915
9128443
9933330
9081215
9978241
9137105
10003290
9064332
9960949
9052394
9999194
8948825
9991075
10034299
11033049
10267618
10394835
10979120
11119602
10139079
10989469
10321752
10984090
10127880
10956502
10102582
10954720
10072421
10850198
10119955
11092707
10308088
10894731
10095640
11218081
10078190
10914459
10024047
11797218
9204414
9889908
9217818
9969215
9183750
9049228
9997816
9815936
1474641
1373262
10171836
10819636
10100964
11072100
10150394
10962065
10311770
11011997
10066364
10919086
10101396
10902448
10084824
11052810
9943708
10971401
8313891
9095281
6836767
8773481
9898780
7141227
10190738
10891988
8301018
10914701
12119784
10050516
8423723
10955157
8235047
8825230
10034722
11011486
10048692
10909109
10122266
10876691
8333835
8777078
10212123
10974521
10072826
10963845
10102054
11180511
10183554
10932526
8333065
8882835
10048291
10915980
10133911
10933327
10127242
10905038
10056523
10899213
10133818
10974267
10160574
11022901
10095786
11161324
10170431
10871150
8289946
8827623
8262307
8770277
8326358
8903785
8238726
8821038
8257559
8781310
8252251
8853056
8318313
8431250
8935316
8966430
8320155
8821850
8296983
9129394
8518658
8529861
9856052
8943929
8301924
8778446
10155977
10920229
10103029
10968673
10115152
10871932
10188273
11148681
10347566
11038937
10133904
11102236
10177694
11271063
10046475
10957505
10133612
11041820
10151981
10921781
10169181
10967528
10179379
11086500
8434001
8876245
10265073
11102590
10117390
10913200
8247352
9156762
7020974
9997448
8794356
6988582
10073435
10914360
8250163
12060847
10879160
10880000
8531871
12026301
11040344
12117141
10989029
12035708
10858738
12019833
11258277
12102726
10926506
11969120
11005590
12022502
10961253
12015720
10947018
11952134
9173730
9945039
9197348
10014137
10875361
12011996
10817765
12227287
9371676
9941085
10854072
12184134
11012782
12019024
10943416
12050494
10875940
12277930
10991720
12328421
11042674
12049744
11156069
12158616
10931192
11171232
12759565
12033748
10882533
12029384
10985439
12040287
10980636
11965169
9304948
9142537
10026039
9890242
9215473
9844911
9204802
9870070
9170350
9880050
9328641
9795854
8250420
9098375
6786272
9889835
8843313
9188792
9995835
7009787
9209919
9952293
9210094
10211249
9282203
9876274
9147787
9501720
9951520
10113365
9395789
10006999
10274433
11008139
8392594
11253756
12166015
8448452
10105171
11118496
10372159
11092636
10082011
11069776
10341527
10921458
10237916
11100149
10250656
11421154
10289187
11033167
10163299
10968958
10242259
10963949
9087912
9902134
10075309
11007497
10202469
10187579
10859147
10948860
10204148
11189085
10142240
11159206
10269303
11010380
9331179
9959199
10063192
10938660
10068722
10843606
10025919
11104576
10159489
10974884
10201235
10817086
10203757
11385104
10121311
11141196
11012933
11165968
9360938
10124000
10112211
11071078
10156244
10868117
9183258
10214746
9150718
10156010
10104985
10985715
8505469
10906138
12190162
10058082
11129238
8697245
8220343
9341063
6820137
10076081
8812209
7134105
9288693
10095345
10216893
10999494
10176202
11083839
10295081
10967455
10080727
10828274
10273795
11015296
10116685
11212532
10071103
11070802
10073296
10114945
10932475
10923981
10183519
11006040
10120454
11010012
10150079
11101872
9137491
10110243
9123572
9970892
9363993
10204763
9313412
9989915
9123552
9947431
9394690
9915189
9150448
9296149
10059297
9923001
9354118
9984474
9273838
10068627
9140725
10093772
9119074
10014544
1534470
9128744
9561315
1460852
9893052
10038185
9269024
10170726
1442922
1399599
9117571
9989059
1564364
1481918
9232041
9236312
10057735
9983138
9161024
10006665
10057522
10975299
10141891
11036785
10107512
11622718
10267031
11018529
10101727
10964031
10254913
10965710
10303154
11358269
10626093
11422062
10107399
11046227
10439834
11197627
9333516
9983003
10315918
10954636
10571539
10410290
11257898
11088952
10102536
11029622
10112857
11025605
10251168
10957947
10092277
10876902
9219451
9827195
10150203
10930811
10079625
10064975
11097808
11322849
10447973
11407467
10403807
10924337
10243930
11314686
10310076
11123446
10298345
11042358
10215691
11373902
10418726
11033248
10188018
11080344
10143737
11541499
9203013
10072313
8347516
9095852
6959763
10114710
8917247
7189858
9551228
9967663
9303623
9304231
9969405
9913989
1549461
1476597
10139443
11295464
8437138
12131556
11032977
11198392
12293508
8551053
11084960
12298836
11093713
12424176
9483601
10203514
10898173
12055410
10953539
11930785
10964029
12131490
12035685
12068881
11334371
12078962
11048431
12145054
10946150
12141082
11409538
12124552
11109282
12246069
11080647
12063895
11153580
12057747
9148994
10040317
9165843
10192070
9110940
9932594
9382087
10157010
9251750
9934627
9342370
10023075
9443067
9135466
9989346
9914768
9188346
9881159
9318297
9888018
9157113
9823102
9194707
9356484
9910460
10080095
9073302
9955388
10887793
12130423
11010056
11989547
10952445
11953154
11057121
12128861
11082197
12218171
10956467
12151715
10971941
12206804
10909473
12124534
9097688
9997849
11121604
12150644
11034552
10964236
11952680
12019140
10946910
12085811
10901358
11997931
10888109
12024124
8464467
9347260
6816549
9874220
8883183
7040491
9271927
9305491
10023674
10023117
1509990
1428918
10979968
12071715
10841363
10869338
11899390
12017645
11834920
11970831
10901726
12250736
10902551
12064096
11059009
12163524
11039567
11999373
9151180
9899003
10105113
10892020
8215606
11894066
10984703
10918838
12020478
8452197
9249232
10175118
9206085
9920059
10938869
12125928
10894276
12033789
9041036
9910887
9142589
9954472
10807580
11951326
11403454
12068612
10939795
12128035
11001006
12315015
11027992
11966162
11207253
12288492
11066867
11997618
11097990
12203089
11546656
12481178
10979120
12493396
11379916
12248445
11196789
12277118
9468227
9970728
9303915
9997177
9373358
10336978
8347242
6761721
8804100
7243465
8673736
8890738
8478846
9037569
8416837
8985584
8412295
8954636
8494598
9150749
8320151
9014440
8410846
8886972
11067124
12159211
8354234
8850969
8226592
8800546
8377478
8852775
10960227
11974749
11020033
11948072
11821039
12051731
10902492
12007246
11271833
12235598
11134477
12232098
10900929
12117406
10913110
12175133
8273971
8922936
11043042
12259859
11114635
12216053
10882042
12200188
11179266
12401894
11362172
12224327
11359548
12074194
8417991
8830837
10110485
10833407
8392401
10922391
12033307
10073661
10879294
8485933
10159042
10880665
10236386
11052643
10327629
11165532
10278282
11020383
10104486
10983577
10177469
11326909
10293830
10996004
8353704
8794872
8336956
8855948
10161626
11169709
8524125
9202584
6804193
9300329
9864171
6990925
8331115
8854532
8321525
9246019
10111180
10968539
10216530
10981268
9995437
11008289
10303410
11019035
10014377
10961338
10126577
11060892
10424807
11248380
10435431
11154852
10146688
10982457
10396088
11181098
10015905
11122116
10170884
11161860
8456121
8916564
9129314
8299714
9081357
9017743
8204591
8565497
8916640
9083728
10144266
11020922
8339670
8821185
8236570
9201496
8349080
8789342
8474498
8804776
8254109
8841945
10087434
10977738
8686552
8919713
8249130
8867493
8322535
9050931
10560812
11236362
8352284
10883872
10307100
10978643
8736722
10070686
11269752
10363854
11137276
11970312
10205841
10870463
10125167
11368411
10065833
11110404
10528496
11259217
8440565
9005770
10137025
11078350
10154719
10979819
10260232
11356743
10111265
11143935
10060221
10998703
10027854
10972708
8269254
8742402
10217161
11235042
10377290
11289823
10136491
11204258
10150402
11162120
10243570
11139433
10120382
11154362
10318071
10946746
10395610
10968179
8495218
9036272
10127726
11289436
10479906
11382319
8376236
9139366
6836817
8796948
9980451
6958497
10166192
11227788
2969313
2727762
2931949
2837504
10151799
10947353
9176923
10935617
12065726
10135462
10987061
8521842
8779429
9201838
8746977
9210585
10360790
11215324
10517850
11306048
10225878
11207644
10548447
11235726
10404813
11035478
10299598
11312163
10236276
11119196
10364898
11341480
10268021
11130676
10203772
11230243
10275077
10962520
10068953
11245683
8271853
8906594
8627247
8500762
8944756
8949136
10291969
11173258
8241763
8827565
8318377
9317420
8337285
8999993
8338245
9132875
8314366
8335128
9074572
8891148
8253242
9121352
8366270
8809353
8793489
8764529
10265040
10873816
8612776
8998809
8314740
1557912
8697906
9073453
8760140
1560966
8549254
8871349
8513456
8875510
8409879
9263381
10221385
11020170
10455920
10281380
11105126
11287237
10302116
11329207
10215371
10998864
10325215
11589608
10236270
11123527
10192542
11102077
8226055
8869124
10257100
10963251
10079287
11048419
10176601
12038499
10280385
11125476
10220021
11106052
10421518
11023738
10571438
10948745
8576364
9076542
10145970
11122512
10452398
10971502
10181567
11250885
10312731
10966948
10300807
11151674
10069044
11176377
10276837
11032096
10596636
11031860
10343308
11202110
10238232
10967707
10075567
11001097
10072464
11036663
8531815
9165730
6853232
8945683
10229748
7003754
8523640
8948262
8372774
8910617
8520277
8843214
8776907
9168509
1583999
10261778
10992328
8294914
10855064
12230035
10072231
11059693
8422754
10311014
11004125
10243073
11155530
8327927
9066010
10196841
10234463
11464956
10092839
11189164
11194838
10170034
11136954
10457486
10970801
10251814
11037783
10140770
11140765
10262157
10934731
10243780
11042262
10112086
10888081
10382602
10910168
10078667
11151990
8249771
8764336
8195177
8268959
8823966
8784069
8332314
9783041
8301024
8835837
8195927
8811387
8323587
8997507
8566059
8429869
8831449
9245854
8435954
8845180
8389486
8976765
8512923
8286341
9049019
8768828
8571140
8847422
10290010
11159220
10258727
11201423
10152598
11282896
10309234
11131965
10145901
11447118
10348680
10962654
10361857
10953256
10174646
10902283
8309614
8812300
10131913
10946786
10024393
10939294
10084316
11031521
10387711
11007618
10092460
10933291
10639911
10948546
8335998
9454706
6967698
8817271
9911446
7040457
8325281
8326980
8867856
9086805
1598530
1359044
10163323
11105949
10327324
11212375
10146238
11208091
10008005
10930248
10530996
11284372
10078983
11003574
10327796
10957380
10317731
11000913
10337541
11164856
8382346
8884205
10371231
11257088
8361615
12030575
11022753
11060135
12334180
8681257
8357072
8789774
10969067
12161492
10936348
12211590
8279569
8814921
8888920
8979724
10916938
12071755
11078025
12100264
10918768
11978535
10899037
12491538
11092516
12123503
10920834
12234997
11205416
12244270
10959084
12308856
11093085
12130395
11236057
12063355
11181721
12250951
10876756
12011197
8574625
8791385
8328499
9457651
6913720
8399124
8981606
10107363
8835659
7265540
8283031
8948164
8265739
8850928
8674533
8834020
8517269
8845613
8344799
8700305
8475720
8912367
8542997
8961442
8368253
8796583
8306889
9053272
8390250
8778526
8420261
8806681
10921701
11906369
11302670
12435362
11197653
12130523
11171025
12234011
10948790
12483337
11183337
12303388
11003254
12260647
11158825
12290297
10975273
12041964
8623701
8883254
11213456
12315454
10984131
12106598
11189244
12047429
11366638
12332872
10916582
12332799
11071731
12155949
8328539
8976783
10891412
10904497
8374574
11160641
12149847
10383965
11163895
8514724
10248106
10959653
10420844
11218566
10285470
11131814
10261266
11195852
10188071
11173096
10412005
10953624
8480127
8454035
8901431
8558768
8806598
9030202
8275581
9128434
8422911
8913432
8494304
8987177
8474589
8885407
8521228
8981020
8403183
8795145
8432805
9004782
10186388
10967090
10493365
11153440
8610230
9162745
7062573
10123403
9166264
7046167
10284716
11238016
10243037
10950579
10089138
11010344
10271498
11107734
10006905
11126017
10036241
11273803
10145171
11109776
10281447
10927383
10336921
10927530
9366492
10165909
10405099
10962342
10335740
11061668
9219734
9914344
9418466
9992411
9401309
9942353
9582486
10083236
9201123
10159407
9142876
10168949
9175494
9309014
10160013
10091481
9171137
10061908
9301249
10101330
9241550
10117437
9262000
10601112
9236216
9979483
10159651
11008556
8729796
12623608
11179836
11218771
12438959
8600298
11351687
12221909
11120487
12408006
11176690
12245993
11131546
12203268
11260168
12113463
11167460
12189335
9209127
10172551
11120240
12004027
11241370
11420632
12238525
12060154
11088192
12419005
11186226
12195214
11151791
12191706
9176044
10034043
10950814
12233806
11004535
12015383
10983606
12325514
11348700
12260242
10986171
11984985
11113865
12181264
11119450
12047181
11456788
12528633
9397929
10064720
11235512
12266458
11083608
12292354
9319572
10170346
10922551
12536578
11032932
11977314
8638937
9164531
7131351
10021724
9093773
7234820
1502698
9265317
9957852
1323255
10978359
11952741
11001460
11994847
9204053
10021724
9379025
9960746
10106828
10952424
8580977
12107538
11789598
10857824
12230981
8530236
11095047
12030441
10932878
11962247
10938189
12041303
10955598
12039021
9399698
9969217
10913661
12227185
11040575
12048200
11374924
12275129
10948785
12125858
11145831
12091761
10924354
12081564
9126125
9143120
9898118
9948324
9384502
9946820
9121341
9922834
9025534
9904373
9136824
10046470
9139737
9268207
9948550
9932486
9497666
9896969
9263907
9911982
9396264
9891781
9172188
9925907
9458574
9906265
9128504
9905513
10945686
12019796
11055852
12036439
11012762
12048501
10927904
12110514
10973176
12011220
10961482
11951672
10953296
12253139
10932137
11982446
9191393
9895642
11019280
12157653
11119890
12110523
10972384
11946895
10956150
11998587
11039295
12120170
10900607
12038360
10984554
12274083
9119405
10286523
1478165
8315419
9945982
6796054
9295984
10080387
9915093
8861401
6994840
1355030
10996212
12075066
10951019
12040654
11102560
12191535
10927086
12491136
11023602
12070766
11155187
12280068
10999255
11037080
12134855
12137288
10942142
10986196
12002107
12018148
2906522
2693790
11009906
12001398
11084342
12014962
11204016
11968183
10821789
11955272
11010414
12049556
11009078
12017995
11128763
12146721
10938673
11972223
9270412
9917155
9081498
9968077
9165718
10043274
10081259
10916454
8365912
10890080
12093724
10203350
11035282
8501481
9187888
9913949
10235494
10976923
10132787
10839915
10139314
10946304
10209958
10901188
10310144
10982860
10373234
10980337
9271919
10115865
10209402
11030235
10277493
11081824
10243482
10923321
10132233
10856547
10167819
10898773
10185669
10959285
9218876
9567616
10157084
9915202
9173059
10741789
9175942
10003635
9200907
9980365
9249836
9943560
10222282
10931323
10179635
11004772
9154417
9931297
9170999
9901378
9527537
9923477
8576463
9327804
6909341
9925637
9022864
9272915
7057303
9997483
9431522
10121734
10088810
10911573
10163662
11195117
10120314
11019434
10096878
10947382
10383549
10994789
10096805
10839843
10250031
11002404
10131093
10983803
9396658
10014457
10131760
10910711
10184492
10997983
10184134
10902845
10297460
11009910
10116715
11179654
10111249
10914466
9461027
9904286
10185473
10927396
10085152
11017492
10168890
10918553
10182442
10962795
10047232
10994440
10042363
10868324
10028646
11153345
10143797
10966594
9327372
10006358
10098037
11001444
8155579
12042592
10849831
11053809
12048378
8427321
9114955
10003007
9274363
9993189
1467785
1407880
10984539
12135677
11065268
12047381
8906791
9217860
6763767
9978688
8774561
7041838
9134311
9907755
10948111
12026532
10889253
12241901
10991418
12157129
10913177
12120909
10954292
12285966
10957521
12088184
9190293
9880255
10944241
11999604
10920962
12060888
10888025
12035597
10905909
12049940
10951012
11959561
10911005
12050187
9366149
10078083
9206571
10058322
9144056
9987941
9259333
9968852
9227389
9965047
9163909
9942562
9200137
9864252
9242765
9854549
9244135
9834848
10991870
12040539
9377491
9212556
10064395
9934689
9137290
9946458
10907329
12012420
10898065
12140696
10850107
12040133
11007128
12023663
10881689
12045852
10903486
12147731
11037170
12015966
11023534
12046539
9129207
9833043
10946028
11992923
11000195
12020419
10984782
12034484
10927155
12135383
9181941
10008721
10947298
12346057
11533634
12014609
10154332
11289601
8737379
11259699
12136436
8574774
10180077
11002263
10289304
11106056
10199020
10959969
10365021
11007980
10171957
11218099
10197585
11123343
10156949
11027815
10158020
11016690
8345801
9125530
6931251
9886984
8889202
7014274
9248513
9846993
10202433
11145904
10149234
10928908
9251290
10080108
10192250
11031413
10221823
11123536
10156880
10986888
10127110
10913446
9135808
9838057
10079944
10950122
10153440
10834938
10123099
10834633
10068856
11108280
10174082
10994548
10079922
10954889
10136514
10980776
10196744
10936606
9037278
9155624
9919782
10013173
9151491
9909917
9147571
9910723
9171592
10012524
9242368
10211175
9196330
10151914
9157970
9922715
9364355
9920042
9152518
9129937
10160046
9904485
9115918
9953797
10154101
10942426
8436735
11962629
11241888
11128715
8860105
12936838
11058956
12082126
11142727
11967668
11110814
12055914
10975881
12042692
11068749
12150381
9245724
9930994
8299036
9164722
6919037
9998762
8846927
7309319
10880244
11989025
11069648
10869099
12089104
12045467
10935130
12040088
10955503
12021637
10915890
11963807
9204756
9148635
9909408
9969931
1535547
1398971
11312336
11955902
11032283
12099837
11062949
12121432
11032959
12029062
10911102
12048795
10946577
11910677
10929085
11984561
11008075
12200061
9293192
9924393
11164138
12016778
10952500
12032942
9206187
9786862
10953055
12052812
10878973
12041306
9111159
10000148
9176790
10022546
9258851
9992542
10289331
10972075
8611511
12031266
11182560
10996237
11952556
8511954
11008857
12266310
10967564
12059949
11025694
12038547
10975893
12085342
11099217
12200023
11173146
12373847
11042495
12090469
10980658
12090499
11032304
12097851
11023555
12015850
8348134
9241199
6858867
8934949
9936504
8284676
6993276
8984617
11148144
12234877
8476396
8805689
8397012
8767731
8352493
8959750
8316923
8785304
8355575
8755592
8290055
8809267
8314739
8849934
8334311
8864680
10933680
11910915
8449815
8323502
8927088
8810461
8600407
8919715
11015513
12042285
11086142
12076388
10978795
12036553
10901293
12003606
10930932
12112469
10901142
12057312
10950336
12077887
11001995
12230257
8363288
8798198
10965410
11976068
8338716
8903961
11056839
11979854
10965195
12050608
10920500
11982697
11135624
12160699
11056859
12041151
10931018
12291511
1514296
8305983
8356911
8692433
8872649
1430344
10908550
12079172
10982867
12044323
10977248
12013236
11015265
11988381
11041372
12051114
10996447
12603536
10938783
12297691
10907348
12025230
10953273
12032439
10862373
12186587
10963502
12076838
10922020
11949906
8366363
8753235
8369524
8834520
8264179
8355474
8811830
9143571
1558274
1487516
8523906
9368350
7038822
8804271
10154459
7236652
10167064
11042262
8356381
10987175
11960616
10288941
10963452
8462859
8507704
8802068
8413719
8778151
10419584
11316034
10173103
11075229
10467890
10958628
10136895
10907197
10458113
11109576
10341024
11043614
10208331
10991607
10152479
11029655
10105972
10920665
10108830
11023900
10397318
10968140
10096504
10980553
10151237
10962925
10116019
10953544
8311440
8367063
8762074
8870737
8313094
8827840
8417537
8837459
8456463
8838882
8423000
8838777
8567958
8294602
8817536
8776541
8218517
8804637
8374883
8507715
8842887
8776668
8530039
8879952
10155164
10841490
10128818
10996317
8345680
8845775
10640318
10945078
10195706
11202179
10065642
10937089
10174408
10920251
10207834
10883028
8363518
8773786
10233349
10913632
10112609
10938860
10260405
10933289
10097585
10968921
10089461
10937868
10299918
11023272
8329459
8269336
8816241
8804194
1507099
1338486
10108254
10878685
10126103
10819851
10201252
10890400
10136263
10999982
10159784
11004521
10270924
10905424
10142104
11184242
10235578
10887709
8360806
9112667
6916291
9914524
8842589
6983007
10135302
10866008
8363470
10977706
10124641
10935882
8449524
12029763
9177556
9970486
10140620
11193065
10182598
10946160
10108668
10902567
9242487
9825110
9252412
9840104
9230445
9945747
10275913
11015792
10231211
10896684
10095350
10950542
10116034
11017678
10066278
10835425
10183479
10879159
10098159
10906463
10265778
11050231
10092194
10939738
10255437
10944680
10130951
10875826
9694324
10014470
9194150
9915801
9413943
9900684
9180471
9916274
9292742
9928957
9183683
9157747
9882005
9946799
9176836
9940301
9291467
9943938
9157162
9184849
9919785
9945920
9150411
9941672
10394874
10913394
10073603
10961541
9250332
9996037
10093972
10981350
10055788
10874000
10164090
11024973
10162982
10902242
10228609
11005798
8332897
9241959
6829921
8851446
10085719
7029188
9973204
11036719
8290766
12042677
10930455
11010950
12030290
8539643
11077714
12103692
10914239
12030962
10947834
12213618
10954144
12018387
11230188
11981594
11037254
12061120
10996248
11972635
10951952
12273845
11108590
12233221
10961075
11969704
11085926
11012559
12030894
11981047
11102198
11169831
12033562
12166681
2883306
2730273
11046594
12107116
11096720
12050262
11243066
12222961
8537905
8952464
8742525
9473460
8331790
8908282
11049460
12072040
11263560
11955642
8400125
8826560
8464780
8858144
11337232
12079793
11038895
12190898
11224129
12195647
11051196
12094702
11051373
11966073
10969939
12213265
11302376
12086912
10993638
12028527
10949886
12061410
11004434
12172203
10956929
11992849
10923054
12263875
8455727
9188394
6842326
8822963
10015559
8312253
9047304
6997943
8440807
8759287
8329738
8838123
8350472
8796384
8358523
8865245
8394926
8807083
8421864
8819170
8319709
8799384
8296887
8870505
8266132
8868683
8361699
8830261
8297432
9003843
8393353
8767113
10132781
8282491
10974015
10111385
10963620
8534111
8650294
8813736
10149398
10107089
10960750
10071441
11009579
11247354
10176516
10902397
10108192
11274334
10116794
10976082
8423305
8862753
10132379
10981312
10150219
10929808
10163362
10930223
10176942
11370576
10097819
10932837
10063286
10966520
10048697
11207906
10247758
10137188
11106230
10962047
10127950
10980962
10175519
11054238
10106131
10994421
10251594
10984538
9960743
10961332
8339364
8838132
10065207
10866726
10434532
10985395
8277238
8852800
10137895
10975207
10218064
11021711
10165088
10985169
10222246
11175419
8351069
9239089
6829483
9990599
8853334
7037014
9150568
9902141
9431967
9924343
10259995
10974842
8324871
12067288
11002257
11070881
12043949
8467175
10996394
12180178
11020266
11990910
10960950
11934818
10960919
12062519
11117380
11952782
10881560
12045081
10978394
12094214
11114612
12089959
11181648
12090868
10839324
12055427
9220670
9966892
9198028
9170689
9950320
9907817
9443200
9923809
9244249
9893079
9191647
9795721
9301563
9894810
9265804
9138355
9981293
9871070
9680682
9910601
9164536
9970467
9138601
9877557
9174523
9893415
9475290
10005387
11038081
12117148
11074015
12170731
9181225
9959205
10991465
12040323
10996557
10878457
12022335
11883978
11032470
12120652
10856098
12271692
11078393
12030532
10969110
12089249
9402498
9988521
10943024
12087653
10976768
12066512
10948344
12056216
10955470
12100763
10987924
12209909
11132287
12101253
9127410
1563406
9118358
9979353
10199707
1470628
11020558
12084582
10914882
12076888
11062798
12064531
11036505
11965260
11013221
12012116
10984248
11957268
11156697
12068636
11013230
12130714
11128521
12027424
11005670
12094414
11109745
11970057
10898659
12028220
8381564
9098438
6999298
9926918
8872584
6962099
9464736
9215716
9905364
10031359
9187046
9967662
9196434
9846551
9130945
9926275
9144582
10413178
9197832
9941722
9168441
9880227
9204005
10078415
9245239
9138087
10275636
9956350
1470513
1324146
9219786
9878180
10310605
11007786
8352338
10945690
12003475
10144734
10987304
8399586
9140242
9887505
9054498
9892842
9243160
9904806
10211355
11098055
10071463
10937332
10238040
11035088
10230846
10908281
10259786
10983188
10156254
10948156
10099952
11013476
10122770
10961038
10134107
10996195
10157424
10975909
10346765
10990092
10127222
11054359
9167915
9970376
9106850
9990771
10213568
10946281
10059000
11051638
9229166
9920898
9183033
9936840
9246260
9881817
9233017
10130723
9256280
10022176
9397576
9964546
9273217
9895391
9225644
9973239
9212662
9974019
9189215
9976524
9186566
9886601
10261693
10942294
10147556
11009598
9245643
10218654
10281400
11101674
10288893
11076248
10259164
11050667
10165336
11001194
10669451
11006717
8306212
9184882
6812375
8898121
9905702
7001393
10210770
11015903
10392355
10945560
10229640
11030116
10207096
10911352
10094352
10925754
8380858
8322435
8847931
8843348
1468564
1353219
10234045
10934386
10255687
10991168
10227547
10959057
10156091
11104375
10168025
10971699
10209583
10866774
10306406
10993188
10129557
11007094
8323280
8752468
10084931
10988429
8318602
12041620
11023387
10958008
12029365
8417631
8601892
8784467
11085869
12018344
10883433
12093583
8412356
8809028
8297356
8841435
8320917
8821220
10917948
12070010
10971937
10923122
12031748
11969628
10978634
12358092
11165507
12161803
10900271
12143092
11111091
11990219
10992689
12009399
11010329
11949779
11061349
12090629
11115416
12076576
8306836
9196169
7011316
8888082
10241918
8339702
8908663
7089115
8491035
8789532
8283768
8779392
8936544
8871475
8361506
8784564
8409760
9251634
8421913
8849323
8477913
8887063
8458240
8870470
8353772
9361134
8345529
8876438
8327261
8897242
10938975
12220133
11000481
12080288
8327732
8815683
10996528
12034928
10881108
10947671
11976457
12058129
10950911
12250420
11083784
11991689
11199670
12246051
8419575
8937441
10128952
11110055
8377021
11963127
10946366
10954053
12070325
8420214
10977474
12076477
10936909
12431246
11009725
12056173
10984610
12019270
10993376
12080492
10997566
11984895
10939078
12001975
11016757
11966341
10975888
12040552
11053280
12366960
11295066
12059650
8397442
8887573
8386729
8821421
11004269
12134577
10894602
11949127
10885120
12081691
8273425
9203846
6864589
9991044
8794088
7114499
9178255
9971599
11253726
12007626
11020235
12063764
10928582
12034216
11519828
12070845
10971717
12024127
10989086
12070750
10159846
11000325
8342616
10949063
12172794
10447287
10992482
8461622
10211030
10904347
10021752
10878635
10114050
10805341
10120047
11015938
9217378
9996878
9285813
9938497
9161916
9918527
9254211
9142242
10280052
10077055
9389944
10000154
9199074
9966224
9185045
10021883
9197837
9894222
9183953
9979143
9183882
9859307
9190027
9900275
9232696
9879010
10300688
10966920
10313134
10952523
9236066
9969784
10126558
10951443
10767554
11051268
10217176
11058916
10207726
10978723
10152432
10908380
10146483
11031047
9304643
10253629
10182993
11237059
10102078
10961215
10212570
10831249
10044113
10869030
10197310
10923179
10155399
11144524
10161419
10978295
10223826
10911241
10170002
11043439
10221486
11135459
10227596
10960894
10105758
10899287
10076047
11475251
9990070
11221973
9215039
9935997
10233741
10926660
10107583
10975751
8623900
9274009
6868041
9892851
9183739
6978356
10112231
10951107
8399463
10900956
12057562
10128252
10993638
8536527
9122796
9907232
9211001
9884770
9194737
9937737
10199100
10917508
10268572
11040138
10532383
10965379
10230016
10956012
10195931
10978628
10172981
10979918
10234684
10890197
10051894
10952588
10241693
11021230
10203666
11077676
10204429
10992346
10313140
10981292
9172576
9957082
9288561
9126536
10179368
10091224
9347593
10076668
9207171
9989103
9195018
10050150
9305604
9987674
9331515
9896012
9226859
9931410
9508271
9855725
9234258
9882260
9264104
9839868
9282828
10061402
9221949
10018235
10200492
11186913
10373036
11174851
9298459
10142999
10390492
10981544
10173885
10483820
11044339
10971282
10165130
10976340
10648968
10940748
10198882
10904625
10150236
11032411
9239381
9900498
10272111
11123062
10123537
10128541
11005923
10998567
10330129
10924995
10106410
10988388
10158172
10879387
10134926
10988425
10191940
11081961
10035836
10972963
10208614
10990117
10189813
10231080
11216117
10224690
11209565
10943016
10226600
11145136
8301289
1503286
9101285
6873519
9287194
9873083
8883860
9883276
6993803
1389972
10144794
10910151
10191916
10964638
10169512
11007740
10181848
11004457
9237009
10070408
2940709
10151103
10950809
8317367
10231494
10876080
10847867
10052716
10101666
10802920
10976955
8503448
2818913
12135513
9193904
9960691
9163577
9237686
10103514
9981931
1493598
1401526
10155688
10959921
10033528
10898355
10238353
10940899
10286128
10970135
10123638
10920534
10247308
10983769
10197500
10983904
10292619
10910973
10440321
10941686
10075515
10874978
10679189
11175426
10179583
10977847
10089015
10886014
10165702
10907088
10127912
10970890
9265016
9981776
10186813
11117894
10172633
11127848
9137143
10014530
9106128
9917740
10205248
10992548
10179207
11026087
10091420
11004245
10232297
11008040
10270941
11023810
10230941
11027048
10185710
11208414
10205153
10940821
10134543
10981017
10163249
10852877
10176996
10950117
10229804
11026034
9228926
10090801
9215667
10030339
9141673
10003869
9280435
10040403
9228217
10197570
9126771
9958667
9130505
10013637
9200224
9968950
9186211
9915862
9205523
9956035
9466881
9914990
9356877
9198722
10082936
9931887
1574822
9181140
9925320
9148974
10082325
1484571
10104436
11016694
10227285
10939266
10199715
10984571
8344710
9234789
6819036
9953886
9071763
7020275
10407532
10991169
10300119
11163372
10137683
10884744
10610393
10983459
10838809
11088156
10094403
10955430
9374598
10006563
10177321
11002025
8411600
12115789
11141094
12085298
2780746
11002763
8582279
10905907
12038885
11229403
11993451
2868768
2733077
2770917
11062267
12106110
11011195
12032345
2882227
2597213
10998689
12314396
11121091
12127951
2952680
2773124
11165025
12062761
2905739
2642033
10983507
11978072
11066649
12132889
2961955
2695435
2905220
10986273
12103535
2684218
10955410
12045433
2898826
2667816
2906053
11140611
12178699
2729861
2863949
2641676
11044086
11973561
11053002
11014884
12069704
2920004
2816413
2674868
2692379
11957460
11242507
11907931
2942953
2800188
10968509
12008376
11009253
11975311
2922858
2624753
11057823
12413462
11071942
12085668
11127365
11956572
10979405
12065912
10911649
12029650
11166565
11917349
2958198
2852679
2701483
2711111
11080184
11975601
10978705
11956713
2950540
10934132
12021618
10945223
11947637
11007200
12081178
10864745
11978977
2698135
10988824
12225271
11081462
12209931
10899174
12050755
10875405
11972421
2869196
2696279
9258953
9987496
11044580
12008903
11033803
12008015
10991889
12038367
10904995
12006201
3004002
3014580
10901581
12068516
10968740
12075933
2900892
10991910
11965488
11019594
12059357
10990919
12287146
11198108
12216017
2762077
11015348
12016318
2913585
10943651
12015622
11069803
11965465
2958160
2886842
10960667
12036242
11089210
12019693
2900200
2787208
2728937
2689477
2743943
11084674
11977412
10212528
11037054
8370406
11881052
10897157
8296218
10774318
12114602
10900482
11938358
2812691
2627501
2937565
2635302
3007955
10901607
11837685
11159997
11993607
2712370
10938393
12035290
10782658
11876211
2828954
2748989
2866063
10766419
11906727
10850589
11816988
2673871
11169881
11856492
11061828
11854406
10934010
11976348
10993896
12277833
2984528
2948662
2923397
11258083
12153773
10960049
11860024
2584703
10969335
11845507
10839136
11782550
2625387
2920731
11368068
11899215
11050933
11777667
2948505
2695552
9105067
9837938
10993333
11856356
10973987
11824997
10761254
11832997
10769471
11778196
10800629
11904198
11188115
11912597
10874356
10768134
11863885
12088524
10860165
12147669
10941234
12378992
3046034
2811218
11254229
11867718
10768069
11834689
10905873
11959337
10901431
12074948
2829507
2616152
10778773
11806388
10945505
11762724
11024413
11902969
10774222
11873429
10859899
11774312
11012664
11797815
8959237
9726697
10801708
11843693
11071002
11769102
10765893
11807831
11001259
12052630
10964497
11817744
10761455
11872315
10773529
11783040
10775161
11755021
11007489
11802147
10868198
12145524
10767322
11760893
10892873
11781421
10179230
10915123
8188219
11799656
10740841
8313972
10782519
11784604
2898620
2589527
10770753
11785100
11065312
12425883
2823166
2818257
11229571
11841194
10780082
11788568
2610895
2678421
11051321
11880069
10850417
11766955
2902608
10776817
11769779
10763603
11760670
2906245
2604089
2596243
9040395
9726994
9040248
9737708
8506758
9217772
6878949
9821504
8758506
6801559
9244064
9944416
9139839
9948580
9264775
9860902
9085889
9758427
9056122
9809896
10763474
11840898
10869162
11771745
9316218
9019728
10787824
9834938
9732760
12091580
10938043
11856590
9009908
9814232
2825196
10820166
11855642
10770772
11838118
9002439
9740917
2608085
2875546
10789140
11773545
11110260
11769969
2598050
10933176
12118432
10999329
11861105
9018764
9745034
9041219
9738857
9041171
9739632
9027090
9737277
9012933
9047269
9822406
9907655
9107708
10053329
10765247
11803427
10867126
11950397
10811776
11810672
11026497
11755981
10759200
11777809
10799967
11787622
10812870
11869179
10848268
12644986
11200137
11914144
10772322
11983651
2946826
2702612
10862938
11822339
10776047
12286468
11241868
12138158
10762797
11850384
10798663
11955356
10766494
11795298
10872687
12074627
10898464
12036522
10985169
11972888
11157367
12348468
11167364
11774097
10761273
11834741
10825731
11782455
10869171
11759572
10792085
11819722
11188824
11860921
10919301
11943392
11255587
11970480
10966751
11783111
9235295
9859872
10813572
10776910
9971622
10939747
8144531
10990041
10796614
10785509
11245047
11239716
11131905
10928251
11221938
11080545
10814451
10783112
10878539
10888464
10787829
10822866
10950410
11043130
11877225
10851835
11808817
11181526
12019064
11275953
12167658
10805110
12090011
10803236
11774105
11777049
11768679
11903116
11891589
12009692
12010210
12386235
11853988
11793116
12087484
2727901
2738279
2713069
11087938
8415469
10842955
11902611
10895283
11768935
2435602
2432934
2517346
2659708
2432109
10775785
11774431
10812878
11823860
10790449
11769356
10858803
11811201
11112207
11833660
10982312
10955068
12104012
12007217
10948451
11765789
10777075
11867929
10853520
11822089
10849953
11801444
10777826
11872721
10901793
12174694
10919311
12049092
9071336
9806797
8198229
10114690
11942859
10807244
8338069
8198276
10028395
8281993
9999367
11870756
10855967
11897523
10764740
8391899
8566800
8702032
10307593
8323710
10305338
8332820
10243698
8307039
10426750
8273087
9971468
10826120
12014506
11855533
10869647
11877300
11931830
11957594
10901091
11044909
10963711
8410153
10069836
8326945
8381769
11881183
10978001
8414111
8304349
8289819
8303336
9040190
9814586
10942009
11873946
11606572
11933992
2820845
2606646
10834479
12239131
10967514
11782046
9036674
9747071
10775668
11783427
10786699
11844110
8995928
9726134
8152633
9110888
6795773
1465176
8694162
9747245
1340619
6910166
8198304
8770153
10870443
12328977
11127189
12245872
8329641
8789168
11016539
11961927
8453458
8798398
8324424
8809840
8338372
8883430
8327174
8865331
8363510
8843095
8393055
8368521
8827709
8789244
8568122
8909105
8309095
8851673
8385476
8879010
8361265
8865449
8310777
8775224
8356673
8813154
8403331
8864170
8376473
8804640
8344685
8802761
8342251
9084063
10371487
11127524
8676330
11030560
11950776
10117284
10868538
8520869
10101090
11002867
10086669
10969382
10220487
11001318
10189588
10943297
8364369
8832396
10263283
11092076
10237311
11078366
10081844
10909799
10175149
10951946
10047051
10943897
10233862
11034308
10198747
10977432
10227693
10973450
10715224
10879988
10178441
11115819
10238399
10389714
10921155
10883975
10231465
10940221
10197488
10964091
10127535
10965045
10194947
10900973
10139684
10949342
10214768
10901260
10157994
11055693
10232124
11280944
10304166
10934353
8332940
8737789
10142707
10983940
10196132
11075302
2968198
2667321
2837997
10243385
10971744
10162558
10966225
2666365
10256788
10885465
10165012
11031110
10230374
11121254
10198051
10926239
8401580
9255527
6914535
9921832
8825112
7046561
9167774
10026817
10124046
10931932
10145696
11015434
9216850
9964445
10299514
11071523
10128324
11153505
9276881
9858387
9291444
9905075
9181389
9879485
9372451
9915145
9214314
10003303
9168560
9954479
9222763
9967888
9129732
10018682
9191062
9983732
9149288
10238955
9160992
9995521
9182206
9985719
9172186
9227085
9927568
9872707
9309774
9943257
9357495
9237649
10529071
9864771
9292318
10083364
10101704
11035915
8380244
12209173
10930211
11019752
12024936
8467863
9211341
9931180
11007346
11973740
10913546
12029456
11007440
11973781
10961096
12036140
11151453
12204224
11253728
12001392
11010515
12003739
11069881
11977778
11040058
12004757
10962256
12008586
10963388
12078030
10977844
12056909
11062142
12055688
11009046
12295099
11055040
12169175
10998780
11994920
11002715
11970027
11033539
12069147
10917214
12055185
10877658
12061622
11130131
12070936
11135383
12087955
11257243
12005033
10965531
11957246
10951373
12019537
11008270
12185468
11056625
11968719
8391224
9262820
6806558
9951842
8887586
7024915
9189029
10042480
11006648
12124874
11016072
11990326
9189068
9854244
11093713
12165093
11008758
12055202
9166514
10443463
9192526
1495045
9254954
10062869
10038835
1396126
11040944
12030557
11208311
12061592
9266924
9875953
10175720
11064124
8286324
10961053
12042881
8397906
10150931
10928845
9249833
9895060
8418881
9341937
6851387
10096960
9231051
10016270
7214780
8781653
9303180
9884614
9281811
9732673
9162754
9946400
9253450
9879007
9259688
9203035
9944627
9827297
9299590
10104085
9207202
10062108
9344065
10022040
9163947
10290974
9214017
9990756
9159956
9943980
9224532
9920353
10417453
11079044
10183189
11023908
10432884
11077317
10376345
11417513
9207364
10078308
10235091
11026722
10340615
10230680
11015841
10915296
10141182
11038984
10360304
10985299
10274406
11228663
10186058
11168960
10457656
11075328
10315534
10952973
10226266
11010103
10533102
10966512
10066064
10898218
10166940
11103577
10120755
11115879
10210674
11005077
10719055
10228179
10996155
11076172
10174800
11040558
10130873
10954493
10391285
10905011
10112460
10834864
10097119
11037477
10207857
10921070
10117889
10939627
10180921
11121960
10206156
10857480
9490598
9976574
10204500
10915409
10337171
10857266
10155532
10955418
10182588
10996703
10116584
10883644
10257311
10957691
10150729
10997054
10198031
10973474
9168683
9997738
9185314
9930194
10172729
11242264
8329772
11947673
10959743
11054999
11918444
8435380
11041544
12056422
11122945
12091070
8464287
9336404
7183703
9965594
8801456
6976692
11270923
12044063
11208021
11957679
9166092
9928414
9240089
9923893
9233434
9220307
9825277
9879971
9244462
10074870
9279962
9840817
9280382
9848341
9301743
9856132
11044178
12034142
9417629
9168554
10036887
10039285
9208377
9911914
9240751
10003183
9199131
9926083
9834691
10067056
9282393
9204328
9929278
9855828
9267705
9898027
11047107
12208370
10964076
11943517
11021562
11980665
9323014
9845701
11053670
11998139
11105041
11077751
11982262
12199461
10917992
12040356
11040454
12064540
10987754
12115152
10979882
12085043
11032329
11972600
11078766
11949744
10927073
12137858
10966280
12042207
11032229
12062603
11135140
12032378
10963467
12228244
11048929
11997974
11040077
11001168
12056521
12078572
11396923
12114194
11085812
12165298
11047032
11988539
10986400
12005601
10952696
11962282
11217786
11940872
11058289
12010821
11009217
12058510
11034682
12037219
9268094
9967092
10075711
10901999
8356311
12052046
10847905
10986288
11945954
8395105
8559808
9319560
6948732
9928102
8886473
6918601
9341182
9184404
9989593
9922596
9821990
10087464
9217866
9911246
9197608
9968710
9177627
10017567
9195429
9988282
9154420
10183304
9271725
9936797
10908755
11986458
11060400
12037341
9306694
9891996
9367842
9953632
11023300
12260679
9239477
9917507
9204281
9955898
9293491
10071167
9453452
10034565
9201898
9936744
9201369
9920669
11052747
11994493
9214964
9925496
9149462
9967468
9208345
10025392
9303868
9930308
9218869
9900858
9223641
9910488
9496675
9930213
9214026
9878122
10938820
12049944
11025180
12121440
10985591
12038821
9206392
9996225
10089939
11022474
8317339
12041774
11084377
10878731
12210202
8448276
10940332
11988971
11055214
11952257
11039932
12036197
11024982
12084532
11031673
12034045
10957403
12039056
11014642
12202522
11157534
12264813
11058024
12055927
10990529
12008519
11006863
12601179
11156369
12087035
10972383
11013292
11961660
12038470
10948239
11858522
11048473
11964430
11250694
12033522
11006504
12008910
11060416
12140103
11075079
12201445
11125023
12091519
11025176
11959765
11018597
11948525
8418394
9176712
6962070
8782339
10223098
6932972
8362381
8399704
8847808
8834308
1470687
1416704
11174670
12053892
11052004
12251857
8361335
8908605
8396970
8869198
11014686
11946379
11038935
12063399
8398946
9032327
11040260
12024487
10938004
12078538
8533240
8917736
8403366
8851274
8361508
9328526
6793979
8805940
9927894
8421740
8834598
7050977
8398183
8813866
8435051
8804984
8508149
8860991
8416875
8883041
8438333
8399150
1491725
8511754
8954807
8863637
1377802
8965578
8408998
8333297
8893229
8876960
8316709
8707435
8361307
8866168
8228872
8835646
10211531
10999444
8664133
12034343
10974789
8463391
11116309
12251585
8934611
8400781
8799217
8774622
8379294
8759313
11033090
12088039
10978148
12070339
8372725
8887383
11044027
12289230
11059649
12100439
10972311
12141715
11099011
12213676
10998132
11954893
10995524
12094591
11063812
11981323
10961078
11955276
10915713
11999659
11280468
12035481
10959920
12108410
11033175
12193363
11125330
12056799
11062104
11995009
11076576
12069730
11086293
12047596
11036482
12032310
10995009
12251705
11106042
12036370
11219513
12078465
11134384
11969090
11145767
12080978
10968545
12014432
10978411
11994498
11241194
12050545
11029217
12468377
11027279
12121474
11265827
12085392
11103463
12229709
8349878
8841104
8377921
8939957
10986017
12047605
11138700
12117458
8287410
8843023
8519775
8899527
8617402
8354093
8727794
8863388
1590202
1466713
11207098
12512723
11060216
11989953
10222241
11001473
8328256
12022196
10914514
10980851
11985047
8431158
8488067
9156055
6953529
8981394
9979489
6953511
8378987
8841689
8498549
8585327
8837103
8847547
8466946
8908398
8635734
8724818
8428443
8824176
8335786
8411693
8850495
8881292
8292318
8889425
8416887
8850031
8586416
8802724
8417431
8458815
8897550
8834050
8447284
8863617
10965163
12068916
11003607
12076213
8365330
8766343
11030119
12052736
10926084
11959812
10966989
12513706
10980215
12218760
11083547
12152111
11191191
11964353
11342688
11955758
11006264
11930823
10969537
12018664
11091992
12003437
11114783
12046599
11223372
12071360
11045772
12168810
11072545
12025118
11006934
12074784
11027542
11048280
12060058
12103153
11118701
12092554
11017391
12078983
11089639
12054427
11145789
12165968
11507191
12032558
11051553
11997271
11062398
11975026
8400692
8667111
11017312
11997643
11118643
12065377
10973210
12054695
11251915
12187904
11153467
12199236
11029581
12050219
8333367
8933444
8487912
9219838
6852346
10012533
8777499
7101625
10177930
10983819
8357291
10998043
10092831
12205016
10946224
8483568
9247114
10161305
10195536
10972115
10226608
10952534
9170615
9909244
9205136
9896317
9264715
9215276
9938802
9919013
9224011
10121825
9290779
10359570
9343651
10002380
9236324
9977540
9195735
9925353
9199735
9936386
9205479
9841805
9191194
10010030
9238590
9931939
9215428
10020631
9211377
9927834
10175644
11238273
10139277
11051375
9211409
9825275
10174971
10994185
10097691
10941169
10168312
11052288
10212202
10967649
10181192
10973334
10196649
10876233
10116061
11231917
10329540
10949281
10739784
10891748
10173632
10941210
10150098
10887971
10157160
10965665
10217085
10950225
10088918
10833308
10233435
10969405
10138864
10996620
10439603
11161247
10152948
11126363
10084480
10965521
10243363
11004452
10254306
10947427
10209276
10974415
10215510
10960908
9217407
9965602
10096802
11293517
8626361
12012329
10910213
11099689
12098563
8440329
8301297
9199157
6890107
9980674
8815913
7060269
9224301
9861228
9304627
1469815
9225743
9953196
10030036
1350633
11236140
12202656
11325657
12075488
9306964
10009082
9287569
9998862
9254419
10127450
9217097
9986053
9286411
9929037
9267479
9996154
9359088
9972803
9336504
10023773
9413982
10194182
9334239
9937736
9346646
9908134
9295052
9873816
9253965
9907808
9229983
9141982
9962601
10039931
9255380
9979242
11055601
12095398
9207034
10118448
10271396
11215437
8401059
12391577
10995629
11009162
11948031
8400471
11087348
11973030
11105118
12014741
11069212
12055939
11078423
11963451
11079762
12183108
11397644
12026371
11006665
12034699
11001400
12142093
11054077
11971006
11026040
11925604
11024797
11958381
10968968
12038525
11031268
12099126
11071154
12252671
11071904
11076516
12024903
12016738
11067645
11955542
11061191
12146086
10986377
11953625
10973361
12047426
11129892
12090378
11058741
12041864
11217437
12095628
8324543
9178812
6887455
8853474
9914003
7088631
10993964
12221442
11080898
12010729
8495543
8832728
8339331
8756788
11003490
12049348
8569241
8799744
11251389
12003239
8347042
8751618
8371897
9204362
6898380
9993363
8787442
6990226
9182702
9931900
9144268
9943066
9219486
9944439
9238167
10176306
9265945
10049319
9309988
10481334
9274778
9936689
9212103
9941035
9251205
9997598
9191240
9965240
9222707
9253715
9885744
9977911
9227157
10000201
1481438
9279888
9350962
1411070
10076937
10071432
10461314
8330838
10978606
10992640
12052021
8411819
9138490
9913802
10981655
12052131
10981297
12068870
10984737
11987985
11181428
12088484
11152332
12039705
11252264
12009389
11070811
12039460
10984076
11963361
10900054
12074223
11026335
11986173
11209821
12011531
11092301
12171811
11090873
12059338
11074284
12210614
11026767
12007722
10969415
12029490
10998275
12041013
11073122
12020032
11015066
11931289
11025507
12262095
9376906
9916030
11113872
12047095
11457686
11954395
9209092
10010479
9326571
9286291
9962285
10312690
1486570
1443853
9441514
9333125
10002517
9989740
1468415
1408376
8386566
9313707
7095957
10109300
7095341
8850549
11201925
13028789
11299836
12408046
11028717
11950422
10926451
11984877
9197474
10115832
9206378
10042166
9169993
9207497
9967868
9997960
9345874
9958703
9203878
9928604
9423420
9930152
9328319
9917944
9360112
9907734
10238894
10979698
8351654
11994186
10967189
8437603
9213560
9958620
11045807
12007136
9373535
9915173
9286013
10051300
9229488
9933610
11061133
12051504
10922066
12036725
9195772
9983329
11312189
12307977
11162780
12380650
11158157
12128753
11166542
11958599
10960848
12296483
11001450
11937968
10916289
12031952
10874270
11981594
11130877
12050995
10940309
12085688
11006923
12125365
11031743
11952389
11067372
11968846
11316080
12106377
11103599
12109116
11045821
12094460
11030636
12039274
9208328
9920485
11122020
12172390
11051569
12024004
11033115
11859419
11538062
12227927
10971846
12041566
10995802
12019642
11025668
11963872
10993789
12008574
8346265
9281967
6919598
10126550
8821827
7028620
9236254
9909163
10198996
11070122
8562012
12020595
10952262
11065081
12059275
8443142
9287502
9915213
11031229
12040898
11134084
12136448
9194189
9965673
9191157
10036867
9214945
10028899
9205872
10181923
9194046
9944881
9226114
9978945
9317056
9869953
9272406
9172715
10074626
9991999
9538670
9961353
9342552
9978666
9251469
9246066
9960515
9972369
9198976
10222709
11005118
12028244
11188059
12057984
9406014
9917200
8451533
9317845
6976320
9389751
8877292
9963783
10033820
1464452
7087406
1386263
9292764
9221118
11038563
11999978
11347018
12041890
11027313
12103751
11059031
12009433
11053618
12014876
10997714
12141315
9895066
9919595
1472481
1446638
11208836
12030826
11010634
12520566
9209508
10165346
11077374
12097418
10983260
11974537
9199853
9908736
11075973
11925927
11128508
12193691
11025051
12035848
11032563
11988943
10974087
12090220
11344198
12108239
9353677
9942385
10977460
11970153
11031282
11958153
11128242
12084004
11063460
12063271
11148933
12188933
10980727
12059825
10209263
11195838
8322098
10985950
12061701
10169327
11045522
8467553
9222931
10054756
9285401
9994164
10229007
10898150
10092017
10977068
9225400
9942935
8345662
9464318
6884544
9028291
9906674
7036579
8421999
8331338
8840168
8764674
8411991
8835617
8319275
8845094
8350787
8837140
8432964
8862857
8408098
8817751
8430513
8762024
8401473
8260975
8794816
8900353
8599494
8927430
10084802
10967547
10190284
10987121
8315715
8814379
10197011
11148181
8311678
11026417
11905816
10265468
10918521
8478560
10753376
10976576
10084493
11180599
10198990
10988686
10229919
10889965
10197787
10950135
10261712
11040710
10184614
11000672
10241766
10954726
10144864
10874640
8551483
8791315
10204577
10852540
10367936
10103268
10995790
10896444
10172795
10965423
10224900
11073768
10197974
10958928
10221456
10943952
10124584
10855959
10118850
10910342
10184471
10950836
10377997
11019754
10121264
10967377
10153623
10980425
10355656
11062404
10166631
10980853
8360868
8793799
8345339
8862926
10201299
10985551
10193714
10913611
10116597
11235560
8393279
9240380
7020644
9945149
8787211
7085410
10277422
10989629
10450573
10991617
9233068
9941877
9237415
9876504
9235914
9889563
9179649
9289131
9956705
10155521
9374568
9916273
9358237
9913683
9257316
9898212
9348431
9993638
9248651
10031960
9170234
9984446
9158832
9307762
9774065
10561116
9294720
10008956
10086381
11244011
8406623
12011103
10880422
11016627
12056027
8644845
9273966
10001948
11154633
12251571
1563579
9230776
10054188
1364537
11169552
12008643
11093937
11917519
11160417
12353014
11027147
11953325
11087141
11991056
11098116
12133166
11095776
11963292
10963742
12022351
11055116
12004570
11073868
11908287
11082207
12020122
11267200
12091191
11081623
12053949
11164616
12181983
9435182
9843602
10986144
11062651
11925623
11981033
11031228
12002847
11000032
12159778
10998320
12356860
11027720
12020767
11034215
12293021
11108575
12204480
11105173
12177451
11220224
12001801
10996864
12011613
11214842
12030751
11205176
12069112
11203277
12056171
11077633
12110295
8474281
9498278
6882865
10018594
9155308
7032040
9227004
9266726
10036541
9898101
9792394
9920295
9337785
9993342
9238834
10197173
9239785
10081897
9556350
9914819
9352255
10144935
9372815
10007787
9428960
1468439
9236065
9938895
9951092
1380596
9260235
9925740
9255874
9909371
9345190
9918072
11027595
12320088
11030475
12063173
9299943
10044799
10184135
11108280
8290854
11910377
10922047
11052813
11964615
8457951
9277141
9941001
9278384
9208956
9918821
9948708
9703525
9867725
9404823
10198280
11255210
12145136
9457792
9961827
9339385
9931650
9309720
9966260
9206314
10018476
9202764
10060492
11067021
12127886
9338849
10182860
9316741
9913527
9394440
9974885
9382662
10044571
11158814
12171517
11031379
12047855
9244838
9931991
11107360
11925739
11141939
12039355
11052176
12301164
10952286
11977319
11274595
12144884
11104113
12015793
11075576
12005464
11073966
11961758
11561536
12038257
11075456
12048882
11070088
12047716
11235404
11948978
8397488
9310436
6992084
8847134
9962184
7074264
11079615
11989900
11102343
11040002
12006696
12043414
11053197
12050690
11235005
12004330
11299136
11976280
11177905
12153162
11065784
11999316
11015054
11985133
11049918
11992730
8341907
8394716
8779927
8793563
1537339
1435884
10977306
12059393
11215608
12299394
11386156
12246995
11139727
12115213
8413199
8804286
8361246
8827530
10200270
11057205
8327741
10990304
10095132
12077461
10971110
8410365
8410235
8819297
10198169
11223642
10298849
